CRITICAL - 2022-05-25 03:11:43 --> Call to undefined method App\Models\Equipas::atualizar_numero_juniores
#0 C:\xampp\htdocs\Pap\app\Controllers\Main.php(91): CodeIgniter\Model->__call('atualizar_numer...', Array)
#1 C:\xampp\htdocs\Pap\system\CodeIgniter.php(832): App\Controllers\Main->juniores()
#2 C:\xampp\htdocs\Pap\system\CodeIgniter.php(419): CodeIgniter\CodeIgniter->runController(Object(App\Controllers\Main))
#3 C:\xampp\htdocs\Pap\system\CodeIgniter.php(326): CodeIgniter\CodeIgniter->handleRequest(NULL, Object(Config\Cache), false)
#4 C:\xampp\htdocs\Pap\public\index.php(37): CodeIgniter\CodeIgniter->run()
#5 C:\xampp\htdocs\Pap\system\Commands\Server\rewrite.php(43): require_once('C:\\xampp\\htdocs...')
#6 {main}
CRITICAL - 2022-05-25 03:49:41 --> Call to undefined method App\Models\Equipas::atualiza_numero_vitorias_seniores
#0 C:\xampp\htdocs\Pap\app\Controllers\Main.php(66): CodeIgniter\Model->__call('atualiza_numero...', Array)
#1 C:\xampp\htdocs\Pap\system\CodeIgniter.php(832): App\Controllers\Main->seniores()
#2 C:\xampp\htdocs\Pap\system\CodeIgniter.php(419): CodeIgniter\CodeIgniter->runController(Object(App\Controllers\Main))
#3 C:\xampp\htdocs\Pap\system\CodeIgniter.php(326): CodeIgniter\CodeIgniter->handleRequest(NULL, Object(Config\Cache), false)
#4 C:\xampp\htdocs\Pap\public\index.php(37): CodeIgniter\CodeIgniter->run()
#5 C:\xampp\htdocs\Pap\system\Commands\Server\rewrite.php(43): require_once('C:\\xampp\\htdocs...')
#6 {main}
CRITICAL - 2022-05-25 03:49:53 --> Call to undefined method App\Models\Equipas::atualiza_numero_vitorias_seniores
#0 C:\xampp\htdocs\Pap\app\Controllers\Main.php(66): CodeIgniter\Model->__call('atualiza_numero...', Array)
#1 C:\xampp\htdocs\Pap\system\CodeIgniter.php(832): App\Controllers\Main->seniores()
#2 C:\xampp\htdocs\Pap\system\CodeIgniter.php(419): CodeIgniter\CodeIgniter->runController(Object(App\Controllers\Main))
#3 C:\xampp\htdocs\Pap\system\CodeIgniter.php(326): CodeIgniter\CodeIgniter->handleRequest(NULL, Object(Config\Cache), false)
#4 C:\xampp\htdocs\Pap\public\index.php(37): CodeIgniter\CodeIgniter->run()
#5 C:\xampp\htdocs\Pap\system\Commands\Server\rewrite.php(43): require_once('C:\\xampp\\htdocs...')
#6 {main}
CRITICAL - 2022-05-25 05:02:45 --> Undefined property: mysqli::$nome_equipa
#0 C:\xampp\htdocs\Pap\app\Views\Pages\inicio.php(110): CodeIgniter\Debug\Exceptions->errorHandler(2, 'Undefined prope...', 'C:\\xampp\\htdocs...', 110)
#1 C:\xampp\htdocs\Pap\system\View\View.php(210): include('C:\\xampp\\htdocs...')
#2 C:\xampp\htdocs\Pap\system\View\View.php(213): CodeIgniter\View\View->CodeIgniter\View\{closure}()
#3 C:\xampp\htdocs\Pap\system\Common.php(1089): CodeIgniter\View\View->render('Pages/inicio', Array, true)
#4 C:\xampp\htdocs\Pap\app\Controllers\Main.php(24): view('Pages/inicio', Array)
#5 C:\xampp\htdocs\Pap\system\CodeIgniter.php(832): App\Controllers\Main->index()
#6 C:\xampp\htdocs\Pap\system\CodeIgniter.php(419): CodeIgniter\CodeIgniter->runController(Object(App\Controllers\Main))
#7 C:\xampp\htdocs\Pap\system\CodeIgniter.php(326): CodeIgniter\CodeIgniter->handleRequest(NULL, Object(Config\Cache), false)
#8 C:\xampp\htdocs\Pap\public\index.php(37): CodeIgniter\CodeIgniter->run()
#9 C:\xampp\htdocs\Pap\system\Commands\Server\rewrite.php(43): require_once('C:\\xampp\\htdocs...')
#10 {main}
CRITICAL - 2022-05-25 05:03:23 --> Undefined property: mysqli::$nome_equipa
#0 C:\xampp\htdocs\Pap\app\Views\Pages\inicio.php(110): CodeIgniter\Debug\Exceptions->errorHandler(2, 'Undefined prope...', 'C:\\xampp\\htdocs...', 110)
#1 C:\xampp\htdocs\Pap\system\View\View.php(210): include('C:\\xampp\\htdocs...')
#2 C:\xampp\htdocs\Pap\system\View\View.php(213): CodeIgniter\View\View->CodeIgniter\View\{closure}()
#3 C:\xampp\htdocs\Pap\system\Common.php(1089): CodeIgniter\View\View->render('Pages/inicio', Array, true)
#4 C:\xampp\htdocs\Pap\app\Controllers\Main.php(24): view('Pages/inicio', Array)
#5 C:\xampp\htdocs\Pap\system\CodeIgniter.php(832): App\Controllers\Main->index()
#6 C:\xampp\htdocs\Pap\system\CodeIgniter.php(419): CodeIgniter\CodeIgniter->runController(Object(App\Controllers\Main))
#7 C:\xampp\htdocs\Pap\system\CodeIgniter.php(326): CodeIgniter\CodeIgniter->handleRequest(NULL, Object(Config\Cache), false)
#8 C:\xampp\htdocs\Pap\public\index.php(37): CodeIgniter\CodeIgniter->run()
#9 C:\xampp\htdocs\Pap\system\Commands\Server\rewrite.php(43): require_once('C:\\xampp\\htdocs...')
#10 {main}
CRITICAL - 2022-05-25 05:04:04 --> Undefined property: mysqli::$nome_equipa
#0 C:\xampp\htdocs\Pap\app\Views\Pages\inicio.php(110): CodeIgniter\Debug\Exceptions->errorHandler(2, 'Undefined prope...', 'C:\\xampp\\htdocs...', 110)
#1 C:\xampp\htdocs\Pap\system\View\View.php(210): include('C:\\xampp\\htdocs...')
#2 C:\xampp\htdocs\Pap\system\View\View.php(213): CodeIgniter\View\View->CodeIgniter\View\{closure}()
#3 C:\xampp\htdocs\Pap\system\Common.php(1089): CodeIgniter\View\View->render('Pages/inicio', Array, true)
#4 C:\xampp\htdocs\Pap\app\Controllers\Main.php(24): view('Pages/inicio', Array)
#5 C:\xampp\htdocs\Pap\system\CodeIgniter.php(832): App\Controllers\Main->index()
#6 C:\xampp\htdocs\Pap\system\CodeIgniter.php(419): CodeIgniter\CodeIgniter->runController(Object(App\Controllers\Main))
#7 C:\xampp\htdocs\Pap\system\CodeIgniter.php(326): CodeIgniter\CodeIgniter->handleRequest(NULL, Object(Config\Cache), false)
#8 C:\xampp\htdocs\Pap\public\index.php(37): CodeIgniter\CodeIgniter->run()
#9 C:\xampp\htdocs\Pap\system\Commands\Server\rewrite.php(43): require_once('C:\\xampp\\htdocs...')
#10 {main}
CRITICAL - 2022-05-25 05:04:25 --> Undefined property: mysqli::$nome_equipa
#0 C:\xampp\htdocs\Pap\app\Views\Pages\inicio.php(110): CodeIgniter\Debug\Exceptions->errorHandler(2, 'Undefined prope...', 'C:\\xampp\\htdocs...', 110)
#1 C:\xampp\htdocs\Pap\system\View\View.php(210): include('C:\\xampp\\htdocs...')
#2 C:\xampp\htdocs\Pap\system\View\View.php(213): CodeIgniter\View\View->CodeIgniter\View\{closure}()
#3 C:\xampp\htdocs\Pap\system\Common.php(1089): CodeIgniter\View\View->render('Pages/inicio', Array, true)
#4 C:\xampp\htdocs\Pap\app\Controllers\Main.php(24): view('Pages/inicio', Array)
#5 C:\xampp\htdocs\Pap\system\CodeIgniter.php(832): App\Controllers\Main->index()
#6 C:\xampp\htdocs\Pap\system\CodeIgniter.php(419): CodeIgniter\CodeIgniter->runController(Object(App\Controllers\Main))
#7 C:\xampp\htdocs\Pap\system\CodeIgniter.php(326): CodeIgniter\CodeIgniter->handleRequest(NULL, Object(Config\Cache), false)
#8 C:\xampp\htdocs\Pap\public\index.php(37): CodeIgniter\CodeIgniter->run()
#9 C:\xampp\htdocs\Pap\system\Commands\Server\rewrite.php(43): require_once('C:\\xampp\\htdocs...')
#10 {main}
CRITICAL - 2022-05-25 05:05:32 --> Undefined property: mysqli::$nome_equipa
#0 C:\xampp\htdocs\Pap\app\Views\Pages\inicio.php(110): CodeIgniter\Debug\Exceptions->errorHandler(2, 'Undefined prope...', 'C:\\xampp\\htdocs...', 110)
#1 C:\xampp\htdocs\Pap\system\View\View.php(210): include('C:\\xampp\\htdocs...')
#2 C:\xampp\htdocs\Pap\system\View\View.php(213): CodeIgniter\View\View->CodeIgniter\View\{closure}()
#3 C:\xampp\htdocs\Pap\system\Common.php(1089): CodeIgniter\View\View->render('Pages/inicio', Array, true)
#4 C:\xampp\htdocs\Pap\app\Controllers\Main.php(24): view('Pages/inicio', Array)
#5 C:\xampp\htdocs\Pap\system\CodeIgniter.php(832): App\Controllers\Main->index()
#6 C:\xampp\htdocs\Pap\system\CodeIgniter.php(419): CodeIgniter\CodeIgniter->runController(Object(App\Controllers\Main))
#7 C:\xampp\htdocs\Pap\system\CodeIgniter.php(326): CodeIgniter\CodeIgniter->handleRequest(NULL, Object(Config\Cache), false)
#8 C:\xampp\htdocs\Pap\public\index.php(37): CodeIgniter\CodeIgniter->run()
#9 C:\xampp\htdocs\Pap\system\Commands\Server\rewrite.php(43): require_once('C:\\xampp\\htdocs...')
#10 {main}
CRITICAL - 2022-05-25 05:05:37 --> Undefined property: mysqli::$nome_equipa
#0 C:\xampp\htdocs\Pap\app\Views\Pages\inicio.php(110): CodeIgniter\Debug\Exceptions->errorHandler(2, 'Undefined prope...', 'C:\\xampp\\htdocs...', 110)
#1 C:\xampp\htdocs\Pap\system\View\View.php(210): include('C:\\xampp\\htdocs...')
#2 C:\xampp\htdocs\Pap\system\View\View.php(213): CodeIgniter\View\View->CodeIgniter\View\{closure}()
#3 C:\xampp\htdocs\Pap\system\Common.php(1089): CodeIgniter\View\View->render('Pages/inicio', Array, true)
#4 C:\xampp\htdocs\Pap\app\Controllers\Main.php(24): view('Pages/inicio', Array)
#5 C:\xampp\htdocs\Pap\system\CodeIgniter.php(832): App\Controllers\Main->index()
#6 C:\xampp\htdocs\Pap\system\CodeIgniter.php(419): CodeIgniter\CodeIgniter->runController(Object(App\Controllers\Main))
#7 C:\xampp\htdocs\Pap\system\CodeIgniter.php(326): CodeIgniter\CodeIgniter->handleRequest(NULL, Object(Config\Cache), false)
#8 C:\xampp\htdocs\Pap\public\index.php(37): CodeIgniter\CodeIgniter->run()
#9 C:\xampp\htdocs\Pap\system\Commands\Server\rewrite.php(43): require_once('C:\\xampp\\htdocs...')
#10 {main}
CRITICAL - 2022-05-25 05:05:39 --> Undefined property: mysqli::$nome_escalao
#0 C:\xampp\htdocs\Pap\app\Views\Pages\inicio.php(111): CodeIgniter\Debug\Exceptions->errorHandler(2, 'Undefined prope...', 'C:\\xampp\\htdocs...', 111)
#1 C:\xampp\htdocs\Pap\system\View\View.php(210): include('C:\\xampp\\htdocs...')
#2 C:\xampp\htdocs\Pap\system\View\View.php(213): CodeIgniter\View\View->CodeIgniter\View\{closure}()
#3 C:\xampp\htdocs\Pap\system\Common.php(1089): CodeIgniter\View\View->render('Pages/inicio', Array, true)
#4 C:\xampp\htdocs\Pap\app\Controllers\Main.php(24): view('Pages/inicio', Array)
#5 C:\xampp\htdocs\Pap\system\CodeIgniter.php(832): App\Controllers\Main->index()
#6 C:\xampp\htdocs\Pap\system\CodeIgniter.php(419): CodeIgniter\CodeIgniter->runController(Object(App\Controllers\Main))
#7 C:\xampp\htdocs\Pap\system\CodeIgniter.php(326): CodeIgniter\CodeIgniter->handleRequest(NULL, Object(Config\Cache), false)
#8 C:\xampp\htdocs\Pap\public\index.php(37): CodeIgniter\CodeIgniter->run()
#9 C:\xampp\htdocs\Pap\system\Commands\Server\rewrite.php(43): require_once('C:\\xampp\\htdocs...')
#10 {main}
CRITICAL - 2022-05-25 05:05:40 --> Undefined property: mysqli::$nome_escalao
#0 C:\xampp\htdocs\Pap\app\Views\Pages\inicio.php(111): CodeIgniter\Debug\Exceptions->errorHandler(2, 'Undefined prope...', 'C:\\xampp\\htdocs...', 111)
#1 C:\xampp\htdocs\Pap\system\View\View.php(210): include('C:\\xampp\\htdocs...')
#2 C:\xampp\htdocs\Pap\system\View\View.php(213): CodeIgniter\View\View->CodeIgniter\View\{closure}()
#3 C:\xampp\htdocs\Pap\system\Common.php(1089): CodeIgniter\View\View->render('Pages/inicio', Array, true)
#4 C:\xampp\htdocs\Pap\app\Controllers\Main.php(24): view('Pages/inicio', Array)
#5 C:\xampp\htdocs\Pap\system\CodeIgniter.php(832): App\Controllers\Main->index()
#6 C:\xampp\htdocs\Pap\system\CodeIgniter.php(419): CodeIgniter\CodeIgniter->runController(Object(App\Controllers\Main))
#7 C:\xampp\htdocs\Pap\system\CodeIgniter.php(326): CodeIgniter\CodeIgniter->handleRequest(NULL, Object(Config\Cache), false)
#8 C:\xampp\htdocs\Pap\public\index.php(37): CodeIgniter\CodeIgniter->run()
#9 C:\xampp\htdocs\Pap\system\Commands\Server\rewrite.php(43): require_once('C:\\xampp\\htdocs...')
#10 {main}
CRITICAL - 2022-05-25 05:06:15 --> Undefined property: mysqli::$nome_escalao
#0 C:\xampp\htdocs\Pap\app\Views\Pages\inicio.php(111): CodeIgniter\Debug\Exceptions->errorHandler(2, 'Undefined prope...', 'C:\\xampp\\htdocs...', 111)
#1 C:\xampp\htdocs\Pap\system\View\View.php(210): include('C:\\xampp\\htdocs...')
#2 C:\xampp\htdocs\Pap\system\View\View.php(213): CodeIgniter\View\View->CodeIgniter\View\{closure}()
#3 C:\xampp\htdocs\Pap\system\Common.php(1089): CodeIgniter\View\View->render('Pages/inicio', Array, true)
#4 C:\xampp\htdocs\Pap\app\Controllers\Main.php(24): view('Pages/inicio', Array)
#5 C:\xampp\htdocs\Pap\system\CodeIgniter.php(832): App\Controllers\Main->index()
#6 C:\xampp\htdocs\Pap\system\CodeIgniter.php(419): CodeIgniter\CodeIgniter->runController(Object(App\Controllers\Main))
#7 C:\xampp\htdocs\Pap\system\CodeIgniter.php(326): CodeIgniter\CodeIgniter->handleRequest(NULL, Object(Config\Cache), false)
#8 C:\xampp\htdocs\Pap\public\index.php(37): CodeIgniter\CodeIgniter->run()
#9 C:\xampp\htdocs\Pap\system\Commands\Server\rewrite.php(43): require_once('C:\\xampp\\htdocs...')
#10 {main}
CRITICAL - 2022-05-25 05:06:18 --> Undefined property: mysqli::$nome_escalao
#0 C:\xampp\htdocs\Pap\app\Views\Pages\inicio.php(111): CodeIgniter\Debug\Exceptions->errorHandler(2, 'Undefined prope...', 'C:\\xampp\\htdocs...', 111)
#1 C:\xampp\htdocs\Pap\system\View\View.php(210): include('C:\\xampp\\htdocs...')
#2 C:\xampp\htdocs\Pap\system\View\View.php(213): CodeIgniter\View\View->CodeIgniter\View\{closure}()
#3 C:\xampp\htdocs\Pap\system\Common.php(1089): CodeIgniter\View\View->render('Pages/inicio', Array, true)
#4 C:\xampp\htdocs\Pap\app\Controllers\Main.php(24): view('Pages/inicio', Array)
#5 C:\xampp\htdocs\Pap\system\CodeIgniter.php(832): App\Controllers\Main->index()
#6 C:\xampp\htdocs\Pap\system\CodeIgniter.php(419): CodeIgniter\CodeIgniter->runController(Object(App\Controllers\Main))
#7 C:\xampp\htdocs\Pap\system\CodeIgniter.php(326): CodeIgniter\CodeIgniter->handleRequest(NULL, Object(Config\Cache), false)
#8 C:\xampp\htdocs\Pap\public\index.php(37): CodeIgniter\CodeIgniter->run()
#9 C:\xampp\htdocs\Pap\system\Commands\Server\rewrite.php(43): require_once('C:\\xampp\\htdocs...')
#10 {main}
CRITICAL - 2022-05-25 05:07:51 --> foreach() argument must be of type array|object, null given
#0 C:\xampp\htdocs\Pap\app\Views\Pages\inicio.php(108): CodeIgniter\Debug\Exceptions->errorHandler(2, 'foreach() argum...', 'C:\\xampp\\htdocs...', 108)
#1 C:\xampp\htdocs\Pap\system\View\View.php(210): include('C:\\xampp\\htdocs...')
#2 C:\xampp\htdocs\Pap\system\View\View.php(213): CodeIgniter\View\View->CodeIgniter\View\{closure}()
#3 C:\xampp\htdocs\Pap\system\Common.php(1089): CodeIgniter\View\View->render('Pages/inicio', Array, true)
#4 C:\xampp\htdocs\Pap\app\Controllers\Main.php(24): view('Pages/inicio', Array)
#5 C:\xampp\htdocs\Pap\system\CodeIgniter.php(832): App\Controllers\Main->index()
#6 C:\xampp\htdocs\Pap\system\CodeIgniter.php(419): CodeIgniter\CodeIgniter->runController(Object(App\Controllers\Main))
#7 C:\xampp\htdocs\Pap\system\CodeIgniter.php(326): CodeIgniter\CodeIgniter->handleRequest(NULL, Object(Config\Cache), false)
#8 C:\xampp\htdocs\Pap\public\index.php(37): CodeIgniter\CodeIgniter->run()
#9 C:\xampp\htdocs\Pap\system\Commands\Server\rewrite.php(43): require_once('C:\\xampp\\htdocs...')
#10 {main}
CRITICAL - 2022-05-25 05:08:10 --> Undefined property: stdClass::$nome_escalao
#0 C:\xampp\htdocs\Pap\app\Views\Pages\inicio.php(111): CodeIgniter\Debug\Exceptions->errorHandler(2, 'Undefined prope...', 'C:\\xampp\\htdocs...', 111)
#1 C:\xampp\htdocs\Pap\system\View\View.php(210): include('C:\\xampp\\htdocs...')
#2 C:\xampp\htdocs\Pap\system\View\View.php(213): CodeIgniter\View\View->CodeIgniter\View\{closure}()
#3 C:\xampp\htdocs\Pap\system\Common.php(1089): CodeIgniter\View\View->render('Pages/inicio', Array, true)
#4 C:\xampp\htdocs\Pap\app\Controllers\Main.php(24): view('Pages/inicio', Array)
#5 C:\xampp\htdocs\Pap\system\CodeIgniter.php(832): App\Controllers\Main->index()
#6 C:\xampp\htdocs\Pap\system\CodeIgniter.php(419): CodeIgniter\CodeIgniter->runController(Object(App\Controllers\Main))
#7 C:\xampp\htdocs\Pap\system\CodeIgniter.php(326): CodeIgniter\CodeIgniter->handleRequest(NULL, Object(Config\Cache), false)
#8 C:\xampp\htdocs\Pap\public\index.php(37): CodeIgniter\CodeIgniter->run()
#9 C:\xampp\htdocs\Pap\system\Commands\Server\rewrite.php(43): require_once('C:\\xampp\\htdocs...')
#10 {main}
CRITICAL - 2022-05-25 05:08:12 --> Undefined property: stdClass::$nome_escalao
#0 C:\xampp\htdocs\Pap\app\Views\Pages\inicio.php(111): CodeIgniter\Debug\Exceptions->errorHandler(2, 'Undefined prope...', 'C:\\xampp\\htdocs...', 111)
#1 C:\xampp\htdocs\Pap\system\View\View.php(210): include('C:\\xampp\\htdocs...')
#2 C:\xampp\htdocs\Pap\system\View\View.php(213): CodeIgniter\View\View->CodeIgniter\View\{closure}()
#3 C:\xampp\htdocs\Pap\system\Common.php(1089): CodeIgniter\View\View->render('Pages/inicio', Array, true)
#4 C:\xampp\htdocs\Pap\app\Controllers\Main.php(24): view('Pages/inicio', Array)
#5 C:\xampp\htdocs\Pap\system\CodeIgniter.php(832): App\Controllers\Main->index()
#6 C:\xampp\htdocs\Pap\system\CodeIgniter.php(419): CodeIgniter\CodeIgniter->runController(Object(App\Controllers\Main))
#7 C:\xampp\htdocs\Pap\system\CodeIgniter.php(326): CodeIgniter\CodeIgniter->handleRequest(NULL, Object(Config\Cache), false)
#8 C:\xampp\htdocs\Pap\public\index.php(37): CodeIgniter\CodeIgniter->run()
#9 C:\xampp\htdocs\Pap\system\Commands\Server\rewrite.php(43): require_once('C:\\xampp\\htdocs...')
#10 {main}
CRITICAL - 2022-05-25 05:08:14 --> Undefined property: stdClass::$nome_escalao
#0 C:\xampp\htdocs\Pap\app\Views\Pages\inicio.php(111): CodeIgniter\Debug\Exceptions->errorHandler(2, 'Undefined prope...', 'C:\\xampp\\htdocs...', 111)
#1 C:\xampp\htdocs\Pap\system\View\View.php(210): include('C:\\xampp\\htdocs...')
#2 C:\xampp\htdocs\Pap\system\View\View.php(213): CodeIgniter\View\View->CodeIgniter\View\{closure}()
#3 C:\xampp\htdocs\Pap\system\Common.php(1089): CodeIgniter\View\View->render('Pages/inicio', Array, true)
#4 C:\xampp\htdocs\Pap\app\Controllers\Main.php(24): view('Pages/inicio', Array)
#5 C:\xampp\htdocs\Pap\system\CodeIgniter.php(832): App\Controllers\Main->index()
#6 C:\xampp\htdocs\Pap\system\CodeIgniter.php(419): CodeIgniter\CodeIgniter->runController(Object(App\Controllers\Main))
#7 C:\xampp\htdocs\Pap\system\CodeIgniter.php(326): CodeIgniter\CodeIgniter->handleRequest(NULL, Object(Config\Cache), false)
#8 C:\xampp\htdocs\Pap\public\index.php(37): CodeIgniter\CodeIgniter->run()
#9 C:\xampp\htdocs\Pap\system\Commands\Server\rewrite.php(43): require_once('C:\\xampp\\htdocs...')
#10 {main}
