ERROR - 2022-05-21 05:24:02 --> Error connecting to the database: Access denied for user ''@'localhost' (using password: NO)
CRITICAL - 2022-05-21 05:24:02 --> Unable to connect to the database.
Main connection [MySQLi]: Access denied for user ''@'localhost' (using password: NO)
#0 C:\xampp\htdocs\Pap\system\Database\BaseConnection.php(577): CodeIgniter\Database\BaseConnection->initialize()
#1 C:\xampp\htdocs\Pap\app\Models\Jogos.php(28): CodeIgniter\Database\BaseConnection->query('select j.id_jog...')
#2 C:\xampp\htdocs\Pap\app\Controllers\Main.php(16): App\Models\Jogos->mostrar_jogos_mais_recentes()
#3 C:\xampp\htdocs\Pap\system\CodeIgniter.php(832): App\Controllers\Main->index()
#4 C:\xampp\htdocs\Pap\system\CodeIgniter.php(419): CodeIgniter\CodeIgniter->runController(Object(App\Controllers\Main))
#5 C:\xampp\htdocs\Pap\system\CodeIgniter.php(326): CodeIgniter\CodeIgniter->handleRequest(NULL, Object(Config\Cache), false)
#6 C:\xampp\htdocs\Pap\public\index.php(37): CodeIgniter\CodeIgniter->run()
#7 C:\xampp\htdocs\Pap\system\Commands\Server\rewrite.php(43): require_once('C:\\xampp\\htdocs...')
#8 {main}
ERROR - 2022-05-21 05:24:41 --> Error connecting to the database: Access denied for user ''@'localhost' (using password: NO)
CRITICAL - 2022-05-21 05:24:41 --> Unable to connect to the database.
Main connection [MySQLi]: Access denied for user ''@'localhost' (using password: NO)
#0 C:\xampp\htdocs\Pap\system\Database\BaseConnection.php(577): CodeIgniter\Database\BaseConnection->initialize()
#1 C:\xampp\htdocs\Pap\app\Models\Jogos.php(28): CodeIgniter\Database\BaseConnection->query('select j.id_jog...')
#2 C:\xampp\htdocs\Pap\app\Controllers\Main.php(16): App\Models\Jogos->mostrar_jogos_mais_recentes()
#3 C:\xampp\htdocs\Pap\system\CodeIgniter.php(832): App\Controllers\Main->index()
#4 C:\xampp\htdocs\Pap\system\CodeIgniter.php(419): CodeIgniter\CodeIgniter->runController(Object(App\Controllers\Main))
#5 C:\xampp\htdocs\Pap\system\CodeIgniter.php(326): CodeIgniter\CodeIgniter->handleRequest(NULL, Object(Config\Cache), false)
#6 C:\xampp\htdocs\Pap\public\index.php(37): CodeIgniter\CodeIgniter->run()
#7 C:\xampp\htdocs\Pap\system\Commands\Server\rewrite.php(43): require_once('C:\\xampp\\htdocs...')
#8 {main}
ERROR - 2022-05-21 05:24:41 --> Error connecting to the database: Access denied for user ''@'localhost' (using password: NO)
CRITICAL - 2022-05-21 05:24:41 --> Unable to connect to the database.
Main connection [MySQLi]: Access denied for user ''@'localhost' (using password: NO)
#0 C:\xampp\htdocs\Pap\system\Database\BaseConnection.php(577): CodeIgniter\Database\BaseConnection->initialize()
#1 C:\xampp\htdocs\Pap\app\Models\Jogos.php(28): CodeIgniter\Database\BaseConnection->query('select j.id_jog...')
#2 C:\xampp\htdocs\Pap\app\Controllers\Main.php(16): App\Models\Jogos->mostrar_jogos_mais_recentes()
#3 C:\xampp\htdocs\Pap\system\CodeIgniter.php(832): App\Controllers\Main->index()
#4 C:\xampp\htdocs\Pap\system\CodeIgniter.php(419): CodeIgniter\CodeIgniter->runController(Object(App\Controllers\Main))
#5 C:\xampp\htdocs\Pap\system\CodeIgniter.php(326): CodeIgniter\CodeIgniter->handleRequest(NULL, Object(Config\Cache), false)
#6 C:\xampp\htdocs\Pap\public\index.php(37): CodeIgniter\CodeIgniter->run()
#7 C:\xampp\htdocs\Pap\system\Commands\Server\rewrite.php(43): require_once('C:\\xampp\\htdocs...')
#8 {main}
ERROR - 2022-05-21 05:27:34 --> Error connecting to the database: Access denied for user ''@'localhost' (using password: NO)
CRITICAL - 2022-05-21 05:27:34 --> Unable to connect to the database.
Main connection [MySQLi]: Access denied for user ''@'localhost' (using password: NO)
#0 C:\xampp\htdocs\Pap\system\Database\BaseConnection.php(577): CodeIgniter\Database\BaseConnection->initialize()
#1 C:\xampp\htdocs\Pap\app\Models\Jogos.php(28): CodeIgniter\Database\BaseConnection->query('select j.id_jog...')
#2 C:\xampp\htdocs\Pap\app\Controllers\Main.php(16): App\Models\Jogos->mostrar_jogos_mais_recentes()
#3 C:\xampp\htdocs\Pap\system\CodeIgniter.php(832): App\Controllers\Main->index()
#4 C:\xampp\htdocs\Pap\system\CodeIgniter.php(419): CodeIgniter\CodeIgniter->runController(Object(App\Controllers\Main))
#5 C:\xampp\htdocs\Pap\system\CodeIgniter.php(326): CodeIgniter\CodeIgniter->handleRequest(NULL, Object(Config\Cache), false)
#6 C:\xampp\htdocs\Pap\public\index.php(37): CodeIgniter\CodeIgniter->run()
#7 C:\xampp\htdocs\Pap\system\Commands\Server\rewrite.php(43): require_once('C:\\xampp\\htdocs...')
#8 {main}
