CRITICAL - 2022-06-02 03:12:51 --> Undefined variable $routex
#0 C:\Users\Administrador\Documents\Projeto_PAP\app\Config\Routes.php(55): CodeIgniter\Debug\Exceptions->errorHandler(2, 'Undefined varia...', 'C:\\Users\\Admini...', 55)
#1 C:\Users\Administrador\Documents\Projeto_PAP\system\CodeIgniter.php(713): require('C:\\Users\\Admini...')
#2 C:\Users\Administrador\Documents\Projeto_PAP\system\CodeIgniter.php(368): CodeIgniter\CodeIgniter->tryToRouteIt(Object(CodeIgniter\Router\RouteCollection))
#3 C:\Users\Administrador\Documents\Projeto_PAP\system\CodeIgniter.php(326): CodeIgniter\CodeIgniter->handleRequest(NULL, Object(Config\Cache), false)
#4 C:\Users\Administrador\Documents\Projeto_PAP\public\index.php(37): CodeIgniter\CodeIgniter->run()
#5 C:\Users\Administrador\Documents\Projeto_PAP\system\Commands\Server\rewrite.php(43): require_once('C:\\Users\\Admini...')
#6 {main}
CRITICAL - 2022-06-02 03:12:59 --> Undefined variable $routex
#0 C:\Users\Administrador\Documents\Projeto_PAP\app\Config\Routes.php(55): CodeIgniter\Debug\Exceptions->errorHandler(2, 'Undefined varia...', 'C:\\Users\\Admini...', 55)
#1 C:\Users\Administrador\Documents\Projeto_PAP\system\CodeIgniter.php(713): require('C:\\Users\\Admini...')
#2 C:\Users\Administrador\Documents\Projeto_PAP\system\CodeIgniter.php(368): CodeIgniter\CodeIgniter->tryToRouteIt(Object(CodeIgniter\Router\RouteCollection))
#3 C:\Users\Administrador\Documents\Projeto_PAP\system\CodeIgniter.php(326): CodeIgniter\CodeIgniter->handleRequest(NULL, Object(Config\Cache), false)
#4 C:\Users\Administrador\Documents\Projeto_PAP\public\index.php(37): CodeIgniter\CodeIgniter->run()
#5 C:\Users\Administrador\Documents\Projeto_PAP\system\Commands\Server\rewrite.php(43): require_once('C:\\Users\\Admini...')
#6 {main}
CRITICAL - 2022-06-02 03:13:00 --> Undefined variable $nomes_jogadores
#0 C:\Users\Administrador\Documents\Projeto_PAP\app\Views\Admin\apagar_tecnico.php(18): CodeIgniter\Debug\Exceptions->errorHandler(2, 'Undefined varia...', 'C:\\Users\\Admini...', 18)
#1 C:\Users\Administrador\Documents\Projeto_PAP\system\View\View.php(210): include('C:\\Users\\Admini...')
#2 C:\Users\Administrador\Documents\Projeto_PAP\system\View\View.php(213): CodeIgniter\View\View->CodeIgniter\View\{closure}()
#3 C:\Users\Administrador\Documents\Projeto_PAP\system\Common.php(1089): CodeIgniter\View\View->render('admin/apagar_te...', Array, true)
#4 C:\Users\Administrador\Documents\Projeto_PAP\app\Controllers\Admin.php(304): view('admin/apagar_te...', Array)
#5 C:\Users\Administrador\Documents\Projeto_PAP\system\CodeIgniter.php(832): App\Controllers\Admin->pagina_apagar_tecnico()
#6 C:\Users\Administrador\Documents\Projeto_PAP\system\CodeIgniter.php(419): CodeIgniter\CodeIgniter->runController(Object(App\Controllers\Admin))
#7 C:\Users\Administrador\Documents\Projeto_PAP\system\CodeIgniter.php(326): CodeIgniter\CodeIgniter->handleRequest(NULL, Object(Config\Cache), false)
#8 C:\Users\Administrador\Documents\Projeto_PAP\public\index.php(37): CodeIgniter\CodeIgniter->run()
#9 C:\Users\Administrador\Documents\Projeto_PAP\system\Commands\Server\rewrite.php(43): require_once('C:\\Users\\Admini...')
#10 {main}
CRITICAL - 2022-06-02 03:14:06 --> Undefined variable $nomes_tecnicos
#0 C:\Users\Administrador\Documents\Projeto_PAP\app\Views\Admin\apagar_tecnico.php(18): CodeIgniter\Debug\Exceptions->errorHandler(2, 'Undefined varia...', 'C:\\Users\\Admini...', 18)
#1 C:\Users\Administrador\Documents\Projeto_PAP\system\View\View.php(210): include('C:\\Users\\Admini...')
#2 C:\Users\Administrador\Documents\Projeto_PAP\system\View\View.php(213): CodeIgniter\View\View->CodeIgniter\View\{closure}()
#3 C:\Users\Administrador\Documents\Projeto_PAP\system\Common.php(1089): CodeIgniter\View\View->render('admin/apagar_te...', Array, true)
#4 C:\Users\Administrador\Documents\Projeto_PAP\app\Controllers\Admin.php(304): view('admin/apagar_te...', Array)
#5 C:\Users\Administrador\Documents\Projeto_PAP\system\CodeIgniter.php(832): App\Controllers\Admin->pagina_apagar_tecnico()
#6 C:\Users\Administrador\Documents\Projeto_PAP\system\CodeIgniter.php(419): CodeIgniter\CodeIgniter->runController(Object(App\Controllers\Admin))
#7 C:\Users\Administrador\Documents\Projeto_PAP\system\CodeIgniter.php(326): CodeIgniter\CodeIgniter->handleRequest(NULL, Object(Config\Cache), false)
#8 C:\Users\Administrador\Documents\Projeto_PAP\public\index.php(37): CodeIgniter\CodeIgniter->run()
#9 C:\Users\Administrador\Documents\Projeto_PAP\system\Commands\Server\rewrite.php(43): require_once('C:\\Users\\Admini...')
#10 {main}
ERROR - 2022-06-02 03:15:51 --> Cannot delete or update a parent row: a foreign key constraint fails (`milheiroense`.`jogadores_equipa`, CONSTRAINT `jogadores_equipa_ibfk_1` FOREIGN KEY (`id_jogador`) REFERENCES `jogadores` (`id_jogador`))
CRITICAL - 2022-06-02 03:15:51 --> Cannot delete or update a parent row: a foreign key constraint fails (`milheiroense`.`jogadores_equipa`, CONSTRAINT `jogadores_equipa_ibfk_1` FOREIGN KEY (`id_jogador`) REFERENCES `jogadores` (`id_jogador`))
#0 C:\Users\Administrador\Documents\Projeto_PAP\system\Database\MySQLi\Connection.php(292): mysqli->query('DELETE FROM `jo...', 0)
#1 C:\Users\Administrador\Documents\Projeto_PAP\system\Database\BaseConnection.php(670): CodeIgniter\Database\MySQLi\Connection->execute('DELETE FROM `jo...')
#2 C:\Users\Administrador\Documents\Projeto_PAP\system\Database\BaseConnection.php(598): CodeIgniter\Database\BaseConnection->simpleQuery('DELETE FROM `jo...')
#3 C:\Users\Administrador\Documents\Projeto_PAP\system\Database\BaseBuilder.php(2225): CodeIgniter\Database\BaseConnection->query('DELETE FROM `jo...', Array, false)
#4 C:\Users\Administrador\Documents\Projeto_PAP\app\Controllers\Admin.php(145): CodeIgniter\Database\BaseBuilder->delete()
#5 C:\Users\Administrador\Documents\Projeto_PAP\system\CodeIgniter.php(832): App\Controllers\Admin->apagar_jogadores()
#6 C:\Users\Administrador\Documents\Projeto_PAP\system\CodeIgniter.php(419): CodeIgniter\CodeIgniter->runController(Object(App\Controllers\Admin))
#7 C:\Users\Administrador\Documents\Projeto_PAP\system\CodeIgniter.php(326): CodeIgniter\CodeIgniter->handleRequest(NULL, Object(Config\Cache), false)
#8 C:\Users\Administrador\Documents\Projeto_PAP\public\index.php(37): CodeIgniter\CodeIgniter->run()
#9 C:\Users\Administrador\Documents\Projeto_PAP\system\Commands\Server\rewrite.php(43): require_once('C:\\Users\\Admini...')
#10 {main}
CRITICAL - 2022-06-02 03:17:31 --> Call to undefined method App\Models\Tecnicos::buscar_cargos
#0 C:\Users\Administrador\Documents\Projeto_PAP\app\Controllers\Admin.php(201): CodeIgniter\Model->__call('buscar_cargos', Array)
#1 C:\Users\Administrador\Documents\Projeto_PAP\system\CodeIgniter.php(832): App\Controllers\Admin->pagina_inserir_tecnico()
#2 C:\Users\Administrador\Documents\Projeto_PAP\system\CodeIgniter.php(419): CodeIgniter\CodeIgniter->runController(Object(App\Controllers\Admin))
#3 C:\Users\Administrador\Documents\Projeto_PAP\system\CodeIgniter.php(326): CodeIgniter\CodeIgniter->handleRequest(NULL, Object(Config\Cache), false)
#4 C:\Users\Administrador\Documents\Projeto_PAP\public\index.php(37): CodeIgniter\CodeIgniter->run()
#5 C:\Users\Administrador\Documents\Projeto_PAP\system\Commands\Server\rewrite.php(43): require_once('C:\\Users\\Admini...')
#6 {main}
CRITICAL - 2022-06-02 03:17:49 --> Call to undefined method App\Models\Tecnicos::buscar_cargos
#0 C:\Users\Administrador\Documents\Projeto_PAP\app\Controllers\Admin.php(201): CodeIgniter\Model->__call('buscar_cargos', Array)
#1 C:\Users\Administrador\Documents\Projeto_PAP\system\CodeIgniter.php(832): App\Controllers\Admin->pagina_inserir_tecnico()
#2 C:\Users\Administrador\Documents\Projeto_PAP\system\CodeIgniter.php(419): CodeIgniter\CodeIgniter->runController(Object(App\Controllers\Admin))
#3 C:\Users\Administrador\Documents\Projeto_PAP\system\CodeIgniter.php(326): CodeIgniter\CodeIgniter->handleRequest(NULL, Object(Config\Cache), false)
#4 C:\Users\Administrador\Documents\Projeto_PAP\public\index.php(37): CodeIgniter\CodeIgniter->run()
#5 C:\Users\Administrador\Documents\Projeto_PAP\system\Commands\Server\rewrite.php(43): require_once('C:\\Users\\Admini...')
#6 {main}
CRITICAL - 2022-06-02 03:52:13 --> Undefined variable $jogadores
#0 C:\Users\Administrador\Documents\Projeto_PAP\app\Views\Admin\tabela_jogadores.php(21): CodeIgniter\Debug\Exceptions->errorHandler(2, 'Undefined varia...', 'C:\\Users\\Admini...', 21)
#1 C:\Users\Administrador\Documents\Projeto_PAP\system\View\View.php(210): include('C:\\Users\\Admini...')
#2 C:\Users\Administrador\Documents\Projeto_PAP\system\View\View.php(213): CodeIgniter\View\View->CodeIgniter\View\{closure}()
#3 C:\Users\Administrador\Documents\Projeto_PAP\system\Common.php(1089): CodeIgniter\View\View->render('admin/tabela_jo...', Array, true)
#4 C:\Users\Administrador\Documents\Projeto_PAP\app\Controllers\Admin.php(391): view('admin/tabela_jo...', Array)
#5 C:\Users\Administrador\Documents\Projeto_PAP\system\CodeIgniter.php(832): App\Controllers\Admin->pagina_tabela_tecnicos()
#6 C:\Users\Administrador\Documents\Projeto_PAP\system\CodeIgniter.php(419): CodeIgniter\CodeIgniter->runController(Object(App\Controllers\Admin))
#7 C:\Users\Administrador\Documents\Projeto_PAP\system\CodeIgniter.php(326): CodeIgniter\CodeIgniter->handleRequest(NULL, Object(Config\Cache), false)
#8 C:\Users\Administrador\Documents\Projeto_PAP\public\index.php(37): CodeIgniter\CodeIgniter->run()
#9 C:\Users\Administrador\Documents\Projeto_PAP\system\Commands\Server\rewrite.php(43): require_once('C:\\Users\\Admini...')
#10 {main}
CRITICAL - 2022-06-02 03:54:13 --> Undefined property: stdClass::$nome_jogador
#0 C:\Users\Administrador\Documents\Projeto_PAP\app\Views\Admin\tabela_tecnicos.php(24): CodeIgniter\Debug\Exceptions->errorHandler(2, 'Undefined prope...', 'C:\\Users\\Admini...', 24)
#1 C:\Users\Administrador\Documents\Projeto_PAP\system\View\View.php(210): include('C:\\Users\\Admini...')
#2 C:\Users\Administrador\Documents\Projeto_PAP\system\View\View.php(213): CodeIgniter\View\View->CodeIgniter\View\{closure}()
#3 C:\Users\Administrador\Documents\Projeto_PAP\system\Common.php(1089): CodeIgniter\View\View->render('admin/tabela_te...', Array, true)
#4 C:\Users\Administrador\Documents\Projeto_PAP\app\Controllers\Admin.php(391): view('admin/tabela_te...', Array)
#5 C:\Users\Administrador\Documents\Projeto_PAP\system\CodeIgniter.php(832): App\Controllers\Admin->pagina_tabela_tecnicos()
#6 C:\Users\Administrador\Documents\Projeto_PAP\system\CodeIgniter.php(419): CodeIgniter\CodeIgniter->runController(Object(App\Controllers\Admin))
#7 C:\Users\Administrador\Documents\Projeto_PAP\system\CodeIgniter.php(326): CodeIgniter\CodeIgniter->handleRequest(NULL, Object(Config\Cache), false)
#8 C:\Users\Administrador\Documents\Projeto_PAP\public\index.php(37): CodeIgniter\CodeIgniter->run()
#9 C:\Users\Administrador\Documents\Projeto_PAP\system\Commands\Server\rewrite.php(43): require_once('C:\\Users\\Admini...')
#10 {main}
CRITICAL - 2022-06-02 04:11:59 --> syntax error, unexpected identifier "where", expecting ")"
#0 C:\Users\Administrador\Documents\Projeto_PAP\system\Autoloader\Autoloader.php(241): CodeIgniter\Autoloader\Autoloader->includeFile('C:\\Users\\Admini...')
#1 C:\Users\Administrador\Documents\Projeto_PAP\system\Autoloader\Autoloader.php(219): CodeIgniter\Autoloader\Autoloader->loadInNamespace('App\\Models\\Tecn...')
#2 C:\Users\Administrador\Documents\Projeto_PAP\app\Controllers\Admin.php(385): CodeIgniter\Autoloader\Autoloader->loadClass('App\\Models\\Tecn...')
#3 C:\Users\Administrador\Documents\Projeto_PAP\system\CodeIgniter.php(832): App\Controllers\Admin->pagina_tabela_tecnicos()
#4 C:\Users\Administrador\Documents\Projeto_PAP\system\CodeIgniter.php(419): CodeIgniter\CodeIgniter->runController(Object(App\Controllers\Admin))
#5 C:\Users\Administrador\Documents\Projeto_PAP\system\CodeIgniter.php(326): CodeIgniter\CodeIgniter->handleRequest(NULL, Object(Config\Cache), false)
#6 C:\Users\Administrador\Documents\Projeto_PAP\public\index.php(37): CodeIgniter\CodeIgniter->run()
#7 C:\Users\Administrador\Documents\Projeto_PAP\system\Commands\Server\rewrite.php(43): require_once('C:\\Users\\Admini...')
#8 {main}
CRITICAL - 2022-06-02 04:31:40 --> Undefined variable $nome_equipa
#0 C:\Users\Administrador\Documents\Projeto_PAP\app\Views\Admin\tabela_tecnicos.php(25): CodeIgniter\Debug\Exceptions->errorHandler(2, 'Undefined varia...', 'C:\\Users\\Admini...', 25)
#1 C:\Users\Administrador\Documents\Projeto_PAP\system\View\View.php(210): include('C:\\Users\\Admini...')
#2 C:\Users\Administrador\Documents\Projeto_PAP\system\View\View.php(213): CodeIgniter\View\View->CodeIgniter\View\{closure}()
#3 C:\Users\Administrador\Documents\Projeto_PAP\system\Common.php(1089): CodeIgniter\View\View->render('admin/tabela_te...', Array, true)
#4 C:\Users\Administrador\Documents\Projeto_PAP\app\Controllers\Admin.php(391): view('admin/tabela_te...', Array)
#5 C:\Users\Administrador\Documents\Projeto_PAP\system\CodeIgniter.php(832): App\Controllers\Admin->pagina_tabela_tecnicos()
#6 C:\Users\Administrador\Documents\Projeto_PAP\system\CodeIgniter.php(419): CodeIgniter\CodeIgniter->runController(Object(App\Controllers\Admin))
#7 C:\Users\Administrador\Documents\Projeto_PAP\system\CodeIgniter.php(326): CodeIgniter\CodeIgniter->handleRequest(NULL, Object(Config\Cache), false)
#8 C:\Users\Administrador\Documents\Projeto_PAP\public\index.php(37): CodeIgniter\CodeIgniter->run()
#9 C:\Users\Administrador\Documents\Projeto_PAP\system\Commands\Server\rewrite.php(43): require_once('C:\\Users\\Admini...')
#10 {main}
CRITICAL - 2022-06-02 04:33:17 --> Undefined variable $nome_equipa
#0 C:\Users\Administrador\Documents\Projeto_PAP\app\Views\Admin\tabela_tecnicos.php(25): CodeIgniter\Debug\Exceptions->errorHandler(2, 'Undefined varia...', 'C:\\Users\\Admini...', 25)
#1 C:\Users\Administrador\Documents\Projeto_PAP\system\View\View.php(210): include('C:\\Users\\Admini...')
#2 C:\Users\Administrador\Documents\Projeto_PAP\system\View\View.php(213): CodeIgniter\View\View->CodeIgniter\View\{closure}()
#3 C:\Users\Administrador\Documents\Projeto_PAP\system\Common.php(1089): CodeIgniter\View\View->render('admin/tabela_te...', Array, true)
#4 C:\Users\Administrador\Documents\Projeto_PAP\app\Controllers\Admin.php(391): view('admin/tabela_te...', Array)
#5 C:\Users\Administrador\Documents\Projeto_PAP\system\CodeIgniter.php(832): App\Controllers\Admin->pagina_tabela_tecnicos()
#6 C:\Users\Administrador\Documents\Projeto_PAP\system\CodeIgniter.php(419): CodeIgniter\CodeIgniter->runController(Object(App\Controllers\Admin))
#7 C:\Users\Administrador\Documents\Projeto_PAP\system\CodeIgniter.php(326): CodeIgniter\CodeIgniter->handleRequest(NULL, Object(Config\Cache), false)
#8 C:\Users\Administrador\Documents\Projeto_PAP\public\index.php(37): CodeIgniter\CodeIgniter->run()
#9 C:\Users\Administrador\Documents\Projeto_PAP\system\Commands\Server\rewrite.php(43): require_once('C:\\Users\\Admini...')
#10 {main}
CRITICAL - 2022-06-02 04:33:32 --> Undefined variable $nome_equipa
#0 C:\Users\Administrador\Documents\Projeto_PAP\app\Views\Admin\tabela_tecnicos.php(25): CodeIgniter\Debug\Exceptions->errorHandler(2, 'Undefined varia...', 'C:\\Users\\Admini...', 25)
#1 C:\Users\Administrador\Documents\Projeto_PAP\system\View\View.php(210): include('C:\\Users\\Admini...')
#2 C:\Users\Administrador\Documents\Projeto_PAP\system\View\View.php(213): CodeIgniter\View\View->CodeIgniter\View\{closure}()
#3 C:\Users\Administrador\Documents\Projeto_PAP\system\Common.php(1089): CodeIgniter\View\View->render('admin/tabela_te...', Array, true)
#4 C:\Users\Administrador\Documents\Projeto_PAP\app\Controllers\Admin.php(391): view('admin/tabela_te...', Array)
#5 C:\Users\Administrador\Documents\Projeto_PAP\system\CodeIgniter.php(832): App\Controllers\Admin->pagina_tabela_tecnicos()
#6 C:\Users\Administrador\Documents\Projeto_PAP\system\CodeIgniter.php(419): CodeIgniter\CodeIgniter->runController(Object(App\Controllers\Admin))
#7 C:\Users\Administrador\Documents\Projeto_PAP\system\CodeIgniter.php(326): CodeIgniter\CodeIgniter->handleRequest(NULL, Object(Config\Cache), false)
#8 C:\Users\Administrador\Documents\Projeto_PAP\public\index.php(37): CodeIgniter\CodeIgniter->run()
#9 C:\Users\Administrador\Documents\Projeto_PAP\system\Commands\Server\rewrite.php(43): require_once('C:\\Users\\Admini...')
#10 {main}
CRITICAL - 2022-06-02 04:34:11 --> syntax error, unexpected token ";"
#0 C:\Users\Administrador\Documents\Projeto_PAP\system\View\View.php(213): CodeIgniter\View\View->CodeIgniter\View\{closure}()
#1 C:\Users\Administrador\Documents\Projeto_PAP\system\Common.php(1089): CodeIgniter\View\View->render('admin/tabela_te...', Array, true)
#2 C:\Users\Administrador\Documents\Projeto_PAP\app\Controllers\Admin.php(391): view('admin/tabela_te...', Array)
#3 C:\Users\Administrador\Documents\Projeto_PAP\system\CodeIgniter.php(832): App\Controllers\Admin->pagina_tabela_tecnicos()
#4 C:\Users\Administrador\Documents\Projeto_PAP\system\CodeIgniter.php(419): CodeIgniter\CodeIgniter->runController(Object(App\Controllers\Admin))
#5 C:\Users\Administrador\Documents\Projeto_PAP\system\CodeIgniter.php(326): CodeIgniter\CodeIgniter->handleRequest(NULL, Object(Config\Cache), false)
#6 C:\Users\Administrador\Documents\Projeto_PAP\public\index.php(37): CodeIgniter\CodeIgniter->run()
#7 C:\Users\Administrador\Documents\Projeto_PAP\system\Commands\Server\rewrite.php(43): require_once('C:\\Users\\Admini...')
#8 {main}
CRITICAL - 2022-06-02 04:34:35 --> Undefined variable $id_tecnico
#0 C:\Users\Administrador\Documents\Projeto_PAP\app\Views\Admin\tabela_tecnicos.php(26): CodeIgniter\Debug\Exceptions->errorHandler(2, 'Undefined varia...', 'C:\\Users\\Admini...', 26)
#1 C:\Users\Administrador\Documents\Projeto_PAP\system\View\View.php(210): include('C:\\Users\\Admini...')
#2 C:\Users\Administrador\Documents\Projeto_PAP\system\View\View.php(213): CodeIgniter\View\View->CodeIgniter\View\{closure}()
#3 C:\Users\Administrador\Documents\Projeto_PAP\system\Common.php(1089): CodeIgniter\View\View->render('admin/tabela_te...', Array, true)
#4 C:\Users\Administrador\Documents\Projeto_PAP\app\Controllers\Admin.php(391): view('admin/tabela_te...', Array)
#5 C:\Users\Administrador\Documents\Projeto_PAP\system\CodeIgniter.php(832): App\Controllers\Admin->pagina_tabela_tecnicos()
#6 C:\Users\Administrador\Documents\Projeto_PAP\system\CodeIgniter.php(419): CodeIgniter\CodeIgniter->runController(Object(App\Controllers\Admin))
#7 C:\Users\Administrador\Documents\Projeto_PAP\system\CodeIgniter.php(326): CodeIgniter\CodeIgniter->handleRequest(NULL, Object(Config\Cache), false)
#8 C:\Users\Administrador\Documents\Projeto_PAP\public\index.php(37): CodeIgniter\CodeIgniter->run()
#9 C:\Users\Administrador\Documents\Projeto_PAP\system\Commands\Server\rewrite.php(43): require_once('C:\\Users\\Admini...')
#10 {main}
CRITICAL - 2022-06-02 04:35:22 --> Undefined variable $nome_equipa
#0 C:\Users\Administrador\Documents\Projeto_PAP\app\Views\Admin\tabela_tecnicos.php(25): CodeIgniter\Debug\Exceptions->errorHandler(2, 'Undefined varia...', 'C:\\Users\\Admini...', 25)
#1 C:\Users\Administrador\Documents\Projeto_PAP\system\View\View.php(210): include('C:\\Users\\Admini...')
#2 C:\Users\Administrador\Documents\Projeto_PAP\system\View\View.php(213): CodeIgniter\View\View->CodeIgniter\View\{closure}()
#3 C:\Users\Administrador\Documents\Projeto_PAP\system\Common.php(1089): CodeIgniter\View\View->render('admin/tabela_te...', Array, true)
#4 C:\Users\Administrador\Documents\Projeto_PAP\app\Controllers\Admin.php(391): view('admin/tabela_te...', Array)
#5 C:\Users\Administrador\Documents\Projeto_PAP\system\CodeIgniter.php(832): App\Controllers\Admin->pagina_tabela_tecnicos()
#6 C:\Users\Administrador\Documents\Projeto_PAP\system\CodeIgniter.php(419): CodeIgniter\CodeIgniter->runController(Object(App\Controllers\Admin))
#7 C:\Users\Administrador\Documents\Projeto_PAP\system\CodeIgniter.php(326): CodeIgniter\CodeIgniter->handleRequest(NULL, Object(Config\Cache), false)
#8 C:\Users\Administrador\Documents\Projeto_PAP\public\index.php(37): CodeIgniter\CodeIgniter->run()
#9 C:\Users\Administrador\Documents\Projeto_PAP\system\Commands\Server\rewrite.php(43): require_once('C:\\Users\\Admini...')
#10 {main}
CRITICAL - 2022-06-02 04:35:24 --> Undefined variable $nome_equipa
#0 C:\Users\Administrador\Documents\Projeto_PAP\app\Views\Admin\tabela_tecnicos.php(25): CodeIgniter\Debug\Exceptions->errorHandler(2, 'Undefined varia...', 'C:\\Users\\Admini...', 25)
#1 C:\Users\Administrador\Documents\Projeto_PAP\system\View\View.php(210): include('C:\\Users\\Admini...')
#2 C:\Users\Administrador\Documents\Projeto_PAP\system\View\View.php(213): CodeIgniter\View\View->CodeIgniter\View\{closure}()
#3 C:\Users\Administrador\Documents\Projeto_PAP\system\Common.php(1089): CodeIgniter\View\View->render('admin/tabela_te...', Array, true)
#4 C:\Users\Administrador\Documents\Projeto_PAP\app\Controllers\Admin.php(391): view('admin/tabela_te...', Array)
#5 C:\Users\Administrador\Documents\Projeto_PAP\system\CodeIgniter.php(832): App\Controllers\Admin->pagina_tabela_tecnicos()
#6 C:\Users\Administrador\Documents\Projeto_PAP\system\CodeIgniter.php(419): CodeIgniter\CodeIgniter->runController(Object(App\Controllers\Admin))
#7 C:\Users\Administrador\Documents\Projeto_PAP\system\CodeIgniter.php(326): CodeIgniter\CodeIgniter->handleRequest(NULL, Object(Config\Cache), false)
#8 C:\Users\Administrador\Documents\Projeto_PAP\public\index.php(37): CodeIgniter\CodeIgniter->run()
#9 C:\Users\Administrador\Documents\Projeto_PAP\system\Commands\Server\rewrite.php(43): require_once('C:\\Users\\Admini...')
#10 {main}
CRITICAL - 2022-06-02 04:35:25 --> Undefined variable $nome_equipa
#0 C:\Users\Administrador\Documents\Projeto_PAP\app\Views\Admin\tabela_tecnicos.php(25): CodeIgniter\Debug\Exceptions->errorHandler(2, 'Undefined varia...', 'C:\\Users\\Admini...', 25)
#1 C:\Users\Administrador\Documents\Projeto_PAP\system\View\View.php(210): include('C:\\Users\\Admini...')
#2 C:\Users\Administrador\Documents\Projeto_PAP\system\View\View.php(213): CodeIgniter\View\View->CodeIgniter\View\{closure}()
#3 C:\Users\Administrador\Documents\Projeto_PAP\system\Common.php(1089): CodeIgniter\View\View->render('admin/tabela_te...', Array, true)
#4 C:\Users\Administrador\Documents\Projeto_PAP\app\Controllers\Admin.php(391): view('admin/tabela_te...', Array)
#5 C:\Users\Administrador\Documents\Projeto_PAP\system\CodeIgniter.php(832): App\Controllers\Admin->pagina_tabela_tecnicos()
#6 C:\Users\Administrador\Documents\Projeto_PAP\system\CodeIgniter.php(419): CodeIgniter\CodeIgniter->runController(Object(App\Controllers\Admin))
#7 C:\Users\Administrador\Documents\Projeto_PAP\system\CodeIgniter.php(326): CodeIgniter\CodeIgniter->handleRequest(NULL, Object(Config\Cache), false)
#8 C:\Users\Administrador\Documents\Projeto_PAP\public\index.php(37): CodeIgniter\CodeIgniter->run()
#9 C:\Users\Administrador\Documents\Projeto_PAP\system\Commands\Server\rewrite.php(43): require_once('C:\\Users\\Admini...')
#10 {main}
CRITICAL - 2022-06-02 04:40:14 --> Undefined variable $nome_equipa
#0 C:\Users\Administrador\Documents\Projeto_PAP\app\Views\Admin\tabela_tecnicos.php(25): CodeIgniter\Debug\Exceptions->errorHandler(2, 'Undefined varia...', 'C:\\Users\\Admini...', 25)
#1 C:\Users\Administrador\Documents\Projeto_PAP\system\View\View.php(210): include('C:\\Users\\Admini...')
#2 C:\Users\Administrador\Documents\Projeto_PAP\system\View\View.php(213): CodeIgniter\View\View->CodeIgniter\View\{closure}()
#3 C:\Users\Administrador\Documents\Projeto_PAP\system\Common.php(1089): CodeIgniter\View\View->render('admin/tabela_te...', Array, true)
#4 C:\Users\Administrador\Documents\Projeto_PAP\app\Controllers\Admin.php(394): view('admin/tabela_te...', Array)
#5 C:\Users\Administrador\Documents\Projeto_PAP\system\CodeIgniter.php(832): App\Controllers\Admin->pagina_tabela_tecnicos()
#6 C:\Users\Administrador\Documents\Projeto_PAP\system\CodeIgniter.php(419): CodeIgniter\CodeIgniter->runController(Object(App\Controllers\Admin))
#7 C:\Users\Administrador\Documents\Projeto_PAP\system\CodeIgniter.php(326): CodeIgniter\CodeIgniter->handleRequest(NULL, Object(Config\Cache), false)
#8 C:\Users\Administrador\Documents\Projeto_PAP\public\index.php(37): CodeIgniter\CodeIgniter->run()
#9 C:\Users\Administrador\Documents\Projeto_PAP\system\Commands\Server\rewrite.php(43): require_once('C:\\Users\\Admini...')
#10 {main}
CRITICAL - 2022-06-02 04:42:20 --> Undefined variable $nome_equipa
#0 C:\Users\Administrador\Documents\Projeto_PAP\app\Views\Admin\tabela_tecnicos.php(25): CodeIgniter\Debug\Exceptions->errorHandler(2, 'Undefined varia...', 'C:\\Users\\Admini...', 25)
#1 C:\Users\Administrador\Documents\Projeto_PAP\system\View\View.php(210): include('C:\\Users\\Admini...')
#2 C:\Users\Administrador\Documents\Projeto_PAP\system\View\View.php(213): CodeIgniter\View\View->CodeIgniter\View\{closure}()
#3 C:\Users\Administrador\Documents\Projeto_PAP\system\Common.php(1089): CodeIgniter\View\View->render('admin/tabela_te...', Array, true)
#4 C:\Users\Administrador\Documents\Projeto_PAP\app\Controllers\Admin.php(395): view('admin/tabela_te...', Array)
#5 C:\Users\Administrador\Documents\Projeto_PAP\system\CodeIgniter.php(832): App\Controllers\Admin->pagina_tabela_tecnicos()
#6 C:\Users\Administrador\Documents\Projeto_PAP\system\CodeIgniter.php(419): CodeIgniter\CodeIgniter->runController(Object(App\Controllers\Admin))
#7 C:\Users\Administrador\Documents\Projeto_PAP\system\CodeIgniter.php(326): CodeIgniter\CodeIgniter->handleRequest(NULL, Object(Config\Cache), false)
#8 C:\Users\Administrador\Documents\Projeto_PAP\public\index.php(37): CodeIgniter\CodeIgniter->run()
#9 C:\Users\Administrador\Documents\Projeto_PAP\system\Commands\Server\rewrite.php(43): require_once('C:\\Users\\Admini...')
#10 {main}
ERROR - 2022-06-02 04:42:58 --> Unknown column 'tecnicos.id_tecnico' in 'where clause'
CRITICAL - 2022-06-02 04:42:58 --> Unknown column 'tecnicos.id_tecnico' in 'where clause'
#0 C:\Users\Administrador\Documents\Projeto_PAP\system\Database\MySQLi\Connection.php(292): mysqli->query('select e.nome_e...', 0)
#1 C:\Users\Administrador\Documents\Projeto_PAP\system\Database\BaseConnection.php(670): CodeIgniter\Database\MySQLi\Connection->execute('select e.nome_e...')
#2 C:\Users\Administrador\Documents\Projeto_PAP\system\Database\BaseConnection.php(598): CodeIgniter\Database\BaseConnection->simpleQuery('select e.nome_e...')
#3 C:\Users\Administrador\Documents\Projeto_PAP\app\Controllers\Admin.php(391): CodeIgniter\Database\BaseConnection->query('select e.nome_e...')
#4 C:\Users\Administrador\Documents\Projeto_PAP\system\CodeIgniter.php(832): App\Controllers\Admin->pagina_tabela_tecnicos()
#5 C:\Users\Administrador\Documents\Projeto_PAP\system\CodeIgniter.php(419): CodeIgniter\CodeIgniter->runController(Object(App\Controllers\Admin))
#6 C:\Users\Administrador\Documents\Projeto_PAP\system\CodeIgniter.php(326): CodeIgniter\CodeIgniter->handleRequest(NULL, Object(Config\Cache), false)
#7 C:\Users\Administrador\Documents\Projeto_PAP\public\index.php(37): CodeIgniter\CodeIgniter->run()
#8 C:\Users\Administrador\Documents\Projeto_PAP\system\Commands\Server\rewrite.php(43): require_once('C:\\Users\\Admini...')
#9 {main}
ERROR - 2022-06-02 04:51:38 --> Unknown column 'j.id_jogadores' in 'where clause'
CRITICAL - 2022-06-02 04:51:38 --> Unknown column 'j.id_jogadores' in 'where clause'
#0 C:\Users\Administrador\Documents\Projeto_PAP\system\Database\MySQLi\Connection.php(292): mysqli->query('select e.nome_e...', 0)
#1 C:\Users\Administrador\Documents\Projeto_PAP\system\Database\BaseConnection.php(670): CodeIgniter\Database\MySQLi\Connection->execute('select e.nome_e...')
#2 C:\Users\Administrador\Documents\Projeto_PAP\system\Database\BaseConnection.php(598): CodeIgniter\Database\BaseConnection->simpleQuery('select e.nome_e...')
#3 C:\Users\Administrador\Documents\Projeto_PAP\app\Models\Jogadores.php(43): CodeIgniter\Database\BaseConnection->query('select e.nome_e...')
#4 C:\Users\Administrador\Documents\Projeto_PAP\app\Controllers\Admin.php(368): App\Models\Jogadores->mostrar_todos_jogadores()
#5 C:\Users\Administrador\Documents\Projeto_PAP\system\CodeIgniter.php(832): App\Controllers\Admin->pagina_tabela_jogadores()
#6 C:\Users\Administrador\Documents\Projeto_PAP\system\CodeIgniter.php(419): CodeIgniter\CodeIgniter->runController(Object(App\Controllers\Admin))
#7 C:\Users\Administrador\Documents\Projeto_PAP\system\CodeIgniter.php(326): CodeIgniter\CodeIgniter->handleRequest(NULL, Object(Config\Cache), false)
#8 C:\Users\Administrador\Documents\Projeto_PAP\public\index.php(37): CodeIgniter\CodeIgniter->run()
#9 C:\Users\Administrador\Documents\Projeto_PAP\system\Commands\Server\rewrite.php(43): require_once('C:\\Users\\Admini...')
#10 {main}
