ERROR - 2022-06-01 04:27:07 --> Cannot delete or update a parent row: a foreign key constraint fails (`milheiroense`.`jogadores_equipa`, CONSTRAINT `jogadores_equipa_ibfk_1` FOREIGN KEY (`id_jogador`) REFERENCES `jogadores` (`id_jogador`))
CRITICAL - 2022-06-01 04:27:07 --> Cannot delete or update a parent row: a foreign key constraint fails (`milheiroense`.`jogadores_equipa`, CONSTRAINT `jogadores_equipa_ibfk_1` FOREIGN KEY (`id_jogador`) REFERENCES `jogadores` (`id_jogador`))
#0 C:\Users\Administrador\Documents\Projeto_PAP\system\Database\MySQLi\Connection.php(292): mysqli->query('DELETE FROM `jo...', 0)
#1 C:\Users\Administrador\Documents\Projeto_PAP\system\Database\BaseConnection.php(670): CodeIgniter\Database\MySQLi\Connection->execute('DELETE FROM `jo...')
#2 C:\Users\Administrador\Documents\Projeto_PAP\system\Database\BaseConnection.php(598): CodeIgniter\Database\BaseConnection->simpleQuery('DELETE FROM `jo...')
#3 C:\Users\Administrador\Documents\Projeto_PAP\system\Database\BaseBuilder.php(2225): CodeIgniter\Database\BaseConnection->query('DELETE FROM `jo...', Array, false)
#4 C:\Users\Administrador\Documents\Projeto_PAP\app\Controllers\Admin.php(139): CodeIgniter\Database\BaseBuilder->delete()
#5 C:\Users\Administrador\Documents\Projeto_PAP\system\CodeIgniter.php(832): App\Controllers\Admin->apagar_jogadores()
#6 C:\Users\Administrador\Documents\Projeto_PAP\system\CodeIgniter.php(419): CodeIgniter\CodeIgniter->runController(Object(App\Controllers\Admin))
#7 C:\Users\Administrador\Documents\Projeto_PAP\system\CodeIgniter.php(326): CodeIgniter\CodeIgniter->handleRequest(NULL, Object(Config\Cache), false)
#8 C:\Users\Administrador\Documents\Projeto_PAP\public\index.php(37): CodeIgniter\CodeIgniter->run()
#9 C:\Users\Administrador\Documents\Projeto_PAP\system\Commands\Server\rewrite.php(43): require_once('C:\\Users\\Admini...')
#10 {main}
ERROR - 2022-06-01 04:31:08 --> Cannot delete or update a parent row: a foreign key constraint fails (`milheiroense`.`jogadores_equipa`, CONSTRAINT `jogadores_equipa_ibfk_1` FOREIGN KEY (`id_jogador`) REFERENCES `jogadores` (`id_jogador`))
CRITICAL - 2022-06-01 04:31:08 --> Cannot delete or update a parent row: a foreign key constraint fails (`milheiroense`.`jogadores_equipa`, CONSTRAINT `jogadores_equipa_ibfk_1` FOREIGN KEY (`id_jogador`) REFERENCES `jogadores` (`id_jogador`))
#0 C:\Users\Administrador\Documents\Projeto_PAP\system\Database\MySQLi\Connection.php(292): mysqli->query('DELETE FROM `jo...', 0)
#1 C:\Users\Administrador\Documents\Projeto_PAP\system\Database\BaseConnection.php(670): CodeIgniter\Database\MySQLi\Connection->execute('DELETE FROM `jo...')
#2 C:\Users\Administrador\Documents\Projeto_PAP\system\Database\BaseConnection.php(598): CodeIgniter\Database\BaseConnection->simpleQuery('DELETE FROM `jo...')
#3 C:\Users\Administrador\Documents\Projeto_PAP\system\Database\BaseBuilder.php(2225): CodeIgniter\Database\BaseConnection->query('DELETE FROM `jo...', Array, false)
#4 C:\Users\Administrador\Documents\Projeto_PAP\app\Controllers\Admin.php(139): CodeIgniter\Database\BaseBuilder->delete()
#5 C:\Users\Administrador\Documents\Projeto_PAP\system\CodeIgniter.php(832): App\Controllers\Admin->apagar_jogadores()
#6 C:\Users\Administrador\Documents\Projeto_PAP\system\CodeIgniter.php(419): CodeIgniter\CodeIgniter->runController(Object(App\Controllers\Admin))
#7 C:\Users\Administrador\Documents\Projeto_PAP\system\CodeIgniter.php(326): CodeIgniter\CodeIgniter->handleRequest(NULL, Object(Config\Cache), false)
#8 C:\Users\Administrador\Documents\Projeto_PAP\public\index.php(37): CodeIgniter\CodeIgniter->run()
#9 C:\Users\Administrador\Documents\Projeto_PAP\system\Commands\Server\rewrite.php(43): require_once('C:\\Users\\Admini...')
#10 {main}
ERROR - 2022-06-01 10:02:26 --> Unknown column 'nome_jogador' in 'field list'
CRITICAL - 2022-06-01 10:02:26 --> Unknown column 'nome_jogador' in 'field list'
#0 C:\Users\Administrador\Documents\Projeto_PAP\system\Database\MySQLi\Connection.php(292): mysqli->query('INSERT INTO `te...', 0)
#1 C:\Users\Administrador\Documents\Projeto_PAP\system\Database\BaseConnection.php(670): CodeIgniter\Database\MySQLi\Connection->execute('INSERT INTO `te...')
#2 C:\Users\Administrador\Documents\Projeto_PAP\system\Database\BaseConnection.php(598): CodeIgniter\Database\BaseConnection->simpleQuery('INSERT INTO `te...')
#3 C:\Users\Administrador\Documents\Projeto_PAP\system\Database\BaseBuilder.php(1771): CodeIgniter\Database\BaseConnection->query('INSERT INTO `te...', Array, false)
#4 C:\Users\Administrador\Documents\Projeto_PAP\app\Controllers\Admin.php(237): CodeIgniter\Database\BaseBuilder->insert(Array)
#5 C:\Users\Administrador\Documents\Projeto_PAP\system\CodeIgniter.php(832): App\Controllers\Admin->inserir_tecnico()
#6 C:\Users\Administrador\Documents\Projeto_PAP\system\CodeIgniter.php(419): CodeIgniter\CodeIgniter->runController(Object(App\Controllers\Admin))
#7 C:\Users\Administrador\Documents\Projeto_PAP\system\CodeIgniter.php(326): CodeIgniter\CodeIgniter->handleRequest(NULL, Object(Config\Cache), false)
#8 C:\Users\Administrador\Documents\Projeto_PAP\public\index.php(37): CodeIgniter\CodeIgniter->run()
#9 C:\Users\Administrador\Documents\Projeto_PAP\system\Commands\Server\rewrite.php(43): require_once('C:\\Users\\Admini...')
#10 {main}
ERROR - 2022-06-01 10:02:51 --> Unknown column 'cc_treinador' in 'field list'
CRITICAL - 2022-06-01 10:02:51 --> Unknown column 'cc_treinador' in 'field list'
#0 C:\Users\Administrador\Documents\Projeto_PAP\system\Database\MySQLi\Connection.php(292): mysqli->query('INSERT INTO `te...', 0)
#1 C:\Users\Administrador\Documents\Projeto_PAP\system\Database\BaseConnection.php(670): CodeIgniter\Database\MySQLi\Connection->execute('INSERT INTO `te...')
#2 C:\Users\Administrador\Documents\Projeto_PAP\system\Database\BaseConnection.php(598): CodeIgniter\Database\BaseConnection->simpleQuery('INSERT INTO `te...')
#3 C:\Users\Administrador\Documents\Projeto_PAP\system\Database\BaseBuilder.php(1771): CodeIgniter\Database\BaseConnection->query('INSERT INTO `te...', Array, false)
#4 C:\Users\Administrador\Documents\Projeto_PAP\app\Controllers\Admin.php(237): CodeIgniter\Database\BaseBuilder->insert(Array)
#5 C:\Users\Administrador\Documents\Projeto_PAP\system\CodeIgniter.php(832): App\Controllers\Admin->inserir_tecnico()
#6 C:\Users\Administrador\Documents\Projeto_PAP\system\CodeIgniter.php(419): CodeIgniter\CodeIgniter->runController(Object(App\Controllers\Admin))
#7 C:\Users\Administrador\Documents\Projeto_PAP\system\CodeIgniter.php(326): CodeIgniter\CodeIgniter->handleRequest(NULL, Object(Config\Cache), false)
#8 C:\Users\Administrador\Documents\Projeto_PAP\public\index.php(37): CodeIgniter\CodeIgniter->run()
#9 C:\Users\Administrador\Documents\Projeto_PAP\system\Commands\Server\rewrite.php(43): require_once('C:\\Users\\Admini...')
#10 {main}
