CRITICAL - 2022-06-21 04:41:24 --> Undefined variable $id_jogador
#0 C:\Users\Administrador\Documents\Projeto_PAP\app\Views\Admin\tabela_jogadores.php(56): CodeIgniter\Debug\Exceptions->errorHandler(2, 'Undefined varia...', 'C:\\Users\\Admini...', 56)
#1 C:\Users\Administrador\Documents\Projeto_PAP\system\View\View.php(210): include('C:\\Users\\Admini...')
#2 C:\Users\Administrador\Documents\Projeto_PAP\system\View\View.php(213): CodeIgniter\View\View->CodeIgniter\View\{closure}()
#3 C:\Users\Administrador\Documents\Projeto_PAP\system\Common.php(1089): CodeIgniter\View\View->render('admin/tabela_jo...', Array, true)
#4 C:\Users\Administrador\Documents\Projeto_PAP\app\Controllers\Admin.php(342): view('admin/tabela_jo...', Array)
#5 C:\Users\Administrador\Documents\Projeto_PAP\system\CodeIgniter.php(832): App\Controllers\Admin->pagina_tabela_jogadores()
#6 C:\Users\Administrador\Documents\Projeto_PAP\system\CodeIgniter.php(419): CodeIgniter\CodeIgniter->runController(Object(App\Controllers\Admin))
#7 C:\Users\Administrador\Documents\Projeto_PAP\system\CodeIgniter.php(326): CodeIgniter\CodeIgniter->handleRequest(NULL, Object(Config\Cache), false)
#8 C:\Users\Administrador\Documents\Projeto_PAP\public\index.php(37): CodeIgniter\CodeIgniter->run()
#9 C:\Users\Administrador\Documents\Projeto_PAP\system\Commands\Server\rewrite.php(43): require_once('C:\\Users\\Admini...')
#10 {main}
CRITICAL - 2022-06-21 04:52:20 --> Undefined variable $id
#0 C:\Users\Administrador\Documents\Projeto_PAP\app\Views\Admin\tabela_jogadores.php(39): CodeIgniter\Debug\Exceptions->errorHandler(2, 'Undefined varia...', 'C:\\Users\\Admini...', 39)
#1 C:\Users\Administrador\Documents\Projeto_PAP\system\View\View.php(210): include('C:\\Users\\Admini...')
#2 C:\Users\Administrador\Documents\Projeto_PAP\system\View\View.php(213): CodeIgniter\View\View->CodeIgniter\View\{closure}()
#3 C:\Users\Administrador\Documents\Projeto_PAP\system\Common.php(1089): CodeIgniter\View\View->render('admin/tabela_jo...', Array, true)
#4 C:\Users\Administrador\Documents\Projeto_PAP\app\Controllers\Admin.php(342): view('admin/tabela_jo...', Array)
#5 C:\Users\Administrador\Documents\Projeto_PAP\system\CodeIgniter.php(832): App\Controllers\Admin->pagina_tabela_jogadores()
#6 C:\Users\Administrador\Documents\Projeto_PAP\system\CodeIgniter.php(419): CodeIgniter\CodeIgniter->runController(Object(App\Controllers\Admin))
#7 C:\Users\Administrador\Documents\Projeto_PAP\system\CodeIgniter.php(326): CodeIgniter\CodeIgniter->handleRequest(NULL, Object(Config\Cache), false)
#8 C:\Users\Administrador\Documents\Projeto_PAP\public\index.php(37): CodeIgniter\CodeIgniter->run()
#9 C:\Users\Administrador\Documents\Projeto_PAP\system\Commands\Server\rewrite.php(43): require_once('C:\\Users\\Admini...')
#10 {main}
CRITICAL - 2022-06-21 04:53:19 --> Undefined variable $id
#0 C:\Users\Administrador\Documents\Projeto_PAP\app\Views\Admin\tabela_jogadores.php(55): CodeIgniter\Debug\Exceptions->errorHandler(2, 'Undefined varia...', 'C:\\Users\\Admini...', 55)
#1 C:\Users\Administrador\Documents\Projeto_PAP\system\View\View.php(210): include('C:\\Users\\Admini...')
#2 C:\Users\Administrador\Documents\Projeto_PAP\system\View\View.php(213): CodeIgniter\View\View->CodeIgniter\View\{closure}()
#3 C:\Users\Administrador\Documents\Projeto_PAP\system\Common.php(1089): CodeIgniter\View\View->render('admin/tabela_jo...', Array, true)
#4 C:\Users\Administrador\Documents\Projeto_PAP\app\Controllers\Admin.php(342): view('admin/tabela_jo...', Array)
#5 C:\Users\Administrador\Documents\Projeto_PAP\system\CodeIgniter.php(832): App\Controllers\Admin->pagina_tabela_jogadores()
#6 C:\Users\Administrador\Documents\Projeto_PAP\system\CodeIgniter.php(419): CodeIgniter\CodeIgniter->runController(Object(App\Controllers\Admin))
#7 C:\Users\Administrador\Documents\Projeto_PAP\system\CodeIgniter.php(326): CodeIgniter\CodeIgniter->handleRequest(NULL, Object(Config\Cache), false)
#8 C:\Users\Administrador\Documents\Projeto_PAP\public\index.php(37): CodeIgniter\CodeIgniter->run()
#9 C:\Users\Administrador\Documents\Projeto_PAP\system\Commands\Server\rewrite.php(43): require_once('C:\\Users\\Admini...')
#10 {main}
CRITICAL - 2022-06-21 05:00:13 --> Undefined array key "id"
#0 C:\Users\Administrador\Documents\Projeto_PAP\app\Views\Admin\tabela_jogadores.php(56): CodeIgniter\Debug\Exceptions->errorHandler(2, 'Undefined array...', 'C:\\Users\\Admini...', 56)
#1 C:\Users\Administrador\Documents\Projeto_PAP\system\View\View.php(210): include('C:\\Users\\Admini...')
#2 C:\Users\Administrador\Documents\Projeto_PAP\system\View\View.php(213): CodeIgniter\View\View->CodeIgniter\View\{closure}()
#3 C:\Users\Administrador\Documents\Projeto_PAP\system\Common.php(1089): CodeIgniter\View\View->render('admin/tabela_jo...', Array, true)
#4 C:\Users\Administrador\Documents\Projeto_PAP\app\Controllers\Admin.php(342): view('admin/tabela_jo...', Array)
#5 C:\Users\Administrador\Documents\Projeto_PAP\system\CodeIgniter.php(832): App\Controllers\Admin->pagina_tabela_jogadores()
#6 C:\Users\Administrador\Documents\Projeto_PAP\system\CodeIgniter.php(419): CodeIgniter\CodeIgniter->runController(Object(App\Controllers\Admin))
#7 C:\Users\Administrador\Documents\Projeto_PAP\system\CodeIgniter.php(326): CodeIgniter\CodeIgniter->handleRequest(NULL, Object(Config\Cache), false)
#8 C:\Users\Administrador\Documents\Projeto_PAP\public\index.php(37): CodeIgniter\CodeIgniter->run()
#9 C:\Users\Administrador\Documents\Projeto_PAP\system\Commands\Server\rewrite.php(43): require_once('C:\\Users\\Admini...')
#10 {main}
CRITICAL - 2022-06-21 05:00:39 --> Undefined array key "jogadores('id')"
#0 C:\Users\Administrador\Documents\Projeto_PAP\app\Views\Admin\tabela_jogadores.php(56): CodeIgniter\Debug\Exceptions->errorHandler(2, 'Undefined array...', 'C:\\Users\\Admini...', 56)
#1 C:\Users\Administrador\Documents\Projeto_PAP\system\View\View.php(210): include('C:\\Users\\Admini...')
#2 C:\Users\Administrador\Documents\Projeto_PAP\system\View\View.php(213): CodeIgniter\View\View->CodeIgniter\View\{closure}()
#3 C:\Users\Administrador\Documents\Projeto_PAP\system\Common.php(1089): CodeIgniter\View\View->render('admin/tabela_jo...', Array, true)
#4 C:\Users\Administrador\Documents\Projeto_PAP\app\Controllers\Admin.php(342): view('admin/tabela_jo...', Array)
#5 C:\Users\Administrador\Documents\Projeto_PAP\system\CodeIgniter.php(832): App\Controllers\Admin->pagina_tabela_jogadores()
#6 C:\Users\Administrador\Documents\Projeto_PAP\system\CodeIgniter.php(419): CodeIgniter\CodeIgniter->runController(Object(App\Controllers\Admin))
#7 C:\Users\Administrador\Documents\Projeto_PAP\system\CodeIgniter.php(326): CodeIgniter\CodeIgniter->handleRequest(NULL, Object(Config\Cache), false)
#8 C:\Users\Administrador\Documents\Projeto_PAP\public\index.php(37): CodeIgniter\CodeIgniter->run()
#9 C:\Users\Administrador\Documents\Projeto_PAP\system\Commands\Server\rewrite.php(43): require_once('C:\\Users\\Admini...')
#10 {main}
CRITICAL - 2022-06-21 05:13:37 --> Undefined array key "id"
#0 C:\Users\Administrador\Documents\Projeto_PAP\app\Views\Admin\tabela_jogadores.php(56): CodeIgniter\Debug\Exceptions->errorHandler(2, 'Undefined array...', 'C:\\Users\\Admini...', 56)
#1 C:\Users\Administrador\Documents\Projeto_PAP\system\View\View.php(210): include('C:\\Users\\Admini...')
#2 C:\Users\Administrador\Documents\Projeto_PAP\system\View\View.php(213): CodeIgniter\View\View->CodeIgniter\View\{closure}()
#3 C:\Users\Administrador\Documents\Projeto_PAP\system\Common.php(1089): CodeIgniter\View\View->render('admin/tabela_jo...', Array, true)
#4 C:\Users\Administrador\Documents\Projeto_PAP\app\Controllers\Admin.php(342): view('admin/tabela_jo...', Array)
#5 C:\Users\Administrador\Documents\Projeto_PAP\system\CodeIgniter.php(832): App\Controllers\Admin->pagina_tabela_jogadores()
#6 C:\Users\Administrador\Documents\Projeto_PAP\system\CodeIgniter.php(419): CodeIgniter\CodeIgniter->runController(Object(App\Controllers\Admin))
#7 C:\Users\Administrador\Documents\Projeto_PAP\system\CodeIgniter.php(326): CodeIgniter\CodeIgniter->handleRequest(NULL, Object(Config\Cache), false)
#8 C:\Users\Administrador\Documents\Projeto_PAP\public\index.php(37): CodeIgniter\CodeIgniter->run()
#9 C:\Users\Administrador\Documents\Projeto_PAP\system\Commands\Server\rewrite.php(43): require_once('C:\\Users\\Admini...')
#10 {main}
CRITICAL - 2022-06-21 05:43:38 --> Undefined array key "id"
#0 C:\Users\Administrador\Documents\Projeto_PAP\app\Views\Admin\apagar_jogador.php(3): CodeIgniter\Debug\Exceptions->errorHandler(2, 'Undefined array...', 'C:\\Users\\Admini...', 3)
#1 C:\Users\Administrador\Documents\Projeto_PAP\system\View\View.php(210): include('C:\\Users\\Admini...')
#2 C:\Users\Administrador\Documents\Projeto_PAP\system\View\View.php(213): CodeIgniter\View\View->CodeIgniter\View\{closure}()
#3 C:\Users\Administrador\Documents\Projeto_PAP\system\Common.php(1089): CodeIgniter\View\View->render('Admin/apagar_jo...', Array, true)
#4 C:\Users\Administrador\Documents\Projeto_PAP\app\Controllers\Admin.php(121): view('Admin/apagar_jo...')
#5 C:\Users\Administrador\Documents\Projeto_PAP\system\CodeIgniter.php(832): App\Controllers\Admin->apagar_jogador()
#6 C:\Users\Administrador\Documents\Projeto_PAP\system\CodeIgniter.php(419): CodeIgniter\CodeIgniter->runController(Object(App\Controllers\Admin))
#7 C:\Users\Administrador\Documents\Projeto_PAP\system\CodeIgniter.php(326): CodeIgniter\CodeIgniter->handleRequest(NULL, Object(Config\Cache), false)
#8 C:\Users\Administrador\Documents\Projeto_PAP\public\index.php(37): CodeIgniter\CodeIgniter->run()
#9 C:\Users\Administrador\Documents\Projeto_PAP\system\Commands\Server\rewrite.php(43): require_once('C:\\Users\\Admini...')
#10 {main}
