CRITICAL - 2022-06-07 03:05:36 --> Trying to access array offset on value of type null
#0 C:\Users\Administrador\Documents\Projeto_PAP\app\Controllers\Admin.php(256): CodeIgniter\Debug\Exceptions->errorHandler(2, 'Trying to acces...', 'C:\\Users\\Admini...', 256)
#1 C:\Users\Administrador\Documents\Projeto_PAP\system\CodeIgniter.php(832): App\Controllers\Admin->atualizar_dados_tecnicos()
#2 C:\Users\Administrador\Documents\Projeto_PAP\system\CodeIgniter.php(419): CodeIgniter\CodeIgniter->runController(Object(App\Controllers\Admin))
#3 C:\Users\Administrador\Documents\Projeto_PAP\system\CodeIgniter.php(326): CodeIgniter\CodeIgniter->handleRequest(NULL, Object(Config\Cache), false)
#4 C:\Users\Administrador\Documents\Projeto_PAP\public\index.php(37): CodeIgniter\CodeIgniter->run()
#5 C:\Users\Administrador\Documents\Projeto_PAP\system\Commands\Server\rewrite.php(43): require_once('C:\\Users\\Admini...')
#6 {main}
CRITICAL - 2022-06-07 03:06:13 --> Trying to access array offset on value of type null
#0 C:\Users\Administrador\Documents\Projeto_PAP\app\Controllers\Admin.php(254): CodeIgniter\Debug\Exceptions->errorHandler(2, 'Trying to acces...', 'C:\\Users\\Admini...', 254)
#1 C:\Users\Administrador\Documents\Projeto_PAP\system\CodeIgniter.php(832): App\Controllers\Admin->atualizar_dados_tecnicos()
#2 C:\Users\Administrador\Documents\Projeto_PAP\system\CodeIgniter.php(419): CodeIgniter\CodeIgniter->runController(Object(App\Controllers\Admin))
#3 C:\Users\Administrador\Documents\Projeto_PAP\system\CodeIgniter.php(326): CodeIgniter\CodeIgniter->handleRequest(NULL, Object(Config\Cache), false)
#4 C:\Users\Administrador\Documents\Projeto_PAP\public\index.php(37): CodeIgniter\CodeIgniter->run()
#5 C:\Users\Administrador\Documents\Projeto_PAP\system\Commands\Server\rewrite.php(43): require_once('C:\\Users\\Admini...')
#6 {main}
CRITICAL - 2022-06-07 03:14:46 --> Trying to access array offset on value of type null
#0 C:\Users\Administrador\Documents\Projeto_PAP\app\Controllers\Admin.php(254): CodeIgniter\Debug\Exceptions->errorHandler(2, 'Trying to acces...', 'C:\\Users\\Admini...', 254)
#1 C:\Users\Administrador\Documents\Projeto_PAP\system\CodeIgniter.php(832): App\Controllers\Admin->atualizar_dados_tecnicos()
#2 C:\Users\Administrador\Documents\Projeto_PAP\system\CodeIgniter.php(419): CodeIgniter\CodeIgniter->runController(Object(App\Controllers\Admin))
#3 C:\Users\Administrador\Documents\Projeto_PAP\system\CodeIgniter.php(326): CodeIgniter\CodeIgniter->handleRequest(NULL, Object(Config\Cache), false)
#4 C:\Users\Administrador\Documents\Projeto_PAP\public\index.php(37): CodeIgniter\CodeIgniter->run()
#5 C:\Users\Administrador\Documents\Projeto_PAP\system\Commands\Server\rewrite.php(43): require_once('C:\\Users\\Admini...')
#6 {main}
CRITICAL - 2022-06-07 03:20:05 --> Allowed fields must be specified for model: App\Models\Tecnicos
#0 C:\Users\Administrador\Documents\Projeto_PAP\system\BaseModel.php(1138): CodeIgniter\Database\Exceptions\DataException::forInvalidAllowedFields('App\\Models\\Tecn...')
#1 C:\Users\Administrador\Documents\Projeto_PAP\system\BaseModel.php(841): CodeIgniter\BaseModel->doProtectFields(Array)
#2 C:\Users\Administrador\Documents\Projeto_PAP\system\Model.php(651): CodeIgniter\BaseModel->update(Array, Array)
#3 C:\Users\Administrador\Documents\Projeto_PAP\app\Controllers\Admin.php(270): CodeIgniter\Model->update('22', Array)
#4 C:\Users\Administrador\Documents\Projeto_PAP\system\CodeIgniter.php(832): App\Controllers\Admin->atualizar_dados_tecnicos()
#5 C:\Users\Administrador\Documents\Projeto_PAP\system\CodeIgniter.php(419): CodeIgniter\CodeIgniter->runController(Object(App\Controllers\Admin))
#6 C:\Users\Administrador\Documents\Projeto_PAP\system\CodeIgniter.php(326): CodeIgniter\CodeIgniter->handleRequest(NULL, Object(Config\Cache), false)
#7 C:\Users\Administrador\Documents\Projeto_PAP\public\index.php(37): CodeIgniter\CodeIgniter->run()
#8 C:\Users\Administrador\Documents\Projeto_PAP\system\Commands\Server\rewrite.php(43): require_once('C:\\Users\\Admini...')
#9 {main}
CRITICAL - 2022-06-07 03:20:23 --> Allowed fields must be specified for model: App\Models\Tecnicos
#0 C:\Users\Administrador\Documents\Projeto_PAP\system\BaseModel.php(1138): CodeIgniter\Database\Exceptions\DataException::forInvalidAllowedFields('App\\Models\\Tecn...')
#1 C:\Users\Administrador\Documents\Projeto_PAP\system\BaseModel.php(841): CodeIgniter\BaseModel->doProtectFields(Array)
#2 C:\Users\Administrador\Documents\Projeto_PAP\system\Model.php(651): CodeIgniter\BaseModel->update(Array, Array)
#3 C:\Users\Administrador\Documents\Projeto_PAP\app\Controllers\Admin.php(270): CodeIgniter\Model->update('22', Array)
#4 C:\Users\Administrador\Documents\Projeto_PAP\system\CodeIgniter.php(832): App\Controllers\Admin->atualizar_dados_tecnicos()
#5 C:\Users\Administrador\Documents\Projeto_PAP\system\CodeIgniter.php(419): CodeIgniter\CodeIgniter->runController(Object(App\Controllers\Admin))
#6 C:\Users\Administrador\Documents\Projeto_PAP\system\CodeIgniter.php(326): CodeIgniter\CodeIgniter->handleRequest(NULL, Object(Config\Cache), false)
#7 C:\Users\Administrador\Documents\Projeto_PAP\public\index.php(37): CodeIgniter\CodeIgniter->run()
#8 C:\Users\Administrador\Documents\Projeto_PAP\system\Commands\Server\rewrite.php(43): require_once('C:\\Users\\Admini...')
#9 {main}
CRITICAL - 2022-06-07 03:27:13 --> Allowed fields must be specified for model: App\Models\Tecnicos
#0 C:\Users\Administrador\Documents\Projeto_PAP\system\BaseModel.php(1138): CodeIgniter\Database\Exceptions\DataException::forInvalidAllowedFields('App\\Models\\Tecn...')
#1 C:\Users\Administrador\Documents\Projeto_PAP\system\BaseModel.php(841): CodeIgniter\BaseModel->doProtectFields(Array)
#2 C:\Users\Administrador\Documents\Projeto_PAP\system\Model.php(651): CodeIgniter\BaseModel->update(Array, Array)
#3 C:\Users\Administrador\Documents\Projeto_PAP\app\Controllers\Admin.php(272): CodeIgniter\Model->update('22', Array)
#4 C:\Users\Administrador\Documents\Projeto_PAP\system\CodeIgniter.php(832): App\Controllers\Admin->atualizar_dados_tecnicos()
#5 C:\Users\Administrador\Documents\Projeto_PAP\system\CodeIgniter.php(419): CodeIgniter\CodeIgniter->runController(Object(App\Controllers\Admin))
#6 C:\Users\Administrador\Documents\Projeto_PAP\system\CodeIgniter.php(326): CodeIgniter\CodeIgniter->handleRequest(NULL, Object(Config\Cache), false)
#7 C:\Users\Administrador\Documents\Projeto_PAP\public\index.php(37): CodeIgniter\CodeIgniter->run()
#8 C:\Users\Administrador\Documents\Projeto_PAP\system\Commands\Server\rewrite.php(43): require_once('C:\\Users\\Admini...')
#9 {main}
CRITICAL - 2022-06-07 03:27:23 --> Allowed fields must be specified for model: App\Models\Tecnicos
#0 C:\Users\Administrador\Documents\Projeto_PAP\system\BaseModel.php(1138): CodeIgniter\Database\Exceptions\DataException::forInvalidAllowedFields('App\\Models\\Tecn...')
#1 C:\Users\Administrador\Documents\Projeto_PAP\system\BaseModel.php(841): CodeIgniter\BaseModel->doProtectFields(Array)
#2 C:\Users\Administrador\Documents\Projeto_PAP\system\Model.php(651): CodeIgniter\BaseModel->update(Array, Array)
#3 C:\Users\Administrador\Documents\Projeto_PAP\app\Controllers\Admin.php(272): CodeIgniter\Model->update('22', Array)
#4 C:\Users\Administrador\Documents\Projeto_PAP\system\CodeIgniter.php(832): App\Controllers\Admin->atualizar_dados_tecnicos()
#5 C:\Users\Administrador\Documents\Projeto_PAP\system\CodeIgniter.php(419): CodeIgniter\CodeIgniter->runController(Object(App\Controllers\Admin))
#6 C:\Users\Administrador\Documents\Projeto_PAP\system\CodeIgniter.php(326): CodeIgniter\CodeIgniter->handleRequest(NULL, Object(Config\Cache), false)
#7 C:\Users\Administrador\Documents\Projeto_PAP\public\index.php(37): CodeIgniter\CodeIgniter->run()
#8 C:\Users\Administrador\Documents\Projeto_PAP\system\Commands\Server\rewrite.php(43): require_once('C:\\Users\\Admini...')
#9 {main}
CRITICAL - 2022-06-07 03:28:43 --> Allowed fields must be specified for model: App\Models\Tecnicos
#0 C:\Users\Administrador\Documents\Projeto_PAP\system\BaseModel.php(1138): CodeIgniter\Database\Exceptions\DataException::forInvalidAllowedFields('App\\Models\\Tecn...')
#1 C:\Users\Administrador\Documents\Projeto_PAP\system\BaseModel.php(841): CodeIgniter\BaseModel->doProtectFields(Array)
#2 C:\Users\Administrador\Documents\Projeto_PAP\system\Model.php(651): CodeIgniter\BaseModel->update(Array, Array)
#3 C:\Users\Administrador\Documents\Projeto_PAP\app\Controllers\Admin.php(273): CodeIgniter\Model->update('22', Array)
#4 C:\Users\Administrador\Documents\Projeto_PAP\system\CodeIgniter.php(832): App\Controllers\Admin->atualizar_dados_tecnicos()
#5 C:\Users\Administrador\Documents\Projeto_PAP\system\CodeIgniter.php(419): CodeIgniter\CodeIgniter->runController(Object(App\Controllers\Admin))
#6 C:\Users\Administrador\Documents\Projeto_PAP\system\CodeIgniter.php(326): CodeIgniter\CodeIgniter->handleRequest(NULL, Object(Config\Cache), false)
#7 C:\Users\Administrador\Documents\Projeto_PAP\public\index.php(37): CodeIgniter\CodeIgniter->run()
#8 C:\Users\Administrador\Documents\Projeto_PAP\system\Commands\Server\rewrite.php(43): require_once('C:\\Users\\Admini...')
#9 {main}
CRITICAL - 2022-06-07 03:31:43 --> Allowed fields must be specified for model: App\Models\Tecnicos
#0 C:\Users\Administrador\Documents\Projeto_PAP\system\BaseModel.php(1138): CodeIgniter\Database\Exceptions\DataException::forInvalidAllowedFields('App\\Models\\Tecn...')
#1 C:\Users\Administrador\Documents\Projeto_PAP\system\BaseModel.php(841): CodeIgniter\BaseModel->doProtectFields(Array)
#2 C:\Users\Administrador\Documents\Projeto_PAP\system\Model.php(651): CodeIgniter\BaseModel->update(Array, Array)
#3 C:\Users\Administrador\Documents\Projeto_PAP\app\Controllers\Admin.php(273): CodeIgniter\Model->update('22', Array)
#4 C:\Users\Administrador\Documents\Projeto_PAP\system\CodeIgniter.php(832): App\Controllers\Admin->atualizar_dados_tecnicos()
#5 C:\Users\Administrador\Documents\Projeto_PAP\system\CodeIgniter.php(419): CodeIgniter\CodeIgniter->runController(Object(App\Controllers\Admin))
#6 C:\Users\Administrador\Documents\Projeto_PAP\system\CodeIgniter.php(326): CodeIgniter\CodeIgniter->handleRequest(NULL, Object(Config\Cache), false)
#7 C:\Users\Administrador\Documents\Projeto_PAP\public\index.php(37): CodeIgniter\CodeIgniter->run()
#8 C:\Users\Administrador\Documents\Projeto_PAP\system\Commands\Server\rewrite.php(43): require_once('C:\\Users\\Admini...')
#9 {main}
CRITICAL - 2022-06-07 04:20:41 --> Undefined property: stdClass::$estado
#0 C:\Users\Administrador\Documents\Projeto_PAP\app\Views\Admin\tabela_equipas.php(33): CodeIgniter\Debug\Exceptions->errorHandler(2, 'Undefined prope...', 'C:\\Users\\Admini...', 33)
#1 C:\Users\Administrador\Documents\Projeto_PAP\system\View\View.php(210): include('C:\\Users\\Admini...')
#2 C:\Users\Administrador\Documents\Projeto_PAP\system\View\View.php(213): CodeIgniter\View\View->CodeIgniter\View\{closure}()
#3 C:\Users\Administrador\Documents\Projeto_PAP\system\Common.php(1089): CodeIgniter\View\View->render('admin/tabela_eq...', Array, true)
#4 C:\Users\Administrador\Documents\Projeto_PAP\app\Controllers\Admin.php(374): view('admin/tabela_eq...', Array)
#5 C:\Users\Administrador\Documents\Projeto_PAP\system\CodeIgniter.php(832): App\Controllers\Admin->pagina_tabela_equipas()
#6 C:\Users\Administrador\Documents\Projeto_PAP\system\CodeIgniter.php(419): CodeIgniter\CodeIgniter->runController(Object(App\Controllers\Admin))
#7 C:\Users\Administrador\Documents\Projeto_PAP\system\CodeIgniter.php(326): CodeIgniter\CodeIgniter->handleRequest(NULL, Object(Config\Cache), false)
#8 C:\Users\Administrador\Documents\Projeto_PAP\public\index.php(37): CodeIgniter\CodeIgniter->run()
#9 C:\Users\Administrador\Documents\Projeto_PAP\system\Commands\Server\rewrite.php(43): require_once('C:\\Users\\Admini...')
#10 {main}
CRITICAL - 2022-06-07 04:28:43 --> CodeIgniter\Database\BaseResult::getFirstRow(): Argument #1 ($type) must be of type string, null given, called in C:\Users\Administrador\Documents\Projeto_PAP\system\Model.php on line 143
#0 C:\Users\Administrador\Documents\Projeto_PAP\system\Model.php(143): CodeIgniter\Database\BaseResult->getFirstRow(NULL)
#1 C:\Users\Administrador\Documents\Projeto_PAP\system\BaseModel.php(523): CodeIgniter\Model->doFind(true, '3')
#2 C:\Users\Administrador\Documents\Projeto_PAP\app\Controllers\Admin.php(383): CodeIgniter\BaseModel->find('3')
#3 C:\Users\Administrador\Documents\Projeto_PAP\system\CodeIgniter.php(832): App\Controllers\Admin->apagar_equipa('3')
#4 C:\Users\Administrador\Documents\Projeto_PAP\system\CodeIgniter.php(419): CodeIgniter\CodeIgniter->runController(Object(App\Controllers\Admin))
#5 C:\Users\Administrador\Documents\Projeto_PAP\system\CodeIgniter.php(326): CodeIgniter\CodeIgniter->handleRequest(NULL, Object(Config\Cache), false)
#6 C:\Users\Administrador\Documents\Projeto_PAP\public\index.php(37): CodeIgniter\CodeIgniter->run()
#7 C:\Users\Administrador\Documents\Projeto_PAP\system\Commands\Server\rewrite.php(43): require_once('C:\\Users\\Admini...')
#8 {main}
CRITICAL - 2022-06-07 04:28:50 --> CodeIgniter\Database\BaseResult::getFirstRow(): Argument #1 ($type) must be of type string, null given, called in C:\Users\Administrador\Documents\Projeto_PAP\system\Model.php on line 143
#0 C:\Users\Administrador\Documents\Projeto_PAP\system\Model.php(143): CodeIgniter\Database\BaseResult->getFirstRow(NULL)
#1 C:\Users\Administrador\Documents\Projeto_PAP\system\BaseModel.php(523): CodeIgniter\Model->doFind(true, '3')
#2 C:\Users\Administrador\Documents\Projeto_PAP\app\Controllers\Admin.php(383): CodeIgniter\BaseModel->find('3')
#3 C:\Users\Administrador\Documents\Projeto_PAP\system\CodeIgniter.php(832): App\Controllers\Admin->apagar_equipa('3')
#4 C:\Users\Administrador\Documents\Projeto_PAP\system\CodeIgniter.php(419): CodeIgniter\CodeIgniter->runController(Object(App\Controllers\Admin))
#5 C:\Users\Administrador\Documents\Projeto_PAP\system\CodeIgniter.php(326): CodeIgniter\CodeIgniter->handleRequest(NULL, Object(Config\Cache), false)
#6 C:\Users\Administrador\Documents\Projeto_PAP\public\index.php(37): CodeIgniter\CodeIgniter->run()
#7 C:\Users\Administrador\Documents\Projeto_PAP\system\Commands\Server\rewrite.php(43): require_once('C:\\Users\\Admini...')
#8 {main}
CRITICAL - 2022-06-07 04:29:06 --> CodeIgniter\Database\BaseResult::getFirstRow(): Argument #1 ($type) must be of type string, null given, called in C:\Users\Administrador\Documents\Projeto_PAP\system\Model.php on line 143
#0 C:\Users\Administrador\Documents\Projeto_PAP\system\Model.php(143): CodeIgniter\Database\BaseResult->getFirstRow(NULL)
#1 C:\Users\Administrador\Documents\Projeto_PAP\system\BaseModel.php(523): CodeIgniter\Model->doFind(true, '3')
#2 C:\Users\Administrador\Documents\Projeto_PAP\app\Controllers\Admin.php(383): CodeIgniter\BaseModel->find('3')
#3 C:\Users\Administrador\Documents\Projeto_PAP\system\CodeIgniter.php(832): App\Controllers\Admin->apagar_equipa('3')
#4 C:\Users\Administrador\Documents\Projeto_PAP\system\CodeIgniter.php(419): CodeIgniter\CodeIgniter->runController(Object(App\Controllers\Admin))
#5 C:\Users\Administrador\Documents\Projeto_PAP\system\CodeIgniter.php(326): CodeIgniter\CodeIgniter->handleRequest(NULL, Object(Config\Cache), false)
#6 C:\Users\Administrador\Documents\Projeto_PAP\public\index.php(37): CodeIgniter\CodeIgniter->run()
#7 C:\Users\Administrador\Documents\Projeto_PAP\system\Commands\Server\rewrite.php(43): require_once('C:\\Users\\Admini...')
#8 {main}
CRITICAL - 2022-06-07 04:29:13 --> CodeIgniter\Database\BaseResult::getFirstRow(): Argument #1 ($type) must be of type string, null given, called in C:\Users\Administrador\Documents\Projeto_PAP\system\Model.php on line 143
#0 C:\Users\Administrador\Documents\Projeto_PAP\system\Model.php(143): CodeIgniter\Database\BaseResult->getFirstRow(NULL)
#1 C:\Users\Administrador\Documents\Projeto_PAP\system\BaseModel.php(523): CodeIgniter\Model->doFind(true, '3')
#2 C:\Users\Administrador\Documents\Projeto_PAP\app\Controllers\Admin.php(383): CodeIgniter\BaseModel->find('3')
#3 C:\Users\Administrador\Documents\Projeto_PAP\system\CodeIgniter.php(832): App\Controllers\Admin->apagar_equipa('3')
#4 C:\Users\Administrador\Documents\Projeto_PAP\system\CodeIgniter.php(419): CodeIgniter\CodeIgniter->runController(Object(App\Controllers\Admin))
#5 C:\Users\Administrador\Documents\Projeto_PAP\system\CodeIgniter.php(326): CodeIgniter\CodeIgniter->handleRequest(NULL, Object(Config\Cache), false)
#6 C:\Users\Administrador\Documents\Projeto_PAP\public\index.php(37): CodeIgniter\CodeIgniter->run()
#7 C:\Users\Administrador\Documents\Projeto_PAP\system\Commands\Server\rewrite.php(43): require_once('C:\\Users\\Admini...')
#8 {main}
CRITICAL - 2022-06-07 04:31:15 --> CodeIgniter\Database\BaseResult::getFirstRow(): Argument #1 ($type) must be of type string, null given, called in C:\Users\Administrador\Documents\Projeto_PAP\system\Model.php on line 143
#0 C:\Users\Administrador\Documents\Projeto_PAP\system\Model.php(143): CodeIgniter\Database\BaseResult->getFirstRow(NULL)
#1 C:\Users\Administrador\Documents\Projeto_PAP\system\BaseModel.php(523): CodeIgniter\Model->doFind(true, '3')
#2 C:\Users\Administrador\Documents\Projeto_PAP\app\Controllers\Admin.php(383): CodeIgniter\BaseModel->find('3')
#3 C:\Users\Administrador\Documents\Projeto_PAP\system\CodeIgniter.php(832): App\Controllers\Admin->apagar_equipa('3')
#4 C:\Users\Administrador\Documents\Projeto_PAP\system\CodeIgniter.php(419): CodeIgniter\CodeIgniter->runController(Object(App\Controllers\Admin))
#5 C:\Users\Administrador\Documents\Projeto_PAP\system\CodeIgniter.php(326): CodeIgniter\CodeIgniter->handleRequest(NULL, Object(Config\Cache), false)
#6 C:\Users\Administrador\Documents\Projeto_PAP\public\index.php(37): CodeIgniter\CodeIgniter->run()
#7 C:\Users\Administrador\Documents\Projeto_PAP\system\Commands\Server\rewrite.php(43): require_once('C:\\Users\\Admini...')
#8 {main}
CRITICAL - 2022-06-07 04:31:31 --> CodeIgniter\Database\BaseResult::getFirstRow(): Argument #1 ($type) must be of type string, null given, called in C:\Users\Administrador\Documents\Projeto_PAP\system\Model.php on line 143
#0 C:\Users\Administrador\Documents\Projeto_PAP\system\Model.php(143): CodeIgniter\Database\BaseResult->getFirstRow(NULL)
#1 C:\Users\Administrador\Documents\Projeto_PAP\system\BaseModel.php(523): CodeIgniter\Model->doFind(true, '3')
#2 C:\Users\Administrador\Documents\Projeto_PAP\app\Controllers\Admin.php(383): CodeIgniter\BaseModel->find('3')
#3 C:\Users\Administrador\Documents\Projeto_PAP\system\CodeIgniter.php(832): App\Controllers\Admin->apagar_equipa('3')
#4 C:\Users\Administrador\Documents\Projeto_PAP\system\CodeIgniter.php(419): CodeIgniter\CodeIgniter->runController(Object(App\Controllers\Admin))
#5 C:\Users\Administrador\Documents\Projeto_PAP\system\CodeIgniter.php(326): CodeIgniter\CodeIgniter->handleRequest(NULL, Object(Config\Cache), false)
#6 C:\Users\Administrador\Documents\Projeto_PAP\public\index.php(37): CodeIgniter\CodeIgniter->run()
#7 C:\Users\Administrador\Documents\Projeto_PAP\system\Commands\Server\rewrite.php(43): require_once('C:\\Users\\Admini...')
#8 {main}
CRITICAL - 2022-06-07 04:31:47 --> CodeIgniter\Database\BaseResult::getFirstRow(): Argument #1 ($type) must be of type string, null given, called in C:\Users\Administrador\Documents\Projeto_PAP\system\Model.php on line 143
#0 C:\Users\Administrador\Documents\Projeto_PAP\system\Model.php(143): CodeIgniter\Database\BaseResult->getFirstRow(NULL)
#1 C:\Users\Administrador\Documents\Projeto_PAP\system\BaseModel.php(523): CodeIgniter\Model->doFind(true, '3')
#2 C:\Users\Administrador\Documents\Projeto_PAP\app\Controllers\Admin.php(383): CodeIgniter\BaseModel->find('3')
#3 C:\Users\Administrador\Documents\Projeto_PAP\system\CodeIgniter.php(832): App\Controllers\Admin->apagar_equipa('3')
#4 C:\Users\Administrador\Documents\Projeto_PAP\system\CodeIgniter.php(419): CodeIgniter\CodeIgniter->runController(Object(App\Controllers\Admin))
#5 C:\Users\Administrador\Documents\Projeto_PAP\system\CodeIgniter.php(326): CodeIgniter\CodeIgniter->handleRequest(NULL, Object(Config\Cache), false)
#6 C:\Users\Administrador\Documents\Projeto_PAP\public\index.php(37): CodeIgniter\CodeIgniter->run()
#7 C:\Users\Administrador\Documents\Projeto_PAP\system\Commands\Server\rewrite.php(43): require_once('C:\\Users\\Admini...')
#8 {main}
CRITICAL - 2022-06-07 04:34:02 --> CodeIgniter\Database\BaseResult::getFirstRow(): Argument #1 ($type) must be of type string, null given, called in C:\Users\Administrador\Documents\Projeto_PAP\system\Model.php on line 143
#0 C:\Users\Administrador\Documents\Projeto_PAP\system\Model.php(143): CodeIgniter\Database\BaseResult->getFirstRow(NULL)
#1 C:\Users\Administrador\Documents\Projeto_PAP\system\BaseModel.php(523): CodeIgniter\Model->doFind(true, '3')
#2 C:\Users\Administrador\Documents\Projeto_PAP\app\Controllers\Admin.php(383): CodeIgniter\BaseModel->find('3')
#3 C:\Users\Administrador\Documents\Projeto_PAP\system\CodeIgniter.php(832): App\Controllers\Admin->apagar_equipa('3')
#4 C:\Users\Administrador\Documents\Projeto_PAP\system\CodeIgniter.php(419): CodeIgniter\CodeIgniter->runController(Object(App\Controllers\Admin))
#5 C:\Users\Administrador\Documents\Projeto_PAP\system\CodeIgniter.php(326): CodeIgniter\CodeIgniter->handleRequest(NULL, Object(Config\Cache), false)
#6 C:\Users\Administrador\Documents\Projeto_PAP\public\index.php(37): CodeIgniter\CodeIgniter->run()
#7 C:\Users\Administrador\Documents\Projeto_PAP\system\Commands\Server\rewrite.php(43): require_once('C:\\Users\\Admini...')
#8 {main}
CRITICAL - 2022-06-07 04:37:45 --> CodeIgniter\Database\BaseResult::getFirstRow(): Argument #1 ($type) must be of type string, null given, called in C:\Users\Administrador\Documents\Projeto_PAP\system\Model.php on line 143
#0 C:\Users\Administrador\Documents\Projeto_PAP\system\Model.php(143): CodeIgniter\Database\BaseResult->getFirstRow(NULL)
#1 C:\Users\Administrador\Documents\Projeto_PAP\system\BaseModel.php(523): CodeIgniter\Model->doFind(true, '3')
#2 C:\Users\Administrador\Documents\Projeto_PAP\app\Controllers\Admin.php(383): CodeIgniter\BaseModel->find('3')
#3 C:\Users\Administrador\Documents\Projeto_PAP\system\CodeIgniter.php(832): App\Controllers\Admin->apagar_equipa('3')
#4 C:\Users\Administrador\Documents\Projeto_PAP\system\CodeIgniter.php(419): CodeIgniter\CodeIgniter->runController(Object(App\Controllers\Admin))
#5 C:\Users\Administrador\Documents\Projeto_PAP\system\CodeIgniter.php(326): CodeIgniter\CodeIgniter->handleRequest(NULL, Object(Config\Cache), false)
#6 C:\Users\Administrador\Documents\Projeto_PAP\public\index.php(37): CodeIgniter\CodeIgniter->run()
#7 C:\Users\Administrador\Documents\Projeto_PAP\system\Commands\Server\rewrite.php(43): require_once('C:\\Users\\Admini...')
#8 {main}
CRITICAL - 2022-06-07 04:39:06 --> CodeIgniter\Database\BaseResult::getFirstRow(): Argument #1 ($type) must be of type string, null given, called in C:\Users\Administrador\Documents\Projeto_PAP\system\Model.php on line 143
#0 C:\Users\Administrador\Documents\Projeto_PAP\system\Model.php(143): CodeIgniter\Database\BaseResult->getFirstRow(NULL)
#1 C:\Users\Administrador\Documents\Projeto_PAP\system\BaseModel.php(523): CodeIgniter\Model->doFind(true, '3')
#2 C:\Users\Administrador\Documents\Projeto_PAP\app\Controllers\Admin.php(383): CodeIgniter\BaseModel->find('3')
#3 C:\Users\Administrador\Documents\Projeto_PAP\system\CodeIgniter.php(832): App\Controllers\Admin->apagar_equipa('3')
#4 C:\Users\Administrador\Documents\Projeto_PAP\system\CodeIgniter.php(419): CodeIgniter\CodeIgniter->runController(Object(App\Controllers\Admin))
#5 C:\Users\Administrador\Documents\Projeto_PAP\system\CodeIgniter.php(326): CodeIgniter\CodeIgniter->handleRequest(NULL, Object(Config\Cache), false)
#6 C:\Users\Administrador\Documents\Projeto_PAP\public\index.php(37): CodeIgniter\CodeIgniter->run()
#7 C:\Users\Administrador\Documents\Projeto_PAP\system\Commands\Server\rewrite.php(43): require_once('C:\\Users\\Admini...')
#8 {main}
CRITICAL - 2022-06-07 04:55:03 --> CodeIgniter\Database\BaseResult::getFirstRow(): Argument #1 ($type) must be of type string, null given, called in C:\Users\Administrador\Documents\Projeto_PAP\system\Model.php on line 143
#0 C:\Users\Administrador\Documents\Projeto_PAP\system\Model.php(143): CodeIgniter\Database\BaseResult->getFirstRow(NULL)
#1 C:\Users\Administrador\Documents\Projeto_PAP\system\BaseModel.php(523): CodeIgniter\Model->doFind(true, '3')
#2 C:\Users\Administrador\Documents\Projeto_PAP\app\Controllers\Admin.php(383): CodeIgniter\BaseModel->find('3')
#3 C:\Users\Administrador\Documents\Projeto_PAP\system\CodeIgniter.php(832): App\Controllers\Admin->apagar_equipa('3')
#4 C:\Users\Administrador\Documents\Projeto_PAP\system\CodeIgniter.php(419): CodeIgniter\CodeIgniter->runController(Object(App\Controllers\Admin))
#5 C:\Users\Administrador\Documents\Projeto_PAP\system\CodeIgniter.php(326): CodeIgniter\CodeIgniter->handleRequest(NULL, Object(Config\Cache), false)
#6 C:\Users\Administrador\Documents\Projeto_PAP\public\index.php(37): CodeIgniter\CodeIgniter->run()
#7 C:\Users\Administrador\Documents\Projeto_PAP\system\Commands\Server\rewrite.php(43): require_once('C:\\Users\\Admini...')
#8 {main}
CRITICAL - 2022-06-07 04:55:10 --> CodeIgniter\Database\BaseResult::getFirstRow(): Argument #1 ($type) must be of type string, null given, called in C:\Users\Administrador\Documents\Projeto_PAP\system\Model.php on line 143
#0 C:\Users\Administrador\Documents\Projeto_PAP\system\Model.php(143): CodeIgniter\Database\BaseResult->getFirstRow(NULL)
#1 C:\Users\Administrador\Documents\Projeto_PAP\system\BaseModel.php(523): CodeIgniter\Model->doFind(true, '3')
#2 C:\Users\Administrador\Documents\Projeto_PAP\app\Controllers\Admin.php(383): CodeIgniter\BaseModel->find('3')
#3 C:\Users\Administrador\Documents\Projeto_PAP\system\CodeIgniter.php(832): App\Controllers\Admin->apagar_equipa('3')
#4 C:\Users\Administrador\Documents\Projeto_PAP\system\CodeIgniter.php(419): CodeIgniter\CodeIgniter->runController(Object(App\Controllers\Admin))
#5 C:\Users\Administrador\Documents\Projeto_PAP\system\CodeIgniter.php(326): CodeIgniter\CodeIgniter->handleRequest(NULL, Object(Config\Cache), false)
#6 C:\Users\Administrador\Documents\Projeto_PAP\public\index.php(37): CodeIgniter\CodeIgniter->run()
#7 C:\Users\Administrador\Documents\Projeto_PAP\system\Commands\Server\rewrite.php(43): require_once('C:\\Users\\Admini...')
#8 {main}
ERROR - 2022-06-07 04:55:49 --> Cannot delete or update a parent row: a foreign key constraint fails (`milheiroense`.`jogadores_equipa`, CONSTRAINT `jogadores_equipa_ibfk_2` FOREIGN KEY (`id_equipa`) REFERENCES `equipas` (`id_equipa`))
CRITICAL - 2022-06-07 04:55:49 --> Cannot delete or update a parent row: a foreign key constraint fails (`milheiroense`.`jogadores_equipa`, CONSTRAINT `jogadores_equipa_ibfk_2` FOREIGN KEY (`id_equipa`) REFERENCES `equipas` (`id_equipa`))
#0 C:\Users\Administrador\Documents\Projeto_PAP\system\Database\MySQLi\Connection.php(292): mysqli->query('DELETE FROM `eq...', 0)
#1 C:\Users\Administrador\Documents\Projeto_PAP\system\Database\BaseConnection.php(670): CodeIgniter\Database\MySQLi\Connection->execute('DELETE FROM `eq...')
#2 C:\Users\Administrador\Documents\Projeto_PAP\system\Database\BaseConnection.php(598): CodeIgniter\Database\BaseConnection->simpleQuery('DELETE FROM `eq...')
#3 C:\Users\Administrador\Documents\Projeto_PAP\system\Database\BaseBuilder.php(2225): CodeIgniter\Database\BaseConnection->query('DELETE FROM `eq...', Array, false)
#4 C:\Users\Administrador\Documents\Projeto_PAP\system\Model.php(359): CodeIgniter\Database\BaseBuilder->delete()
#5 C:\Users\Administrador\Documents\Projeto_PAP\system\BaseModel.php(963): CodeIgniter\Model->doDelete(Array, false)
#6 C:\Users\Administrador\Documents\Projeto_PAP\app\Controllers\Admin.php(385): CodeIgniter\BaseModel->delete(Array)
#7 C:\Users\Administrador\Documents\Projeto_PAP\system\CodeIgniter.php(832): App\Controllers\Admin->apagar_equipa('3')
#8 C:\Users\Administrador\Documents\Projeto_PAP\system\CodeIgniter.php(419): CodeIgniter\CodeIgniter->runController(Object(App\Controllers\Admin))
#9 C:\Users\Administrador\Documents\Projeto_PAP\system\CodeIgniter.php(326): CodeIgniter\CodeIgniter->handleRequest(NULL, Object(Config\Cache), false)
#10 C:\Users\Administrador\Documents\Projeto_PAP\public\index.php(37): CodeIgniter\CodeIgniter->run()
#11 C:\Users\Administrador\Documents\Projeto_PAP\system\Commands\Server\rewrite.php(43): require_once('C:\\Users\\Admini...')
#12 {main}
CRITICAL - 2022-06-07 04:56:30 --> Deletes are not allowed unless they contain a "where" or "like" clause.
#0 C:\Users\Administrador\Documents\Projeto_PAP\system\Model.php(359): CodeIgniter\Database\BaseBuilder->delete()
#1 C:\Users\Administrador\Documents\Projeto_PAP\system\BaseModel.php(963): CodeIgniter\Model->doDelete(NULL, false)
#2 C:\Users\Administrador\Documents\Projeto_PAP\app\Controllers\Admin.php(385): CodeIgniter\BaseModel->delete(NULL)
#3 C:\Users\Administrador\Documents\Projeto_PAP\system\CodeIgniter.php(832): App\Controllers\Admin->apagar_equipa('3')
#4 C:\Users\Administrador\Documents\Projeto_PAP\system\CodeIgniter.php(419): CodeIgniter\CodeIgniter->runController(Object(App\Controllers\Admin))
#5 C:\Users\Administrador\Documents\Projeto_PAP\system\CodeIgniter.php(326): CodeIgniter\CodeIgniter->handleRequest(NULL, Object(Config\Cache), false)
#6 C:\Users\Administrador\Documents\Projeto_PAP\public\index.php(37): CodeIgniter\CodeIgniter->run()
#7 C:\Users\Administrador\Documents\Projeto_PAP\system\Commands\Server\rewrite.php(43): require_once('C:\\Users\\Admini...')
#8 {main}
ERROR - 2022-06-07 04:57:42 --> Cannot delete or update a parent row: a foreign key constraint fails (`milheiroense`.`jogadores_equipa`, CONSTRAINT `jogadores_equipa_ibfk_2` FOREIGN KEY (`id_equipa`) REFERENCES `equipas` (`id_equipa`))
CRITICAL - 2022-06-07 04:57:42 --> Cannot delete or update a parent row: a foreign key constraint fails (`milheiroense`.`jogadores_equipa`, CONSTRAINT `jogadores_equipa_ibfk_2` FOREIGN KEY (`id_equipa`) REFERENCES `equipas` (`id_equipa`))
#0 C:\Users\Administrador\Documents\Projeto_PAP\system\Database\MySQLi\Connection.php(292): mysqli->query('DELETE FROM `eq...', 0)
#1 C:\Users\Administrador\Documents\Projeto_PAP\system\Database\BaseConnection.php(670): CodeIgniter\Database\MySQLi\Connection->execute('DELETE FROM `eq...')
#2 C:\Users\Administrador\Documents\Projeto_PAP\system\Database\BaseConnection.php(598): CodeIgniter\Database\BaseConnection->simpleQuery('DELETE FROM `eq...')
#3 C:\Users\Administrador\Documents\Projeto_PAP\system\Database\BaseBuilder.php(2225): CodeIgniter\Database\BaseConnection->query('DELETE FROM `eq...', Array, false)
#4 C:\Users\Administrador\Documents\Projeto_PAP\system\Model.php(359): CodeIgniter\Database\BaseBuilder->delete()
#5 C:\Users\Administrador\Documents\Projeto_PAP\system\BaseModel.php(963): CodeIgniter\Model->doDelete(Array, false)
#6 C:\Users\Administrador\Documents\Projeto_PAP\app\Controllers\Admin.php(385): CodeIgniter\BaseModel->delete(Array)
#7 C:\Users\Administrador\Documents\Projeto_PAP\system\CodeIgniter.php(832): App\Controllers\Admin->apagar_equipa('4')
#8 C:\Users\Administrador\Documents\Projeto_PAP\system\CodeIgniter.php(419): CodeIgniter\CodeIgniter->runController(Object(App\Controllers\Admin))
#9 C:\Users\Administrador\Documents\Projeto_PAP\system\CodeIgniter.php(326): CodeIgniter\CodeIgniter->handleRequest(NULL, Object(Config\Cache), false)
#10 C:\Users\Administrador\Documents\Projeto_PAP\public\index.php(37): CodeIgniter\CodeIgniter->run()
#11 C:\Users\Administrador\Documents\Projeto_PAP\system\Commands\Server\rewrite.php(43): require_once('C:\\Users\\Admini...')
#12 {main}
CRITICAL - 2022-06-07 04:58:16 --> CodeIgniter\Database\BaseResult::getFirstRow(): Argument #1 ($type) must be of type string, null given, called in C:\Users\Administrador\Documents\Projeto_PAP\system\Model.php on line 143
#0 C:\Users\Administrador\Documents\Projeto_PAP\system\Model.php(143): CodeIgniter\Database\BaseResult->getFirstRow(NULL)
#1 C:\Users\Administrador\Documents\Projeto_PAP\system\BaseModel.php(523): CodeIgniter\Model->doFind(true, '4')
#2 C:\Users\Administrador\Documents\Projeto_PAP\app\Controllers\Admin.php(383): CodeIgniter\BaseModel->find('4')
#3 C:\Users\Administrador\Documents\Projeto_PAP\system\CodeIgniter.php(832): App\Controllers\Admin->apagar_equipa('4')
#4 C:\Users\Administrador\Documents\Projeto_PAP\system\CodeIgniter.php(419): CodeIgniter\CodeIgniter->runController(Object(App\Controllers\Admin))
#5 C:\Users\Administrador\Documents\Projeto_PAP\system\CodeIgniter.php(326): CodeIgniter\CodeIgniter->handleRequest(NULL, Object(Config\Cache), false)
#6 C:\Users\Administrador\Documents\Projeto_PAP\public\index.php(37): CodeIgniter\CodeIgniter->run()
#7 C:\Users\Administrador\Documents\Projeto_PAP\system\Commands\Server\rewrite.php(43): require_once('C:\\Users\\Admini...')
#8 {main}
ERROR - 2022-06-07 04:58:35 --> Cannot delete or update a parent row: a foreign key constraint fails (`milheiroense`.`jogadores_equipa`, CONSTRAINT `jogadores_equipa_ibfk_2` FOREIGN KEY (`id_equipa`) REFERENCES `equipas` (`id_equipa`))
CRITICAL - 2022-06-07 04:58:35 --> Cannot delete or update a parent row: a foreign key constraint fails (`milheiroense`.`jogadores_equipa`, CONSTRAINT `jogadores_equipa_ibfk_2` FOREIGN KEY (`id_equipa`) REFERENCES `equipas` (`id_equipa`))
#0 C:\Users\Administrador\Documents\Projeto_PAP\system\Database\MySQLi\Connection.php(292): mysqli->query('DELETE FROM `eq...', 0)
#1 C:\Users\Administrador\Documents\Projeto_PAP\system\Database\BaseConnection.php(670): CodeIgniter\Database\MySQLi\Connection->execute('DELETE FROM `eq...')
#2 C:\Users\Administrador\Documents\Projeto_PAP\system\Database\BaseConnection.php(598): CodeIgniter\Database\BaseConnection->simpleQuery('DELETE FROM `eq...')
#3 C:\Users\Administrador\Documents\Projeto_PAP\system\Database\BaseBuilder.php(2225): CodeIgniter\Database\BaseConnection->query('DELETE FROM `eq...', Array, false)
#4 C:\Users\Administrador\Documents\Projeto_PAP\system\Model.php(359): CodeIgniter\Database\BaseBuilder->delete()
#5 C:\Users\Administrador\Documents\Projeto_PAP\system\BaseModel.php(963): CodeIgniter\Model->doDelete(Array, false)
#6 C:\Users\Administrador\Documents\Projeto_PAP\app\Controllers\Admin.php(386): CodeIgniter\BaseModel->delete(Array)
#7 C:\Users\Administrador\Documents\Projeto_PAP\system\CodeIgniter.php(832): App\Controllers\Admin->apagar_equipa('4')
#8 C:\Users\Administrador\Documents\Projeto_PAP\system\CodeIgniter.php(419): CodeIgniter\CodeIgniter->runController(Object(App\Controllers\Admin))
#9 C:\Users\Administrador\Documents\Projeto_PAP\system\CodeIgniter.php(326): CodeIgniter\CodeIgniter->handleRequest(NULL, Object(Config\Cache), false)
#10 C:\Users\Administrador\Documents\Projeto_PAP\public\index.php(37): CodeIgniter\CodeIgniter->run()
#11 C:\Users\Administrador\Documents\Projeto_PAP\system\Commands\Server\rewrite.php(43): require_once('C:\\Users\\Admini...')
#12 {main}
ERROR - 2022-06-07 05:00:33 --> Cannot delete or update a parent row: a foreign key constraint fails (`milheiroense`.`jogadores_equipa`, CONSTRAINT `jogadores_equipa_ibfk_2` FOREIGN KEY (`id_equipa`) REFERENCES `equipas` (`id_equipa`))
CRITICAL - 2022-06-07 05:00:33 --> Cannot delete or update a parent row: a foreign key constraint fails (`milheiroense`.`jogadores_equipa`, CONSTRAINT `jogadores_equipa_ibfk_2` FOREIGN KEY (`id_equipa`) REFERENCES `equipas` (`id_equipa`))
#0 C:\Users\Administrador\Documents\Projeto_PAP\system\Database\MySQLi\Connection.php(292): mysqli->query('DELETE FROM `eq...', 0)
#1 C:\Users\Administrador\Documents\Projeto_PAP\system\Database\BaseConnection.php(670): CodeIgniter\Database\MySQLi\Connection->execute('DELETE FROM `eq...')
#2 C:\Users\Administrador\Documents\Projeto_PAP\system\Database\BaseConnection.php(598): CodeIgniter\Database\BaseConnection->simpleQuery('DELETE FROM `eq...')
#3 C:\Users\Administrador\Documents\Projeto_PAP\system\Database\BaseBuilder.php(2225): CodeIgniter\Database\BaseConnection->query('DELETE FROM `eq...', Array, false)
#4 C:\Users\Administrador\Documents\Projeto_PAP\system\Model.php(359): CodeIgniter\Database\BaseBuilder->delete()
#5 C:\Users\Administrador\Documents\Projeto_PAP\system\BaseModel.php(963): CodeIgniter\Model->doDelete(Array, false)
#6 C:\Users\Administrador\Documents\Projeto_PAP\app\Controllers\Admin.php(386): CodeIgniter\BaseModel->delete(Array)
#7 C:\Users\Administrador\Documents\Projeto_PAP\system\CodeIgniter.php(832): App\Controllers\Admin->apagar_equipa('4')
#8 C:\Users\Administrador\Documents\Projeto_PAP\system\CodeIgniter.php(419): CodeIgniter\CodeIgniter->runController(Object(App\Controllers\Admin))
#9 C:\Users\Administrador\Documents\Projeto_PAP\system\CodeIgniter.php(326): CodeIgniter\CodeIgniter->handleRequest(NULL, Object(Config\Cache), false)
#10 C:\Users\Administrador\Documents\Projeto_PAP\public\index.php(37): CodeIgniter\CodeIgniter->run()
#11 C:\Users\Administrador\Documents\Projeto_PAP\system\Commands\Server\rewrite.php(43): require_once('C:\\Users\\Admini...')
#12 {main}
ERROR - 2022-06-07 05:00:39 --> Cannot delete or update a parent row: a foreign key constraint fails (`milheiroense`.`jogadores_equipa`, CONSTRAINT `jogadores_equipa_ibfk_2` FOREIGN KEY (`id_equipa`) REFERENCES `equipas` (`id_equipa`))
CRITICAL - 2022-06-07 05:00:39 --> Cannot delete or update a parent row: a foreign key constraint fails (`milheiroense`.`jogadores_equipa`, CONSTRAINT `jogadores_equipa_ibfk_2` FOREIGN KEY (`id_equipa`) REFERENCES `equipas` (`id_equipa`))
#0 C:\Users\Administrador\Documents\Projeto_PAP\system\Database\MySQLi\Connection.php(292): mysqli->query('DELETE FROM `eq...', 0)
#1 C:\Users\Administrador\Documents\Projeto_PAP\system\Database\BaseConnection.php(670): CodeIgniter\Database\MySQLi\Connection->execute('DELETE FROM `eq...')
#2 C:\Users\Administrador\Documents\Projeto_PAP\system\Database\BaseConnection.php(598): CodeIgniter\Database\BaseConnection->simpleQuery('DELETE FROM `eq...')
#3 C:\Users\Administrador\Documents\Projeto_PAP\system\Database\BaseBuilder.php(2225): CodeIgniter\Database\BaseConnection->query('DELETE FROM `eq...', Array, false)
#4 C:\Users\Administrador\Documents\Projeto_PAP\system\Model.php(359): CodeIgniter\Database\BaseBuilder->delete()
#5 C:\Users\Administrador\Documents\Projeto_PAP\system\BaseModel.php(963): CodeIgniter\Model->doDelete(Array, false)
#6 C:\Users\Administrador\Documents\Projeto_PAP\app\Controllers\Admin.php(386): CodeIgniter\BaseModel->delete(Array)
#7 C:\Users\Administrador\Documents\Projeto_PAP\system\CodeIgniter.php(832): App\Controllers\Admin->apagar_equipa('4')
#8 C:\Users\Administrador\Documents\Projeto_PAP\system\CodeIgniter.php(419): CodeIgniter\CodeIgniter->runController(Object(App\Controllers\Admin))
#9 C:\Users\Administrador\Documents\Projeto_PAP\system\CodeIgniter.php(326): CodeIgniter\CodeIgniter->handleRequest(NULL, Object(Config\Cache), false)
#10 C:\Users\Administrador\Documents\Projeto_PAP\public\index.php(37): CodeIgniter\CodeIgniter->run()
#11 C:\Users\Administrador\Documents\Projeto_PAP\system\Commands\Server\rewrite.php(43): require_once('C:\\Users\\Admini...')
#12 {main}
CRITICAL - 2022-06-07 05:01:09 --> Deletes are not allowed unless they contain a "where" or "like" clause.
#0 C:\Users\Administrador\Documents\Projeto_PAP\system\Model.php(359): CodeIgniter\Database\BaseBuilder->delete()
#1 C:\Users\Administrador\Documents\Projeto_PAP\system\BaseModel.php(963): CodeIgniter\Model->doDelete(NULL, false)
#2 C:\Users\Administrador\Documents\Projeto_PAP\app\Controllers\Admin.php(386): CodeIgniter\BaseModel->delete(NULL)
#3 C:\Users\Administrador\Documents\Projeto_PAP\system\CodeIgniter.php(832): App\Controllers\Admin->apagar_equipa('4')
#4 C:\Users\Administrador\Documents\Projeto_PAP\system\CodeIgniter.php(419): CodeIgniter\CodeIgniter->runController(Object(App\Controllers\Admin))
#5 C:\Users\Administrador\Documents\Projeto_PAP\system\CodeIgniter.php(326): CodeIgniter\CodeIgniter->handleRequest(NULL, Object(Config\Cache), false)
#6 C:\Users\Administrador\Documents\Projeto_PAP\public\index.php(37): CodeIgniter\CodeIgniter->run()
#7 C:\Users\Administrador\Documents\Projeto_PAP\system\Commands\Server\rewrite.php(43): require_once('C:\\Users\\Admini...')
#8 {main}
CRITICAL - 2022-06-07 05:01:12 --> Deletes are not allowed unless they contain a "where" or "like" clause.
#0 C:\Users\Administrador\Documents\Projeto_PAP\system\Model.php(359): CodeIgniter\Database\BaseBuilder->delete()
#1 C:\Users\Administrador\Documents\Projeto_PAP\system\BaseModel.php(963): CodeIgniter\Model->doDelete(NULL, false)
#2 C:\Users\Administrador\Documents\Projeto_PAP\app\Controllers\Admin.php(386): CodeIgniter\BaseModel->delete(NULL)
#3 C:\Users\Administrador\Documents\Projeto_PAP\system\CodeIgniter.php(832): App\Controllers\Admin->apagar_equipa('4')
#4 C:\Users\Administrador\Documents\Projeto_PAP\system\CodeIgniter.php(419): CodeIgniter\CodeIgniter->runController(Object(App\Controllers\Admin))
#5 C:\Users\Administrador\Documents\Projeto_PAP\system\CodeIgniter.php(326): CodeIgniter\CodeIgniter->handleRequest(NULL, Object(Config\Cache), false)
#6 C:\Users\Administrador\Documents\Projeto_PAP\public\index.php(37): CodeIgniter\CodeIgniter->run()
#7 C:\Users\Administrador\Documents\Projeto_PAP\system\Commands\Server\rewrite.php(43): require_once('C:\\Users\\Admini...')
#8 {main}
ERROR - 2022-06-07 05:30:37 --> Column 'cc_jogador' cannot be null
CRITICAL - 2022-06-07 05:30:37 --> Column 'cc_jogador' cannot be null
#0 C:\Users\Administrador\Documents\Projeto_PAP\system\Database\MySQLi\Connection.php(292): mysqli->query('INSERT INTO `jo...', 0)
#1 C:\Users\Administrador\Documents\Projeto_PAP\system\Database\BaseConnection.php(670): CodeIgniter\Database\MySQLi\Connection->execute('INSERT INTO `jo...')
#2 C:\Users\Administrador\Documents\Projeto_PAP\system\Database\BaseConnection.php(598): CodeIgniter\Database\BaseConnection->simpleQuery('INSERT INTO `jo...')
#3 C:\Users\Administrador\Documents\Projeto_PAP\system\Database\BaseBuilder.php(1771): CodeIgniter\Database\BaseConnection->query('INSERT INTO `jo...', Array, false)
#4 C:\Users\Administrador\Documents\Projeto_PAP\app\Controllers\Admin.php(60): CodeIgniter\Database\BaseBuilder->insert(Array)
#5 C:\Users\Administrador\Documents\Projeto_PAP\system\CodeIgniter.php(832): App\Controllers\Admin->inserir_jogadores()
#6 C:\Users\Administrador\Documents\Projeto_PAP\system\CodeIgniter.php(419): CodeIgniter\CodeIgniter->runController(Object(App\Controllers\Admin))
#7 C:\Users\Administrador\Documents\Projeto_PAP\system\CodeIgniter.php(326): CodeIgniter\CodeIgniter->handleRequest(NULL, Object(Config\Cache), false)
#8 C:\Users\Administrador\Documents\Projeto_PAP\public\index.php(37): CodeIgniter\CodeIgniter->run()
#9 C:\Users\Administrador\Documents\Projeto_PAP\system\Commands\Server\rewrite.php(43): require_once('C:\\Users\\Admini...')
#10 {main}
ERROR - 2022-06-07 05:31:02 --> Column 'cc_jogador' cannot be null
CRITICAL - 2022-06-07 05:31:02 --> Column 'cc_jogador' cannot be null
#0 C:\Users\Administrador\Documents\Projeto_PAP\system\Database\MySQLi\Connection.php(292): mysqli->query('INSERT INTO `jo...', 0)
#1 C:\Users\Administrador\Documents\Projeto_PAP\system\Database\BaseConnection.php(670): CodeIgniter\Database\MySQLi\Connection->execute('INSERT INTO `jo...')
#2 C:\Users\Administrador\Documents\Projeto_PAP\system\Database\BaseConnection.php(598): CodeIgniter\Database\BaseConnection->simpleQuery('INSERT INTO `jo...')
#3 C:\Users\Administrador\Documents\Projeto_PAP\system\Database\BaseBuilder.php(1771): CodeIgniter\Database\BaseConnection->query('INSERT INTO `jo...', Array, false)
#4 C:\Users\Administrador\Documents\Projeto_PAP\app\Controllers\Admin.php(60): CodeIgniter\Database\BaseBuilder->insert(Array)
#5 C:\Users\Administrador\Documents\Projeto_PAP\system\CodeIgniter.php(832): App\Controllers\Admin->inserir_jogadores()
#6 C:\Users\Administrador\Documents\Projeto_PAP\system\CodeIgniter.php(419): CodeIgniter\CodeIgniter->runController(Object(App\Controllers\Admin))
#7 C:\Users\Administrador\Documents\Projeto_PAP\system\CodeIgniter.php(326): CodeIgniter\CodeIgniter->handleRequest(NULL, Object(Config\Cache), false)
#8 C:\Users\Administrador\Documents\Projeto_PAP\public\index.php(37): CodeIgniter\CodeIgniter->run()
#9 C:\Users\Administrador\Documents\Projeto_PAP\system\Commands\Server\rewrite.php(43): require_once('C:\\Users\\Admini...')
#10 {main}
ERROR - 2022-06-07 05:32:19 --> Column 'cc_jogador' cannot be null
CRITICAL - 2022-06-07 05:32:19 --> Column 'cc_jogador' cannot be null
#0 C:\Users\Administrador\Documents\Projeto_PAP\system\Database\MySQLi\Connection.php(292): mysqli->query('INSERT INTO `jo...', 0)
#1 C:\Users\Administrador\Documents\Projeto_PAP\system\Database\BaseConnection.php(670): CodeIgniter\Database\MySQLi\Connection->execute('INSERT INTO `jo...')
#2 C:\Users\Administrador\Documents\Projeto_PAP\system\Database\BaseConnection.php(598): CodeIgniter\Database\BaseConnection->simpleQuery('INSERT INTO `jo...')
#3 C:\Users\Administrador\Documents\Projeto_PAP\system\Database\BaseBuilder.php(1771): CodeIgniter\Database\BaseConnection->query('INSERT INTO `jo...', Array, false)
#4 C:\Users\Administrador\Documents\Projeto_PAP\app\Controllers\Admin.php(60): CodeIgniter\Database\BaseBuilder->insert(Array)
#5 C:\Users\Administrador\Documents\Projeto_PAP\system\CodeIgniter.php(832): App\Controllers\Admin->inserir_jogadores()
#6 C:\Users\Administrador\Documents\Projeto_PAP\system\CodeIgniter.php(419): CodeIgniter\CodeIgniter->runController(Object(App\Controllers\Admin))
#7 C:\Users\Administrador\Documents\Projeto_PAP\system\CodeIgniter.php(326): CodeIgniter\CodeIgniter->handleRequest(NULL, Object(Config\Cache), false)
#8 C:\Users\Administrador\Documents\Projeto_PAP\public\index.php(37): CodeIgniter\CodeIgniter->run()
#9 C:\Users\Administrador\Documents\Projeto_PAP\system\Commands\Server\rewrite.php(43): require_once('C:\\Users\\Admini...')
#10 {main}
ERROR - 2022-06-07 05:55:51 --> Unknown column 'escalao' in 'field list'
CRITICAL - 2022-06-07 05:55:51 --> Unknown column 'escalao' in 'field list'
#0 C:\Users\Administrador\Documents\Projeto_PAP\system\Database\MySQLi\Connection.php(292): mysqli->query('INSERT INTO `eq...', 0)
#1 C:\Users\Administrador\Documents\Projeto_PAP\system\Database\BaseConnection.php(670): CodeIgniter\Database\MySQLi\Connection->execute('INSERT INTO `eq...')
#2 C:\Users\Administrador\Documents\Projeto_PAP\system\Database\BaseConnection.php(598): CodeIgniter\Database\BaseConnection->simpleQuery('INSERT INTO `eq...')
#3 C:\Users\Administrador\Documents\Projeto_PAP\system\Database\BaseBuilder.php(1771): CodeIgniter\Database\BaseConnection->query('INSERT INTO `eq...', Array, false)
#4 C:\Users\Administrador\Documents\Projeto_PAP\app\Controllers\Admin.php(427): CodeIgniter\Database\BaseBuilder->insert(Array)
#5 C:\Users\Administrador\Documents\Projeto_PAP\system\CodeIgniter.php(832): App\Controllers\Admin->inserir_equipa()
#6 C:\Users\Administrador\Documents\Projeto_PAP\system\CodeIgniter.php(419): CodeIgniter\CodeIgniter->runController(Object(App\Controllers\Admin))
#7 C:\Users\Administrador\Documents\Projeto_PAP\system\CodeIgniter.php(326): CodeIgniter\CodeIgniter->handleRequest(NULL, Object(Config\Cache), false)
#8 C:\Users\Administrador\Documents\Projeto_PAP\public\index.php(37): CodeIgniter\CodeIgniter->run()
#9 C:\Users\Administrador\Documents\Projeto_PAP\system\Commands\Server\rewrite.php(43): require_once('C:\\Users\\Admini...')
#10 {main}
ERROR - 2022-06-07 06:10:32 --> Cannot delete or update a parent row: a foreign key constraint fails (`milheiroense`.`jogadores_equipa`, CONSTRAINT `jogadores_equipa_ibfk_2` FOREIGN KEY (`id_equipa`) REFERENCES `equipas` (`id_equipa`))
CRITICAL - 2022-06-07 06:10:32 --> Cannot delete or update a parent row: a foreign key constraint fails (`milheiroense`.`jogadores_equipa`, CONSTRAINT `jogadores_equipa_ibfk_2` FOREIGN KEY (`id_equipa`) REFERENCES `equipas` (`id_equipa`))
#0 C:\Users\Administrador\Documents\Projeto_PAP\system\Database\MySQLi\Connection.php(292): mysqli->query('DELETE FROM `eq...', 0)
#1 C:\Users\Administrador\Documents\Projeto_PAP\system\Database\BaseConnection.php(670): CodeIgniter\Database\MySQLi\Connection->execute('DELETE FROM `eq...')
#2 C:\Users\Administrador\Documents\Projeto_PAP\system\Database\BaseConnection.php(598): CodeIgniter\Database\BaseConnection->simpleQuery('DELETE FROM `eq...')
#3 C:\Users\Administrador\Documents\Projeto_PAP\system\Database\BaseBuilder.php(2225): CodeIgniter\Database\BaseConnection->query('DELETE FROM `eq...', Array, false)
#4 C:\Users\Administrador\Documents\Projeto_PAP\system\Model.php(359): CodeIgniter\Database\BaseBuilder->delete()
#5 C:\Users\Administrador\Documents\Projeto_PAP\system\BaseModel.php(963): CodeIgniter\Model->doDelete(Array, false)
#6 C:\Users\Administrador\Documents\Projeto_PAP\app\Controllers\Admin.php(386): CodeIgniter\BaseModel->delete(Array)
#7 C:\Users\Administrador\Documents\Projeto_PAP\system\CodeIgniter.php(832): App\Controllers\Admin->apagar_equipa('5')
#8 C:\Users\Administrador\Documents\Projeto_PAP\system\CodeIgniter.php(419): CodeIgniter\CodeIgniter->runController(Object(App\Controllers\Admin))
#9 C:\Users\Administrador\Documents\Projeto_PAP\system\CodeIgniter.php(326): CodeIgniter\CodeIgniter->handleRequest(NULL, Object(Config\Cache), false)
#10 C:\Users\Administrador\Documents\Projeto_PAP\public\index.php(37): CodeIgniter\CodeIgniter->run()
#11 C:\Users\Administrador\Documents\Projeto_PAP\system\Commands\Server\rewrite.php(43): require_once('C:\\Users\\Admini...')
#12 {main}
CRITICAL - 2022-06-07 06:12:04 --> Cannot use object of type CodeIgniter\Database\MySQLi\Result as array
#0 C:\Users\Administrador\Documents\Projeto_PAP\system\CodeIgniter.php(832): App\Controllers\Admin->inserir_equipa()
#1 C:\Users\Administrador\Documents\Projeto_PAP\system\CodeIgniter.php(419): CodeIgniter\CodeIgniter->runController(Object(App\Controllers\Admin))
#2 C:\Users\Administrador\Documents\Projeto_PAP\system\CodeIgniter.php(326): CodeIgniter\CodeIgniter->handleRequest(NULL, Object(Config\Cache), false)
#3 C:\Users\Administrador\Documents\Projeto_PAP\public\index.php(37): CodeIgniter\CodeIgniter->run()
#4 C:\Users\Administrador\Documents\Projeto_PAP\system\Commands\Server\rewrite.php(43): require_once('C:\\Users\\Admini...')
#5 {main}
CRITICAL - 2022-06-07 06:12:50 --> Undefined property: CodeIgniter\Database\MySQLi\Result::$estado
#0 C:\Users\Administrador\Documents\Projeto_PAP\app\Controllers\Admin.php(433): CodeIgniter\Debug\Exceptions->errorHandler(2, 'Undefined prope...', 'C:\\Users\\Admini...', 433)
#1 C:\Users\Administrador\Documents\Projeto_PAP\system\CodeIgniter.php(832): App\Controllers\Admin->inserir_equipa()
#2 C:\Users\Administrador\Documents\Projeto_PAP\system\CodeIgniter.php(419): CodeIgniter\CodeIgniter->runController(Object(App\Controllers\Admin))
#3 C:\Users\Administrador\Documents\Projeto_PAP\system\CodeIgniter.php(326): CodeIgniter\CodeIgniter->handleRequest(NULL, Object(Config\Cache), false)
#4 C:\Users\Administrador\Documents\Projeto_PAP\public\index.php(37): CodeIgniter\CodeIgniter->run()
#5 C:\Users\Administrador\Documents\Projeto_PAP\system\Commands\Server\rewrite.php(43): require_once('C:\\Users\\Admini...')
#6 {main}
CRITICAL - 2022-06-07 06:13:19 --> Cannot use object of type CodeIgniter\Database\MySQLi\Result as array
#0 C:\Users\Administrador\Documents\Projeto_PAP\system\CodeIgniter.php(832): App\Controllers\Admin->inserir_equipa()
#1 C:\Users\Administrador\Documents\Projeto_PAP\system\CodeIgniter.php(419): CodeIgniter\CodeIgniter->runController(Object(App\Controllers\Admin))
#2 C:\Users\Administrador\Documents\Projeto_PAP\system\CodeIgniter.php(326): CodeIgniter\CodeIgniter->handleRequest(NULL, Object(Config\Cache), false)
#3 C:\Users\Administrador\Documents\Projeto_PAP\public\index.php(37): CodeIgniter\CodeIgniter->run()
#4 C:\Users\Administrador\Documents\Projeto_PAP\system\Commands\Server\rewrite.php(43): require_once('C:\\Users\\Admini...')
#5 {main}
ERROR - 2022-06-07 06:16:37 --> Cannot delete or update a parent row: a foreign key constraint fails (`milheiroense`.`jogadores_equipa`, CONSTRAINT `jogadores_equipa_ibfk_2` FOREIGN KEY (`id_equipa`) REFERENCES `equipas` (`id_equipa`))
CRITICAL - 2022-06-07 06:16:37 --> Cannot delete or update a parent row: a foreign key constraint fails (`milheiroense`.`jogadores_equipa`, CONSTRAINT `jogadores_equipa_ibfk_2` FOREIGN KEY (`id_equipa`) REFERENCES `equipas` (`id_equipa`))
#0 C:\Users\Administrador\Documents\Projeto_PAP\system\Database\MySQLi\Connection.php(292): mysqli->query('DELETE FROM `eq...', 0)
#1 C:\Users\Administrador\Documents\Projeto_PAP\system\Database\BaseConnection.php(670): CodeIgniter\Database\MySQLi\Connection->execute('DELETE FROM `eq...')
#2 C:\Users\Administrador\Documents\Projeto_PAP\system\Database\BaseConnection.php(598): CodeIgniter\Database\BaseConnection->simpleQuery('DELETE FROM `eq...')
#3 C:\Users\Administrador\Documents\Projeto_PAP\system\Database\BaseBuilder.php(2225): CodeIgniter\Database\BaseConnection->query('DELETE FROM `eq...', Array, false)
#4 C:\Users\Administrador\Documents\Projeto_PAP\system\Model.php(359): CodeIgniter\Database\BaseBuilder->delete()
#5 C:\Users\Administrador\Documents\Projeto_PAP\system\BaseModel.php(963): CodeIgniter\Model->doDelete(Array, false)
#6 C:\Users\Administrador\Documents\Projeto_PAP\app\Controllers\Admin.php(386): CodeIgniter\BaseModel->delete(Array)
#7 C:\Users\Administrador\Documents\Projeto_PAP\system\CodeIgniter.php(832): App\Controllers\Admin->apagar_equipa('9')
#8 C:\Users\Administrador\Documents\Projeto_PAP\system\CodeIgniter.php(419): CodeIgniter\CodeIgniter->runController(Object(App\Controllers\Admin))
#9 C:\Users\Administrador\Documents\Projeto_PAP\system\CodeIgniter.php(326): CodeIgniter\CodeIgniter->handleRequest(NULL, Object(Config\Cache), false)
#10 C:\Users\Administrador\Documents\Projeto_PAP\public\index.php(37): CodeIgniter\CodeIgniter->run()
#11 C:\Users\Administrador\Documents\Projeto_PAP\system\Commands\Server\rewrite.php(43): require_once('C:\\Users\\Admini...')
#12 {main}
ERROR - 2022-06-07 08:01:05 --> Cannot delete or update a parent row: a foreign key constraint fails (`milheiroense`.`jogadores_equipa`, CONSTRAINT `jogadores_equipa_ibfk_2` FOREIGN KEY (`id_equipa`) REFERENCES `equipas` (`id_equipa`))
CRITICAL - 2022-06-07 08:01:05 --> Cannot delete or update a parent row: a foreign key constraint fails (`milheiroense`.`jogadores_equipa`, CONSTRAINT `jogadores_equipa_ibfk_2` FOREIGN KEY (`id_equipa`) REFERENCES `equipas` (`id_equipa`))
#0 C:\Users\Administrador\Documents\Projeto_PAP\system\Database\MySQLi\Connection.php(292): mysqli->query('DELETE FROM `eq...', 0)
#1 C:\Users\Administrador\Documents\Projeto_PAP\system\Database\BaseConnection.php(670): CodeIgniter\Database\MySQLi\Connection->execute('DELETE FROM `eq...')
#2 C:\Users\Administrador\Documents\Projeto_PAP\system\Database\BaseConnection.php(598): CodeIgniter\Database\BaseConnection->simpleQuery('DELETE FROM `eq...')
#3 C:\Users\Administrador\Documents\Projeto_PAP\system\Database\BaseBuilder.php(2225): CodeIgniter\Database\BaseConnection->query('DELETE FROM `eq...', Array, false)
#4 C:\Users\Administrador\Documents\Projeto_PAP\system\Model.php(359): CodeIgniter\Database\BaseBuilder->delete()
#5 C:\Users\Administrador\Documents\Projeto_PAP\system\BaseModel.php(963): CodeIgniter\Model->doDelete(Array, false)
#6 C:\Users\Administrador\Documents\Projeto_PAP\app\Controllers\Admin.php(391): CodeIgniter\BaseModel->delete(Array)
#7 C:\Users\Administrador\Documents\Projeto_PAP\system\CodeIgniter.php(832): App\Controllers\Admin->apagar_equipa('10')
#8 C:\Users\Administrador\Documents\Projeto_PAP\system\CodeIgniter.php(419): CodeIgniter\CodeIgniter->runController(Object(App\Controllers\Admin))
#9 C:\Users\Administrador\Documents\Projeto_PAP\system\CodeIgniter.php(326): CodeIgniter\CodeIgniter->handleRequest(NULL, Object(Config\Cache), false)
#10 C:\Users\Administrador\Documents\Projeto_PAP\public\index.php(37): CodeIgniter\CodeIgniter->run()
#11 C:\Users\Administrador\Documents\Projeto_PAP\system\Commands\Server\rewrite.php(43): require_once('C:\\Users\\Admini...')
#12 {main}
