CRITICAL - 2022-05-30 04:14:22 --> syntax error, unexpected token "else", expecting "function" or "const"
#0 C:\Users\Administrador\Documents\Projeto_PAP\system\Autoloader\Autoloader.php(241): CodeIgniter\Autoloader\Autoloader->includeFile('C:\\Users\\Admini...')
#1 C:\Users\Administrador\Documents\Projeto_PAP\system\Autoloader\Autoloader.php(219): CodeIgniter\Autoloader\Autoloader->loadInNamespace('App\\Controllers...')
#2 [internal function]: CodeIgniter\Autoloader\Autoloader->loadClass('App\\Controllers...')
#3 C:\Users\Administrador\Documents\Projeto_PAP\system\CodeIgniter.php(797): class_exists('\\App\\Controller...', true)
#4 C:\Users\Administrador\Documents\Projeto_PAP\system\CodeIgniter.php(406): CodeIgniter\CodeIgniter->startController()
#5 C:\Users\Administrador\Documents\Projeto_PAP\system\CodeIgniter.php(326): CodeIgniter\CodeIgniter->handleRequest(NULL, Object(Config\Cache), false)
#6 C:\Users\Administrador\Documents\Projeto_PAP\public\index.php(37): CodeIgniter\CodeIgniter->run()
#7 C:\Users\Administrador\Documents\Projeto_PAP\system\Commands\Server\rewrite.php(43): require_once('C:\\Users\\Admini...')
#8 {main}
CRITICAL - 2022-05-30 06:10:17 --> Invalid file: header2.php
#0 C:\Users\Administrador\Documents\Projeto_PAP\system\View\View.php(198): CodeIgniter\Exceptions\FrameworkException::forInvalidFile('header2.php')
#1 C:\Users\Administrador\Documents\Projeto_PAP\system\Common.php(1089): CodeIgniter\View\View->render('header2', Array, true)
#2 C:\Users\Administrador\Documents\Projeto_PAP\app\Controllers\Admin.php(16): view('header2')
#3 C:\Users\Administrador\Documents\Projeto_PAP\system\CodeIgniter.php(832): App\Controllers\Admin->index()
#4 C:\Users\Administrador\Documents\Projeto_PAP\system\CodeIgniter.php(419): CodeIgniter\CodeIgniter->runController(Object(App\Controllers\Admin))
#5 C:\Users\Administrador\Documents\Projeto_PAP\system\CodeIgniter.php(326): CodeIgniter\CodeIgniter->handleRequest(NULL, Object(Config\Cache), false)
#6 C:\Users\Administrador\Documents\Projeto_PAP\public\index.php(37): CodeIgniter\CodeIgniter->run()
#7 C:\Users\Administrador\Documents\Projeto_PAP\system\Commands\Server\rewrite.php(43): require_once('C:\\Users\\Admini...')
#8 {main}
CRITICAL - 2022-05-30 06:10:25 --> Invalid file: header2.php
#0 C:\Users\Administrador\Documents\Projeto_PAP\system\View\View.php(198): CodeIgniter\Exceptions\FrameworkException::forInvalidFile('header2.php')
#1 C:\Users\Administrador\Documents\Projeto_PAP\system\Common.php(1089): CodeIgniter\View\View->render('header2', Array, true)
#2 C:\Users\Administrador\Documents\Projeto_PAP\app\Controllers\Admin.php(16): view('header2')
#3 C:\Users\Administrador\Documents\Projeto_PAP\system\CodeIgniter.php(832): App\Controllers\Admin->index()
#4 C:\Users\Administrador\Documents\Projeto_PAP\system\CodeIgniter.php(419): CodeIgniter\CodeIgniter->runController(Object(App\Controllers\Admin))
#5 C:\Users\Administrador\Documents\Projeto_PAP\system\CodeIgniter.php(326): CodeIgniter\CodeIgniter->handleRequest(NULL, Object(Config\Cache), false)
#6 C:\Users\Administrador\Documents\Projeto_PAP\public\index.php(37): CodeIgniter\CodeIgniter->run()
#7 C:\Users\Administrador\Documents\Projeto_PAP\system\Commands\Server\rewrite.php(43): require_once('C:\\Users\\Admini...')
#8 {main}
CRITICAL - 2022-05-30 10:02:35 --> syntax error, unexpected token "if"
#0 C:\Users\Administrador\Documents\Projeto_PAP\system\CodeIgniter.php(368): CodeIgniter\CodeIgniter->tryToRouteIt(NULL)
#1 C:\Users\Administrador\Documents\Projeto_PAP\system\CodeIgniter.php(326): CodeIgniter\CodeIgniter->handleRequest(NULL, Object(Config\Cache), false)
#2 C:\Users\Administrador\Documents\Projeto_PAP\public\index.php(37): CodeIgniter\CodeIgniter->run()
#3 C:\Users\Administrador\Documents\Projeto_PAP\system\Commands\Server\rewrite.php(43): require_once('C:\\Users\\Admini...')
#4 {main}
CRITICAL - 2022-05-30 10:03:58 --> Invalid file: admin/inserir_jogador.php
#0 C:\Users\Administrador\Documents\Projeto_PAP\system\View\View.php(198): CodeIgniter\Exceptions\FrameworkException::forInvalidFile('admin/inserir_j...')
#1 C:\Users\Administrador\Documents\Projeto_PAP\system\Common.php(1089): CodeIgniter\View\View->render('admin/inserir_j...', Array, true)
#2 C:\Users\Administrador\Documents\Projeto_PAP\app\Controllers\Admin.php(32): view('admin/inserir_j...')
#3 C:\Users\Administrador\Documents\Projeto_PAP\system\CodeIgniter.php(832): App\Controllers\Admin->inserir_jogador()
#4 C:\Users\Administrador\Documents\Projeto_PAP\system\CodeIgniter.php(419): CodeIgniter\CodeIgniter->runController(Object(App\Controllers\Admin))
#5 C:\Users\Administrador\Documents\Projeto_PAP\system\CodeIgniter.php(326): CodeIgniter\CodeIgniter->handleRequest(NULL, Object(Config\Cache), false)
#6 C:\Users\Administrador\Documents\Projeto_PAP\public\index.php(37): CodeIgniter\CodeIgniter->run()
#7 C:\Users\Administrador\Documents\Projeto_PAP\system\Commands\Server\rewrite.php(43): require_once('C:\\Users\\Admini...')
#8 {main}
