CRITICAL - 2022-06-06 04:02:50 --> Undefined variable $jogador
#0 C:\Users\Administrador\Documents\Projeto_PAP\app\Views\Admin\tabela_tecnicos.php(31): CodeIgniter\Debug\Exceptions->errorHandler(2, 'Undefined varia...', 'C:\\Users\\Admini...', 31)
#1 C:\Users\Administrador\Documents\Projeto_PAP\system\View\View.php(210): include('C:\\Users\\Admini...')
#2 C:\Users\Administrador\Documents\Projeto_PAP\system\View\View.php(213): CodeIgniter\View\View->CodeIgniter\View\{closure}()
#3 C:\Users\Administrador\Documents\Projeto_PAP\system\Common.php(1089): CodeIgniter\View\View->render('admin/tabela_te...', Array, true)
#4 C:\Users\Administrador\Documents\Projeto_PAP\app\Controllers\Admin.php(392): view('admin/tabela_te...', Array)
#5 C:\Users\Administrador\Documents\Projeto_PAP\system\CodeIgniter.php(832): App\Controllers\Admin->pagina_tabela_tecnicos()
#6 C:\Users\Administrador\Documents\Projeto_PAP\system\CodeIgniter.php(419): CodeIgniter\CodeIgniter->runController(Object(App\Controllers\Admin))
#7 C:\Users\Administrador\Documents\Projeto_PAP\system\CodeIgniter.php(326): CodeIgniter\CodeIgniter->handleRequest(NULL, Object(Config\Cache), false)
#8 C:\Users\Administrador\Documents\Projeto_PAP\public\index.php(37): CodeIgniter\CodeIgniter->run()
#9 C:\Users\Administrador\Documents\Projeto_PAP\system\Commands\Server\rewrite.php(43): require_once('C:\\Users\\Admini...')
#10 {main}
CRITICAL - 2022-06-06 04:03:05 --> Undefined property: stdClass::$id_jogador
#0 C:\Users\Administrador\Documents\Projeto_PAP\app\Views\Admin\tabela_tecnicos.php(31): CodeIgniter\Debug\Exceptions->errorHandler(2, 'Undefined prope...', 'C:\\Users\\Admini...', 31)
#1 C:\Users\Administrador\Documents\Projeto_PAP\system\View\View.php(210): include('C:\\Users\\Admini...')
#2 C:\Users\Administrador\Documents\Projeto_PAP\system\View\View.php(213): CodeIgniter\View\View->CodeIgniter\View\{closure}()
#3 C:\Users\Administrador\Documents\Projeto_PAP\system\Common.php(1089): CodeIgniter\View\View->render('admin/tabela_te...', Array, true)
#4 C:\Users\Administrador\Documents\Projeto_PAP\app\Controllers\Admin.php(392): view('admin/tabela_te...', Array)
#5 C:\Users\Administrador\Documents\Projeto_PAP\system\CodeIgniter.php(832): App\Controllers\Admin->pagina_tabela_tecnicos()
#6 C:\Users\Administrador\Documents\Projeto_PAP\system\CodeIgniter.php(419): CodeIgniter\CodeIgniter->runController(Object(App\Controllers\Admin))
#7 C:\Users\Administrador\Documents\Projeto_PAP\system\CodeIgniter.php(326): CodeIgniter\CodeIgniter->handleRequest(NULL, Object(Config\Cache), false)
#8 C:\Users\Administrador\Documents\Projeto_PAP\public\index.php(37): CodeIgniter\CodeIgniter->run()
#9 C:\Users\Administrador\Documents\Projeto_PAP\system\Commands\Server\rewrite.php(43): require_once('C:\\Users\\Admini...')
#10 {main}
CRITICAL - 2022-06-06 04:50:22 --> Undefined variable $tecnico
#0 C:\Users\Administrador\Documents\Projeto_PAP\app\Views\Admin\apagar_tecnico.php(50): CodeIgniter\Debug\Exceptions->errorHandler(2, 'Undefined varia...', 'C:\\Users\\Admini...', 50)
#1 C:\Users\Administrador\Documents\Projeto_PAP\system\View\View.php(210): include('C:\\Users\\Admini...')
#2 C:\Users\Administrador\Documents\Projeto_PAP\system\View\View.php(213): CodeIgniter\View\View->CodeIgniter\View\{closure}()
#3 C:\Users\Administrador\Documents\Projeto_PAP\system\Common.php(1089): CodeIgniter\View\View->render('admin/apagar_te...', Array, true)
#4 C:\Users\Administrador\Documents\Projeto_PAP\app\Controllers\Admin.php(302): view('admin/apagar_te...', Array)
#5 C:\Users\Administrador\Documents\Projeto_PAP\system\CodeIgniter.php(832): App\Controllers\Admin->pagina_apagar_tecnico()
#6 C:\Users\Administrador\Documents\Projeto_PAP\system\CodeIgniter.php(419): CodeIgniter\CodeIgniter->runController(Object(App\Controllers\Admin))
#7 C:\Users\Administrador\Documents\Projeto_PAP\system\CodeIgniter.php(326): CodeIgniter\CodeIgniter->handleRequest(NULL, Object(Config\Cache), false)
#8 C:\Users\Administrador\Documents\Projeto_PAP\public\index.php(37): CodeIgniter\CodeIgniter->run()
#9 C:\Users\Administrador\Documents\Projeto_PAP\system\Commands\Server\rewrite.php(43): require_once('C:\\Users\\Admini...')
#10 {main}
CRITICAL - 2022-06-06 04:51:15 --> Undefined variable $tecnico
#0 C:\Users\Administrador\Documents\Projeto_PAP\app\Views\Admin\apagar_tecnico.php(50): CodeIgniter\Debug\Exceptions->errorHandler(2, 'Undefined varia...', 'C:\\Users\\Admini...', 50)
#1 C:\Users\Administrador\Documents\Projeto_PAP\system\View\View.php(210): include('C:\\Users\\Admini...')
#2 C:\Users\Administrador\Documents\Projeto_PAP\system\View\View.php(213): CodeIgniter\View\View->CodeIgniter\View\{closure}()
#3 C:\Users\Administrador\Documents\Projeto_PAP\system\Common.php(1089): CodeIgniter\View\View->render('admin/apagar_te...', Array, true)
#4 C:\Users\Administrador\Documents\Projeto_PAP\app\Controllers\Admin.php(302): view('admin/apagar_te...', Array)
#5 C:\Users\Administrador\Documents\Projeto_PAP\system\CodeIgniter.php(832): App\Controllers\Admin->pagina_apagar_tecnico()
#6 C:\Users\Administrador\Documents\Projeto_PAP\system\CodeIgniter.php(419): CodeIgniter\CodeIgniter->runController(Object(App\Controllers\Admin))
#7 C:\Users\Administrador\Documents\Projeto_PAP\system\CodeIgniter.php(326): CodeIgniter\CodeIgniter->handleRequest(NULL, Object(Config\Cache), false)
#8 C:\Users\Administrador\Documents\Projeto_PAP\public\index.php(37): CodeIgniter\CodeIgniter->run()
#9 C:\Users\Administrador\Documents\Projeto_PAP\system\Commands\Server\rewrite.php(43): require_once('C:\\Users\\Admini...')
#10 {main}
ERROR - 2022-06-06 05:30:03 --> You have an error in your SQL syntax; check the manual that corresponds to your MariaDB server version for the right syntax to use near 'selct * from tecnicos' at line 1
CRITICAL - 2022-06-06 05:30:03 --> You have an error in your SQL syntax; check the manual that corresponds to your MariaDB server version for the right syntax to use near 'selct * from tecnicos' at line 1
#0 C:\Users\Administrador\Documents\Projeto_PAP\system\Database\MySQLi\Connection.php(292): mysqli->query('selct * from te...', 0)
#1 C:\Users\Administrador\Documents\Projeto_PAP\system\Database\BaseConnection.php(670): CodeIgniter\Database\MySQLi\Connection->execute('selct * from te...')
#2 C:\Users\Administrador\Documents\Projeto_PAP\system\Database\BaseConnection.php(598): CodeIgniter\Database\BaseConnection->simpleQuery('selct * from te...')
#3 C:\Users\Administrador\Documents\Projeto_PAP\app\Models\Tecnicos.php(26): CodeIgniter\Database\BaseConnection->query('selct * from te...')
#4 C:\Users\Administrador\Documents\Projeto_PAP\app\Controllers\Admin.php(392): App\Models\Tecnicos->buscar_todo_tecnicos()
#5 C:\Users\Administrador\Documents\Projeto_PAP\system\CodeIgniter.php(832): App\Controllers\Admin->pagina_tabela_tecnicos()
#6 C:\Users\Administrador\Documents\Projeto_PAP\system\CodeIgniter.php(419): CodeIgniter\CodeIgniter->runController(Object(App\Controllers\Admin))
#7 C:\Users\Administrador\Documents\Projeto_PAP\system\CodeIgniter.php(326): CodeIgniter\CodeIgniter->handleRequest(NULL, Object(Config\Cache), false)
#8 C:\Users\Administrador\Documents\Projeto_PAP\public\index.php(37): CodeIgniter\CodeIgniter->run()
#9 C:\Users\Administrador\Documents\Projeto_PAP\system\Commands\Server\rewrite.php(43): require_once('C:\\Users\\Admini...')
#10 {main}
CRITICAL - 2022-06-06 05:30:13 --> Undefined property: stdClass::$nome_equipa
#0 C:\Users\Administrador\Documents\Projeto_PAP\app\Views\Admin\tabela_tecnicos.php(40): CodeIgniter\Debug\Exceptions->errorHandler(2, 'Undefined prope...', 'C:\\Users\\Admini...', 40)
#1 C:\Users\Administrador\Documents\Projeto_PAP\system\View\View.php(210): include('C:\\Users\\Admini...')
#2 C:\Users\Administrador\Documents\Projeto_PAP\system\View\View.php(213): CodeIgniter\View\View->CodeIgniter\View\{closure}()
#3 C:\Users\Administrador\Documents\Projeto_PAP\system\Common.php(1089): CodeIgniter\View\View->render('admin/tabela_te...', Array, true)
#4 C:\Users\Administrador\Documents\Projeto_PAP\app\Controllers\Admin.php(396): view('admin/tabela_te...', Array)
#5 C:\Users\Administrador\Documents\Projeto_PAP\system\CodeIgniter.php(832): App\Controllers\Admin->pagina_tabela_tecnicos()
#6 C:\Users\Administrador\Documents\Projeto_PAP\system\CodeIgniter.php(419): CodeIgniter\CodeIgniter->runController(Object(App\Controllers\Admin))
#7 C:\Users\Administrador\Documents\Projeto_PAP\system\CodeIgniter.php(326): CodeIgniter\CodeIgniter->handleRequest(NULL, Object(Config\Cache), false)
#8 C:\Users\Administrador\Documents\Projeto_PAP\public\index.php(37): CodeIgniter\CodeIgniter->run()
#9 C:\Users\Administrador\Documents\Projeto_PAP\system\Commands\Server\rewrite.php(43): require_once('C:\\Users\\Admini...')
#10 {main}
CRITICAL - 2022-06-06 05:33:09 --> Undefined property: stdClass::$nome_equipa
#0 C:\Users\Administrador\Documents\Projeto_PAP\app\Views\Admin\tabela_tecnicos.php(40): CodeIgniter\Debug\Exceptions->errorHandler(2, 'Undefined prope...', 'C:\\Users\\Admini...', 40)
#1 C:\Users\Administrador\Documents\Projeto_PAP\system\View\View.php(210): include('C:\\Users\\Admini...')
#2 C:\Users\Administrador\Documents\Projeto_PAP\system\View\View.php(213): CodeIgniter\View\View->CodeIgniter\View\{closure}()
#3 C:\Users\Administrador\Documents\Projeto_PAP\system\Common.php(1089): CodeIgniter\View\View->render('admin/tabela_te...', Array, true)
#4 C:\Users\Administrador\Documents\Projeto_PAP\app\Controllers\Admin.php(396): view('admin/tabela_te...', Array)
#5 C:\Users\Administrador\Documents\Projeto_PAP\system\CodeIgniter.php(832): App\Controllers\Admin->pagina_tabela_tecnicos()
#6 C:\Users\Administrador\Documents\Projeto_PAP\system\CodeIgniter.php(419): CodeIgniter\CodeIgniter->runController(Object(App\Controllers\Admin))
#7 C:\Users\Administrador\Documents\Projeto_PAP\system\CodeIgniter.php(326): CodeIgniter\CodeIgniter->handleRequest(NULL, Object(Config\Cache), false)
#8 C:\Users\Administrador\Documents\Projeto_PAP\public\index.php(37): CodeIgniter\CodeIgniter->run()
#9 C:\Users\Administrador\Documents\Projeto_PAP\system\Commands\Server\rewrite.php(43): require_once('C:\\Users\\Admini...')
#10 {main}
CRITICAL - 2022-06-06 05:33:15 --> Undefined property: stdClass::$nome_equipa
#0 C:\Users\Administrador\Documents\Projeto_PAP\app\Views\Admin\tabela_tecnicos.php(40): CodeIgniter\Debug\Exceptions->errorHandler(2, 'Undefined prope...', 'C:\\Users\\Admini...', 40)
#1 C:\Users\Administrador\Documents\Projeto_PAP\system\View\View.php(210): include('C:\\Users\\Admini...')
#2 C:\Users\Administrador\Documents\Projeto_PAP\system\View\View.php(213): CodeIgniter\View\View->CodeIgniter\View\{closure}()
#3 C:\Users\Administrador\Documents\Projeto_PAP\system\Common.php(1089): CodeIgniter\View\View->render('admin/tabela_te...', Array, true)
#4 C:\Users\Administrador\Documents\Projeto_PAP\app\Controllers\Admin.php(396): view('admin/tabela_te...', Array)
#5 C:\Users\Administrador\Documents\Projeto_PAP\system\CodeIgniter.php(832): App\Controllers\Admin->pagina_tabela_tecnicos()
#6 C:\Users\Administrador\Documents\Projeto_PAP\system\CodeIgniter.php(419): CodeIgniter\CodeIgniter->runController(Object(App\Controllers\Admin))
#7 C:\Users\Administrador\Documents\Projeto_PAP\system\CodeIgniter.php(326): CodeIgniter\CodeIgniter->handleRequest(NULL, Object(Config\Cache), false)
#8 C:\Users\Administrador\Documents\Projeto_PAP\public\index.php(37): CodeIgniter\CodeIgniter->run()
#9 C:\Users\Administrador\Documents\Projeto_PAP\system\Commands\Server\rewrite.php(43): require_once('C:\\Users\\Admini...')
#10 {main}
CRITICAL - 2022-06-06 05:33:41 --> Call to undefined method App\Models\Tecnicos::buscar_tecnicos
#0 C:\Users\Administrador\Documents\Projeto_PAP\app\Controllers\Admin.php(392): CodeIgniter\Model->__call('buscar_tecnicos', Array)
#1 C:\Users\Administrador\Documents\Projeto_PAP\system\CodeIgniter.php(832): App\Controllers\Admin->pagina_tabela_tecnicos()
#2 C:\Users\Administrador\Documents\Projeto_PAP\system\CodeIgniter.php(419): CodeIgniter\CodeIgniter->runController(Object(App\Controllers\Admin))
#3 C:\Users\Administrador\Documents\Projeto_PAP\system\CodeIgniter.php(326): CodeIgniter\CodeIgniter->handleRequest(NULL, Object(Config\Cache), false)
#4 C:\Users\Administrador\Documents\Projeto_PAP\public\index.php(37): CodeIgniter\CodeIgniter->run()
#5 C:\Users\Administrador\Documents\Projeto_PAP\system\Commands\Server\rewrite.php(43): require_once('C:\\Users\\Admini...')
#6 {main}
CRITICAL - 2022-06-06 05:57:20 --> Undefined variable $msg
#0 C:\Users\Administrador\Documents\Projeto_PAP\app\Views\Admin\tabela_tecnicos.php(12): CodeIgniter\Debug\Exceptions->errorHandler(2, 'Undefined varia...', 'C:\\Users\\Admini...', 12)
#1 C:\Users\Administrador\Documents\Projeto_PAP\system\View\View.php(210): include('C:\\Users\\Admini...')
#2 C:\Users\Administrador\Documents\Projeto_PAP\system\View\View.php(213): CodeIgniter\View\View->CodeIgniter\View\{closure}()
#3 C:\Users\Administrador\Documents\Projeto_PAP\system\Common.php(1089): CodeIgniter\View\View->render('admin/tabela_te...', Array, true)
#4 C:\Users\Administrador\Documents\Projeto_PAP\app\Controllers\Admin.php(418): view('admin/tabela_te...', Array)
#5 C:\Users\Administrador\Documents\Projeto_PAP\system\CodeIgniter.php(832): App\Controllers\Admin->pagina_tabela_tecnicos()
#6 C:\Users\Administrador\Documents\Projeto_PAP\system\CodeIgniter.php(419): CodeIgniter\CodeIgniter->runController(Object(App\Controllers\Admin))
#7 C:\Users\Administrador\Documents\Projeto_PAP\system\CodeIgniter.php(326): CodeIgniter\CodeIgniter->handleRequest(NULL, Object(Config\Cache), false)
#8 C:\Users\Administrador\Documents\Projeto_PAP\public\index.php(37): CodeIgniter\CodeIgniter->run()
#9 C:\Users\Administrador\Documents\Projeto_PAP\system\Commands\Server\rewrite.php(43): require_once('C:\\Users\\Admini...')
#10 {main}
CRITICAL - 2022-06-06 05:59:17 --> Undefined property: App\Controllers\Admin::$session
#0 C:\Users\Administrador\Documents\Projeto_PAP\app\Controllers\Admin.php(312): CodeIgniter\Debug\Exceptions->errorHandler(2, 'Undefined prope...', 'C:\\Users\\Admini...', 312)
#1 C:\Users\Administrador\Documents\Projeto_PAP\system\CodeIgniter.php(832): App\Controllers\Admin->apagar_tecnico()
#2 C:\Users\Administrador\Documents\Projeto_PAP\system\CodeIgniter.php(419): CodeIgniter\CodeIgniter->runController(Object(App\Controllers\Admin))
#3 C:\Users\Administrador\Documents\Projeto_PAP\system\CodeIgniter.php(326): CodeIgniter\CodeIgniter->handleRequest(NULL, Object(Config\Cache), false)
#4 C:\Users\Administrador\Documents\Projeto_PAP\public\index.php(37): CodeIgniter\CodeIgniter->run()
#5 C:\Users\Administrador\Documents\Projeto_PAP\system\Commands\Server\rewrite.php(43): require_once('C:\\Users\\Admini...')
#6 {main}
CRITICAL - 2022-06-06 06:00:43 --> Undefined property: App\Controllers\Admin::$session
#0 C:\Users\Administrador\Documents\Projeto_PAP\app\Controllers\Admin.php(312): CodeIgniter\Debug\Exceptions->errorHandler(2, 'Undefined prope...', 'C:\\Users\\Admini...', 312)
#1 C:\Users\Administrador\Documents\Projeto_PAP\system\CodeIgniter.php(832): App\Controllers\Admin->apagar_tecnico()
#2 C:\Users\Administrador\Documents\Projeto_PAP\system\CodeIgniter.php(419): CodeIgniter\CodeIgniter->runController(Object(App\Controllers\Admin))
#3 C:\Users\Administrador\Documents\Projeto_PAP\system\CodeIgniter.php(326): CodeIgniter\CodeIgniter->handleRequest(NULL, Object(Config\Cache), false)
#4 C:\Users\Administrador\Documents\Projeto_PAP\public\index.php(37): CodeIgniter\CodeIgniter->run()
#5 C:\Users\Administrador\Documents\Projeto_PAP\system\Commands\Server\rewrite.php(43): require_once('C:\\Users\\Admini...')
#6 {main}
CRITICAL - 2022-06-06 06:02:01 --> Undefined property: App\Controllers\Admin::$session
#0 C:\Users\Administrador\Documents\Projeto_PAP\app\Controllers\Admin.php(312): CodeIgniter\Debug\Exceptions->errorHandler(2, 'Undefined prope...', 'C:\\Users\\Admini...', 312)
#1 C:\Users\Administrador\Documents\Projeto_PAP\system\CodeIgniter.php(832): App\Controllers\Admin->apagar_tecnico()
#2 C:\Users\Administrador\Documents\Projeto_PAP\system\CodeIgniter.php(419): CodeIgniter\CodeIgniter->runController(Object(App\Controllers\Admin))
#3 C:\Users\Administrador\Documents\Projeto_PAP\system\CodeIgniter.php(326): CodeIgniter\CodeIgniter->handleRequest(NULL, Object(Config\Cache), false)
#4 C:\Users\Administrador\Documents\Projeto_PAP\public\index.php(37): CodeIgniter\CodeIgniter->run()
#5 C:\Users\Administrador\Documents\Projeto_PAP\system\Commands\Server\rewrite.php(43): require_once('C:\\Users\\Admini...')
#6 {main}
CRITICAL - 2022-06-06 06:13:00 --> Too few arguments to function App\Controllers\Admin::apagar_tecnico(), 0 passed in C:\Users\Administrador\Documents\Projeto_PAP\system\CodeIgniter.php on line 832 and exactly 1 expected
#0 C:\Users\Administrador\Documents\Projeto_PAP\system\CodeIgniter.php(832): App\Controllers\Admin->apagar_tecnico()
#1 C:\Users\Administrador\Documents\Projeto_PAP\system\CodeIgniter.php(419): CodeIgniter\CodeIgniter->runController(Object(App\Controllers\Admin))
#2 C:\Users\Administrador\Documents\Projeto_PAP\system\CodeIgniter.php(326): CodeIgniter\CodeIgniter->handleRequest(NULL, Object(Config\Cache), false)
#3 C:\Users\Administrador\Documents\Projeto_PAP\public\index.php(37): CodeIgniter\CodeIgniter->run()
#4 C:\Users\Administrador\Documents\Projeto_PAP\system\Commands\Server\rewrite.php(43): require_once('C:\\Users\\Admini...')
#5 {main}
CRITICAL - 2022-06-06 06:26:04 --> Too few arguments to function App\Controllers\Admin::apagar_tecnico(), 0 passed in C:\Users\Administrador\Documents\Projeto_PAP\system\CodeIgniter.php on line 832 and exactly 1 expected
#0 C:\Users\Administrador\Documents\Projeto_PAP\system\CodeIgniter.php(832): App\Controllers\Admin->apagar_tecnico()
#1 C:\Users\Administrador\Documents\Projeto_PAP\system\CodeIgniter.php(419): CodeIgniter\CodeIgniter->runController(Object(App\Controllers\Admin))
#2 C:\Users\Administrador\Documents\Projeto_PAP\system\CodeIgniter.php(326): CodeIgniter\CodeIgniter->handleRequest(NULL, Object(Config\Cache), false)
#3 C:\Users\Administrador\Documents\Projeto_PAP\public\index.php(37): CodeIgniter\CodeIgniter->run()
#4 C:\Users\Administrador\Documents\Projeto_PAP\system\Commands\Server\rewrite.php(43): require_once('C:\\Users\\Admini...')
#5 {main}
CRITICAL - 2022-06-06 06:49:02 --> Undefined array key "id_tecnico,nome_tecnico"
#0 C:\Users\Administrador\Documents\Projeto_PAP\app\Controllers\Admin.php(313): CodeIgniter\Debug\Exceptions->errorHandler(2, 'Undefined array...', 'C:\\Users\\Admini...', 313)
#1 C:\Users\Administrador\Documents\Projeto_PAP\system\CodeIgniter.php(832): App\Controllers\Admin->apagar_tecnico('2')
#2 C:\Users\Administrador\Documents\Projeto_PAP\system\CodeIgniter.php(419): CodeIgniter\CodeIgniter->runController(Object(App\Controllers\Admin))
#3 C:\Users\Administrador\Documents\Projeto_PAP\system\CodeIgniter.php(326): CodeIgniter\CodeIgniter->handleRequest(NULL, Object(Config\Cache), false)
#4 C:\Users\Administrador\Documents\Projeto_PAP\public\index.php(37): CodeIgniter\CodeIgniter->run()
#5 C:\Users\Administrador\Documents\Projeto_PAP\system\Commands\Server\rewrite.php(43): require_once('C:\\Users\\Admini...')
#6 {main}
CRITICAL - 2022-06-06 06:49:10 --> Undefined array key "id_tecnico,nome_tecnico"
#0 C:\Users\Administrador\Documents\Projeto_PAP\app\Controllers\Admin.php(313): CodeIgniter\Debug\Exceptions->errorHandler(2, 'Undefined array...', 'C:\\Users\\Admini...', 313)
#1 C:\Users\Administrador\Documents\Projeto_PAP\system\CodeIgniter.php(832): App\Controllers\Admin->apagar_tecnico('5')
#2 C:\Users\Administrador\Documents\Projeto_PAP\system\CodeIgniter.php(419): CodeIgniter\CodeIgniter->runController(Object(App\Controllers\Admin))
#3 C:\Users\Administrador\Documents\Projeto_PAP\system\CodeIgniter.php(326): CodeIgniter\CodeIgniter->handleRequest(NULL, Object(Config\Cache), false)
#4 C:\Users\Administrador\Documents\Projeto_PAP\public\index.php(37): CodeIgniter\CodeIgniter->run()
#5 C:\Users\Administrador\Documents\Projeto_PAP\system\Commands\Server\rewrite.php(43): require_once('C:\\Users\\Admini...')
#6 {main}
CRITICAL - 2022-06-06 06:49:29 --> syntax error, unexpected token "return"
#0 C:\Users\Administrador\Documents\Projeto_PAP\system\Autoloader\Autoloader.php(241): CodeIgniter\Autoloader\Autoloader->includeFile('C:\\Users\\Admini...')
#1 C:\Users\Administrador\Documents\Projeto_PAP\system\Autoloader\Autoloader.php(219): CodeIgniter\Autoloader\Autoloader->loadInNamespace('App\\Controllers...')
#2 [internal function]: CodeIgniter\Autoloader\Autoloader->loadClass('App\\Controllers...')
#3 C:\Users\Administrador\Documents\Projeto_PAP\system\CodeIgniter.php(797): class_exists('\\App\\Controller...', true)
#4 C:\Users\Administrador\Documents\Projeto_PAP\system\CodeIgniter.php(406): CodeIgniter\CodeIgniter->startController()
#5 C:\Users\Administrador\Documents\Projeto_PAP\system\CodeIgniter.php(326): CodeIgniter\CodeIgniter->handleRequest(NULL, Object(Config\Cache), false)
#6 C:\Users\Administrador\Documents\Projeto_PAP\public\index.php(37): CodeIgniter\CodeIgniter->run()
#7 C:\Users\Administrador\Documents\Projeto_PAP\system\Commands\Server\rewrite.php(43): require_once('C:\\Users\\Admini...')
#8 {main}
CRITICAL - 2022-06-06 06:49:53 --> syntax error, unexpected variable "$data"
#0 C:\Users\Administrador\Documents\Projeto_PAP\system\Autoloader\Autoloader.php(241): CodeIgniter\Autoloader\Autoloader->includeFile('C:\\Users\\Admini...')
#1 C:\Users\Administrador\Documents\Projeto_PAP\system\Autoloader\Autoloader.php(219): CodeIgniter\Autoloader\Autoloader->loadInNamespace('App\\Controllers...')
#2 [internal function]: CodeIgniter\Autoloader\Autoloader->loadClass('App\\Controllers...')
#3 C:\Users\Administrador\Documents\Projeto_PAP\system\CodeIgniter.php(797): class_exists('\\App\\Controller...', true)
#4 C:\Users\Administrador\Documents\Projeto_PAP\system\CodeIgniter.php(406): CodeIgniter\CodeIgniter->startController()
#5 C:\Users\Administrador\Documents\Projeto_PAP\system\CodeIgniter.php(326): CodeIgniter\CodeIgniter->handleRequest(NULL, Object(Config\Cache), false)
#6 C:\Users\Administrador\Documents\Projeto_PAP\public\index.php(37): CodeIgniter\CodeIgniter->run()
#7 C:\Users\Administrador\Documents\Projeto_PAP\system\Commands\Server\rewrite.php(43): require_once('C:\\Users\\Admini...')
#8 {main}
CRITICAL - 2022-06-06 06:50:00 --> Array to string conversion
#0 C:\Users\Administrador\Documents\Projeto_PAP\app\Controllers\Admin.php(313): CodeIgniter\Debug\Exceptions->errorHandler(2, 'Array to string...', 'C:\\Users\\Admini...', 313)
#1 C:\Users\Administrador\Documents\Projeto_PAP\system\CodeIgniter.php(832): App\Controllers\Admin->apagar_tecnico('5')
#2 C:\Users\Administrador\Documents\Projeto_PAP\system\CodeIgniter.php(419): CodeIgniter\CodeIgniter->runController(Object(App\Controllers\Admin))
#3 C:\Users\Administrador\Documents\Projeto_PAP\system\CodeIgniter.php(326): CodeIgniter\CodeIgniter->handleRequest(NULL, Object(Config\Cache), false)
#4 C:\Users\Administrador\Documents\Projeto_PAP\public\index.php(37): CodeIgniter\CodeIgniter->run()
#5 C:\Users\Administrador\Documents\Projeto_PAP\system\Commands\Server\rewrite.php(43): require_once('C:\\Users\\Admini...')
#6 {main}
CRITICAL - 2022-06-06 08:20:28 --> Undefined array key "nome_tecnico,id_tecnico"
#0 C:\Users\Administrador\Documents\Projeto_PAP\app\Controllers\Admin.php(255): CodeIgniter\Debug\Exceptions->errorHandler(2, 'Undefined array...', 'C:\\Users\\Admini...', 255)
#1 C:\Users\Administrador\Documents\Projeto_PAP\system\CodeIgniter.php(832): App\Controllers\Admin->pagina_atualizar_tecnico('9')
#2 C:\Users\Administrador\Documents\Projeto_PAP\system\CodeIgniter.php(419): CodeIgniter\CodeIgniter->runController(Object(App\Controllers\Admin))
#3 C:\Users\Administrador\Documents\Projeto_PAP\system\CodeIgniter.php(326): CodeIgniter\CodeIgniter->handleRequest(NULL, Object(Config\Cache), false)
#4 C:\Users\Administrador\Documents\Projeto_PAP\public\index.php(37): CodeIgniter\CodeIgniter->run()
#5 C:\Users\Administrador\Documents\Projeto_PAP\system\Commands\Server\rewrite.php(43): require_once('C:\\Users\\Admini...')
#6 {main}
CRITICAL - 2022-06-06 08:21:09 --> Undefined variable $nome_tecnicos
#0 C:\Users\Administrador\Documents\Projeto_PAP\app\Views\Admin\atualizar_tecnico.php(16): CodeIgniter\Debug\Exceptions->errorHandler(2, 'Undefined varia...', 'C:\\Users\\Admini...', 16)
#1 C:\Users\Administrador\Documents\Projeto_PAP\system\View\View.php(210): include('C:\\Users\\Admini...')
#2 C:\Users\Administrador\Documents\Projeto_PAP\system\View\View.php(213): CodeIgniter\View\View->CodeIgniter\View\{closure}()
#3 C:\Users\Administrador\Documents\Projeto_PAP\system\Common.php(1089): CodeIgniter\View\View->render('admin/atualizar...', Array, true)
#4 C:\Users\Administrador\Documents\Projeto_PAP\app\Controllers\Admin.php(255): view('admin/atualizar...', Array)
#5 C:\Users\Administrador\Documents\Projeto_PAP\system\CodeIgniter.php(832): App\Controllers\Admin->pagina_atualizar_tecnico('9')
#6 C:\Users\Administrador\Documents\Projeto_PAP\system\CodeIgniter.php(419): CodeIgniter\CodeIgniter->runController(Object(App\Controllers\Admin))
#7 C:\Users\Administrador\Documents\Projeto_PAP\system\CodeIgniter.php(326): CodeIgniter\CodeIgniter->handleRequest(NULL, Object(Config\Cache), false)
#8 C:\Users\Administrador\Documents\Projeto_PAP\public\index.php(37): CodeIgniter\CodeIgniter->run()
#9 C:\Users\Administrador\Documents\Projeto_PAP\system\Commands\Server\rewrite.php(43): require_once('C:\\Users\\Admini...')
#10 {main}
CRITICAL - 2022-06-06 08:28:25 --> Attempt to read property "id_tecnico" on string
#0 C:\Users\Administrador\Documents\Projeto_PAP\app\Views\Admin\atualizar_tecnico.php(16): CodeIgniter\Debug\Exceptions->errorHandler(2, 'Attempt to read...', 'C:\\Users\\Admini...', 16)
#1 C:\Users\Administrador\Documents\Projeto_PAP\system\View\View.php(210): include('C:\\Users\\Admini...')
#2 C:\Users\Administrador\Documents\Projeto_PAP\system\View\View.php(213): CodeIgniter\View\View->CodeIgniter\View\{closure}()
#3 C:\Users\Administrador\Documents\Projeto_PAP\system\Common.php(1089): CodeIgniter\View\View->render('admin/atualizar...', Array, true)
#4 C:\Users\Administrador\Documents\Projeto_PAP\app\Controllers\Admin.php(255): view('admin/atualizar...', Array)
#5 C:\Users\Administrador\Documents\Projeto_PAP\system\CodeIgniter.php(832): App\Controllers\Admin->pagina_atualizar_tecnico('4')
#6 C:\Users\Administrador\Documents\Projeto_PAP\system\CodeIgniter.php(419): CodeIgniter\CodeIgniter->runController(Object(App\Controllers\Admin))
#7 C:\Users\Administrador\Documents\Projeto_PAP\system\CodeIgniter.php(326): CodeIgniter\CodeIgniter->handleRequest(NULL, Object(Config\Cache), false)
#8 C:\Users\Administrador\Documents\Projeto_PAP\public\index.php(37): CodeIgniter\CodeIgniter->run()
#9 C:\Users\Administrador\Documents\Projeto_PAP\system\Commands\Server\rewrite.php(43): require_once('C:\\Users\\Admini...')
#10 {main}
CRITICAL - 2022-06-06 08:37:14 --> Undefined property: stdClass::$estado
#0 C:\Users\Administrador\Documents\Projeto_PAP\app\Views\Admin\tabela_tecnicos.php(41): CodeIgniter\Debug\Exceptions->errorHandler(2, 'Undefined prope...', 'C:\\Users\\Admini...', 41)
#1 C:\Users\Administrador\Documents\Projeto_PAP\system\View\View.php(210): include('C:\\Users\\Admini...')
#2 C:\Users\Administrador\Documents\Projeto_PAP\system\View\View.php(213): CodeIgniter\View\View->CodeIgniter\View\{closure}()
#3 C:\Users\Administrador\Documents\Projeto_PAP\system\Common.php(1089): CodeIgniter\View\View->render('admin/tabela_te...', Array, true)
#4 C:\Users\Administrador\Documents\Projeto_PAP\app\Controllers\Admin.php(393): view('admin/tabela_te...', Array)
#5 C:\Users\Administrador\Documents\Projeto_PAP\system\CodeIgniter.php(832): App\Controllers\Admin->pagina_tabela_tecnicos()
#6 C:\Users\Administrador\Documents\Projeto_PAP\system\CodeIgniter.php(419): CodeIgniter\CodeIgniter->runController(Object(App\Controllers\Admin))
#7 C:\Users\Administrador\Documents\Projeto_PAP\system\CodeIgniter.php(326): CodeIgniter\CodeIgniter->handleRequest(NULL, Object(Config\Cache), false)
#8 C:\Users\Administrador\Documents\Projeto_PAP\public\index.php(37): CodeIgniter\CodeIgniter->run()
#9 C:\Users\Administrador\Documents\Projeto_PAP\system\Commands\Server\rewrite.php(43): require_once('C:\\Users\\Admini...')
#10 {main}
CRITICAL - 2022-06-06 08:39:07 --> Object of class App\Models\Tecnicos could not be converted to string
#0 C:\Users\Administrador\Documents\Projeto_PAP\system\CodeIgniter.php(832): App\Controllers\Admin->apagar_tecnico('9')
#1 C:\Users\Administrador\Documents\Projeto_PAP\system\CodeIgniter.php(419): CodeIgniter\CodeIgniter->runController(Object(App\Controllers\Admin))
#2 C:\Users\Administrador\Documents\Projeto_PAP\system\CodeIgniter.php(326): CodeIgniter\CodeIgniter->handleRequest(NULL, Object(Config\Cache), false)
#3 C:\Users\Administrador\Documents\Projeto_PAP\public\index.php(37): CodeIgniter\CodeIgniter->run()
#4 C:\Users\Administrador\Documents\Projeto_PAP\system\Commands\Server\rewrite.php(43): require_once('C:\\Users\\Admini...')
#5 {main}
CRITICAL - 2022-06-06 08:46:24 --> Cannot use isset() on the result of an expression (you can use "null !== expression" instead)
#0 [internal function]: CodeIgniter\Debug\Exceptions->shutdownHandler()
#1 {main}
CRITICAL - 2022-06-06 08:46:35 --> Cannot use isset() on the result of an expression (you can use "null !== expression" instead)
#0 [internal function]: CodeIgniter\Debug\Exceptions->shutdownHandler()
#1 {main}
ERROR - 2022-06-06 08:49:50 --> Unknown column 'estado' in 'where clause'
CRITICAL - 2022-06-06 08:49:50 --> Unknown column 'estado' in 'where clause'
#0 C:\Users\Administrador\Documents\Projeto_PAP\system\Database\MySQLi\Connection.php(292): mysqli->query('SELECT id_tecni...', 0)
#1 C:\Users\Administrador\Documents\Projeto_PAP\system\Database\BaseConnection.php(670): CodeIgniter\Database\MySQLi\Connection->execute('SELECT id_tecni...')
#2 C:\Users\Administrador\Documents\Projeto_PAP\system\Database\BaseConnection.php(598): CodeIgniter\Database\BaseConnection->simpleQuery('SELECT id_tecni...')
#3 C:\Users\Administrador\Documents\Projeto_PAP\app\Models\Tecnicos.php(17): CodeIgniter\Database\BaseConnection->query('SELECT id_tecni...')
#4 C:\Users\Administrador\Documents\Projeto_PAP\app\Controllers\Admin.php(181): App\Models\Tecnicos->buscar_nome_tecnico()
#5 C:\Users\Administrador\Documents\Projeto_PAP\system\CodeIgniter.php(832): App\Controllers\Admin->pagina_inserir_tecnico()
#6 C:\Users\Administrador\Documents\Projeto_PAP\system\CodeIgniter.php(419): CodeIgniter\CodeIgniter->runController(Object(App\Controllers\Admin))
#7 C:\Users\Administrador\Documents\Projeto_PAP\system\CodeIgniter.php(326): CodeIgniter\CodeIgniter->handleRequest(NULL, Object(Config\Cache), false)
#8 C:\Users\Administrador\Documents\Projeto_PAP\public\index.php(37): CodeIgniter\CodeIgniter->run()
#9 C:\Users\Administrador\Documents\Projeto_PAP\system\Commands\Server\rewrite.php(43): require_once('C:\\Users\\Admini...')
#10 {main}
CRITICAL - 2022-06-06 09:05:52 --> Deletes are not allowed unless they contain a "where" or "like" clause.
#0 C:\Users\Administrador\Documents\Projeto_PAP\system\Model.php(359): CodeIgniter\Database\BaseBuilder->delete()
#1 C:\Users\Administrador\Documents\Projeto_PAP\system\BaseModel.php(963): CodeIgniter\Model->doDelete(NULL, false)
#2 C:\Users\Administrador\Documents\Projeto_PAP\app\Controllers\Admin.php(289): CodeIgniter\BaseModel->delete(NULL)
#3 C:\Users\Administrador\Documents\Projeto_PAP\system\CodeIgniter.php(832): App\Controllers\Admin->apagar_tecnico('14')
#4 C:\Users\Administrador\Documents\Projeto_PAP\system\CodeIgniter.php(419): CodeIgniter\CodeIgniter->runController(Object(App\Controllers\Admin))
#5 C:\Users\Administrador\Documents\Projeto_PAP\system\CodeIgniter.php(326): CodeIgniter\CodeIgniter->handleRequest(NULL, Object(Config\Cache), false)
#6 C:\Users\Administrador\Documents\Projeto_PAP\public\index.php(37): CodeIgniter\CodeIgniter->run()
#7 C:\Users\Administrador\Documents\Projeto_PAP\system\Commands\Server\rewrite.php(43): require_once('C:\\Users\\Admini...')
#8 {main}
CRITICAL - 2022-06-06 09:06:21 --> Deletes are not allowed unless they contain a "where" or "like" clause.
#0 C:\Users\Administrador\Documents\Projeto_PAP\system\Model.php(359): CodeIgniter\Database\BaseBuilder->delete()
#1 C:\Users\Administrador\Documents\Projeto_PAP\system\BaseModel.php(963): CodeIgniter\Model->doDelete(NULL, false)
#2 C:\Users\Administrador\Documents\Projeto_PAP\app\Controllers\Admin.php(289): CodeIgniter\BaseModel->delete(NULL)
#3 C:\Users\Administrador\Documents\Projeto_PAP\system\CodeIgniter.php(832): App\Controllers\Admin->apagar_tecnico('14')
#4 C:\Users\Administrador\Documents\Projeto_PAP\system\CodeIgniter.php(419): CodeIgniter\CodeIgniter->runController(Object(App\Controllers\Admin))
#5 C:\Users\Administrador\Documents\Projeto_PAP\system\CodeIgniter.php(326): CodeIgniter\CodeIgniter->handleRequest(NULL, Object(Config\Cache), false)
#6 C:\Users\Administrador\Documents\Projeto_PAP\public\index.php(37): CodeIgniter\CodeIgniter->run()
#7 C:\Users\Administrador\Documents\Projeto_PAP\system\Commands\Server\rewrite.php(43): require_once('C:\\Users\\Admini...')
#8 {main}
CRITICAL - 2022-06-06 09:08:24 --> Deletes are not allowed unless they contain a "where" or "like" clause.
#0 C:\Users\Administrador\Documents\Projeto_PAP\system\Model.php(359): CodeIgniter\Database\BaseBuilder->delete()
#1 C:\Users\Administrador\Documents\Projeto_PAP\system\BaseModel.php(963): CodeIgniter\Model->doDelete(NULL, false)
#2 C:\Users\Administrador\Documents\Projeto_PAP\app\Controllers\Admin.php(289): CodeIgniter\BaseModel->delete(NULL)
#3 C:\Users\Administrador\Documents\Projeto_PAP\system\CodeIgniter.php(832): App\Controllers\Admin->apagar_tecnico('16')
#4 C:\Users\Administrador\Documents\Projeto_PAP\system\CodeIgniter.php(419): CodeIgniter\CodeIgniter->runController(Object(App\Controllers\Admin))
#5 C:\Users\Administrador\Documents\Projeto_PAP\system\CodeIgniter.php(326): CodeIgniter\CodeIgniter->handleRequest(NULL, Object(Config\Cache), false)
#6 C:\Users\Administrador\Documents\Projeto_PAP\public\index.php(37): CodeIgniter\CodeIgniter->run()
#7 C:\Users\Administrador\Documents\Projeto_PAP\system\Commands\Server\rewrite.php(43): require_once('C:\\Users\\Admini...')
#8 {main}
CRITICAL - 2022-06-06 09:12:31 --> Cannot use isset() on the result of an expression (you can use "null !== expression" instead)
#0 [internal function]: CodeIgniter\Debug\Exceptions->shutdownHandler()
#1 {main}
CRITICAL - 2022-06-06 09:14:07 --> Cannot use isset() on the result of an expression (you can use "null !== expression" instead)
#0 [internal function]: CodeIgniter\Debug\Exceptions->shutdownHandler()
#1 {main}
CRITICAL - 2022-06-06 09:14:08 --> Cannot use isset() on the result of an expression (you can use "null !== expression" instead)
#0 [internal function]: CodeIgniter\Debug\Exceptions->shutdownHandler()
#1 {main}
CRITICAL - 2022-06-06 09:23:27 --> Trying to access array offset on value of type null
#0 C:\Users\Administrador\Documents\Projeto_PAP\app\Controllers\Admin.php(234): CodeIgniter\Debug\Exceptions->errorHandler(2, 'Trying to acces...', 'C:\\Users\\Admini...', 234)
#1 C:\Users\Administrador\Documents\Projeto_PAP\system\CodeIgniter.php(832): App\Controllers\Admin->pagina_atualizar_tecnico('')
#2 C:\Users\Administrador\Documents\Projeto_PAP\system\CodeIgniter.php(419): CodeIgniter\CodeIgniter->runController(Object(App\Controllers\Admin))
#3 C:\Users\Administrador\Documents\Projeto_PAP\system\CodeIgniter.php(326): CodeIgniter\CodeIgniter->handleRequest(NULL, Object(Config\Cache), false)
#4 C:\Users\Administrador\Documents\Projeto_PAP\public\index.php(37): CodeIgniter\CodeIgniter->run()
#5 C:\Users\Administrador\Documents\Projeto_PAP\system\Commands\Server\rewrite.php(43): require_once('C:\\Users\\Admini...')
#6 {main}
CRITICAL - 2022-06-06 09:25:38 --> Invalid file: admin/atualizar_tecnico/.php
#0 C:\Users\Administrador\Documents\Projeto_PAP\system\View\View.php(198): CodeIgniter\Exceptions\FrameworkException::forInvalidFile('admin/atualizar...')
#1 C:\Users\Administrador\Documents\Projeto_PAP\system\Common.php(1089): CodeIgniter\View\View->render('admin/atualizar...', Array, true)
#2 C:\Users\Administrador\Documents\Projeto_PAP\app\Controllers\Admin.php(234): view('admin/atualizar...', Array)
#3 C:\Users\Administrador\Documents\Projeto_PAP\system\CodeIgniter.php(832): App\Controllers\Admin->pagina_atualizar_tecnico('22')
#4 C:\Users\Administrador\Documents\Projeto_PAP\system\CodeIgniter.php(419): CodeIgniter\CodeIgniter->runController(Object(App\Controllers\Admin))
#5 C:\Users\Administrador\Documents\Projeto_PAP\system\CodeIgniter.php(326): CodeIgniter\CodeIgniter->handleRequest(NULL, Object(Config\Cache), false)
#6 C:\Users\Administrador\Documents\Projeto_PAP\public\index.php(37): CodeIgniter\CodeIgniter->run()
#7 C:\Users\Administrador\Documents\Projeto_PAP\system\Commands\Server\rewrite.php(43): require_once('C:\\Users\\Admini...')
#8 {main}
CRITICAL - 2022-06-06 09:48:11 --> Undefined property: stdClass::$estado
#0 C:\Users\Administrador\Documents\Projeto_PAP\app\Views\Admin\tabela_jogadores.php(37): CodeIgniter\Debug\Exceptions->errorHandler(2, 'Undefined prope...', 'C:\\Users\\Admini...', 37)
#1 C:\Users\Administrador\Documents\Projeto_PAP\system\View\View.php(210): include('C:\\Users\\Admini...')
#2 C:\Users\Administrador\Documents\Projeto_PAP\system\View\View.php(213): CodeIgniter\View\View->CodeIgniter\View\{closure}()
#3 C:\Users\Administrador\Documents\Projeto_PAP\system\Common.php(1089): CodeIgniter\View\View->render('admin/tabela_jo...', Array, true)
#4 C:\Users\Administrador\Documents\Projeto_PAP\app\Controllers\Admin.php(348): view('admin/tabela_jo...', Array)
#5 C:\Users\Administrador\Documents\Projeto_PAP\system\CodeIgniter.php(832): App\Controllers\Admin->pagina_tabela_jogadores()
#6 C:\Users\Administrador\Documents\Projeto_PAP\system\CodeIgniter.php(419): CodeIgniter\CodeIgniter->runController(Object(App\Controllers\Admin))
#7 C:\Users\Administrador\Documents\Projeto_PAP\system\CodeIgniter.php(326): CodeIgniter\CodeIgniter->handleRequest(NULL, Object(Config\Cache), false)
#8 C:\Users\Administrador\Documents\Projeto_PAP\public\index.php(37): CodeIgniter\CodeIgniter->run()
#9 C:\Users\Administrador\Documents\Projeto_PAP\system\Commands\Server\rewrite.php(43): require_once('C:\\Users\\Admini...')
#10 {main}
ERROR - 2022-06-06 09:48:27 --> Unknown column 'jogadores.estado' in 'where clause'
CRITICAL - 2022-06-06 09:48:27 --> Unknown column 'jogadores.estado' in 'where clause'
#0 C:\Users\Administrador\Documents\Projeto_PAP\system\Database\MySQLi\Connection.php(292): mysqli->query('select id_jogad...', 0)
#1 C:\Users\Administrador\Documents\Projeto_PAP\system\Database\BaseConnection.php(670): CodeIgniter\Database\MySQLi\Connection->execute('select id_jogad...')
#2 C:\Users\Administrador\Documents\Projeto_PAP\system\Database\BaseConnection.php(598): CodeIgniter\Database\BaseConnection->simpleQuery('select id_jogad...')
#3 C:\Users\Administrador\Documents\Projeto_PAP\app\Models\Jogadores.php(35): CodeIgniter\Database\BaseConnection->query('select id_jogad...')
#4 C:\Users\Administrador\Documents\Projeto_PAP\app\Controllers\Admin.php(74): App\Models\Jogadores->buscar_nomes_jogadores()
#5 C:\Users\Administrador\Documents\Projeto_PAP\system\CodeIgniter.php(832): App\Controllers\Admin->pagina_atualizar_dados_jogadores()
#6 C:\Users\Administrador\Documents\Projeto_PAP\system\CodeIgniter.php(419): CodeIgniter\CodeIgniter->runController(Object(App\Controllers\Admin))
#7 C:\Users\Administrador\Documents\Projeto_PAP\system\CodeIgniter.php(326): CodeIgniter\CodeIgniter->handleRequest(NULL, Object(Config\Cache), false)
#8 C:\Users\Administrador\Documents\Projeto_PAP\public\index.php(37): CodeIgniter\CodeIgniter->run()
#9 C:\Users\Administrador\Documents\Projeto_PAP\system\Commands\Server\rewrite.php(43): require_once('C:\\Users\\Admini...')
#10 {main}
CRITICAL - 2022-06-06 10:05:06 --> Invalid file: http://localhost:8080/header2.php
#0 C:\Users\Administrador\Documents\Projeto_PAP\system\View\View.php(198): CodeIgniter\Exceptions\FrameworkException::forInvalidFile('http://localhos...')
#1 C:\Users\Administrador\Documents\Projeto_PAP\system\Common.php(1089): CodeIgniter\View\View->render('http://localhos...', Array, true)
#2 C:\Users\Administrador\Documents\Projeto_PAP\app\Controllers\Admin.php(231): view('http://localhos...')
#3 C:\Users\Administrador\Documents\Projeto_PAP\system\CodeIgniter.php(832): App\Controllers\Admin->pagina_atualizar_tecnico('3')
#4 C:\Users\Administrador\Documents\Projeto_PAP\system\CodeIgniter.php(419): CodeIgniter\CodeIgniter->runController(Object(App\Controllers\Admin))
#5 C:\Users\Administrador\Documents\Projeto_PAP\system\CodeIgniter.php(326): CodeIgniter\CodeIgniter->handleRequest(NULL, Object(Config\Cache), false)
#6 C:\Users\Administrador\Documents\Projeto_PAP\public\index.php(37): CodeIgniter\CodeIgniter->run()
#7 C:\Users\Administrador\Documents\Projeto_PAP\system\Commands\Server\rewrite.php(43): require_once('C:\\Users\\Admini...')
#8 {main}
CRITICAL - 2022-06-06 10:07:53 --> Invalid file: http://localhost:8080/header2.php
#0 C:\Users\Administrador\Documents\Projeto_PAP\system\View\View.php(198): CodeIgniter\Exceptions\FrameworkException::forInvalidFile('http://localhos...')
#1 C:\Users\Administrador\Documents\Projeto_PAP\system\Common.php(1089): CodeIgniter\View\View->render('http://localhos...', Array, true)
#2 C:\Users\Administrador\Documents\Projeto_PAP\app\Controllers\Admin.php(231): view('http://localhos...')
#3 C:\Users\Administrador\Documents\Projeto_PAP\system\CodeIgniter.php(832): App\Controllers\Admin->pagina_atualizar_tecnico('3')
#4 C:\Users\Administrador\Documents\Projeto_PAP\system\CodeIgniter.php(419): CodeIgniter\CodeIgniter->runController(Object(App\Controllers\Admin))
#5 C:\Users\Administrador\Documents\Projeto_PAP\system\CodeIgniter.php(326): CodeIgniter\CodeIgniter->handleRequest(NULL, Object(Config\Cache), false)
#6 C:\Users\Administrador\Documents\Projeto_PAP\public\index.php(37): CodeIgniter\CodeIgniter->run()
#7 C:\Users\Administrador\Documents\Projeto_PAP\system\Commands\Server\rewrite.php(43): require_once('C:\\Users\\Admini...')
#8 {main}
CRITICAL - 2022-06-06 10:38:45 --> There is no data to update.
#0 C:\Users\Administrador\Documents\Projeto_PAP\system\BaseModel.php(1574): CodeIgniter\Database\Exceptions\DataException::forEmptyDataset('update')
#1 C:\Users\Administrador\Documents\Projeto_PAP\system\BaseModel.php(832): CodeIgniter\BaseModel->transformDataToArray(NULL, 'update')
#2 C:\Users\Administrador\Documents\Projeto_PAP\system\Model.php(651): CodeIgniter\BaseModel->update(Array, NULL)
#3 C:\Users\Administrador\Documents\Projeto_PAP\app\Controllers\Admin.php(263): CodeIgniter\Model->update(Array)
#4 C:\Users\Administrador\Documents\Projeto_PAP\system\CodeIgniter.php(832): App\Controllers\Admin->atualizar_dados_tecnicos()
#5 C:\Users\Administrador\Documents\Projeto_PAP\system\CodeIgniter.php(419): CodeIgniter\CodeIgniter->runController(Object(App\Controllers\Admin))
#6 C:\Users\Administrador\Documents\Projeto_PAP\system\CodeIgniter.php(326): CodeIgniter\CodeIgniter->handleRequest(NULL, Object(Config\Cache), false)
#7 C:\Users\Administrador\Documents\Projeto_PAP\public\index.php(37): CodeIgniter\CodeIgniter->run()
#8 C:\Users\Administrador\Documents\Projeto_PAP\system\Commands\Server\rewrite.php(43): require_once('C:\\Users\\Admini...')
#9 {main}
CRITICAL - 2022-06-06 10:39:40 --> Allowed fields must be specified for model: App\Models\Tecnicos
#0 C:\Users\Administrador\Documents\Projeto_PAP\system\BaseModel.php(1138): CodeIgniter\Database\Exceptions\DataException::forInvalidAllowedFields('App\\Models\\Tecn...')
#1 C:\Users\Administrador\Documents\Projeto_PAP\system\BaseModel.php(841): CodeIgniter\BaseModel->doProtectFields(Array)
#2 C:\Users\Administrador\Documents\Projeto_PAP\system\Model.php(651): CodeIgniter\BaseModel->update(NULL, Array)
#3 C:\Users\Administrador\Documents\Projeto_PAP\app\Controllers\Admin.php(261): CodeIgniter\Model->update(NULL, Array)
#4 C:\Users\Administrador\Documents\Projeto_PAP\system\CodeIgniter.php(832): App\Controllers\Admin->atualizar_dados_tecnicos()
#5 C:\Users\Administrador\Documents\Projeto_PAP\system\CodeIgniter.php(419): CodeIgniter\CodeIgniter->runController(Object(App\Controllers\Admin))
#6 C:\Users\Administrador\Documents\Projeto_PAP\system\CodeIgniter.php(326): CodeIgniter\CodeIgniter->handleRequest(NULL, Object(Config\Cache), false)
#7 C:\Users\Administrador\Documents\Projeto_PAP\public\index.php(37): CodeIgniter\CodeIgniter->run()
#8 C:\Users\Administrador\Documents\Projeto_PAP\system\Commands\Server\rewrite.php(43): require_once('C:\\Users\\Admini...')
#9 {main}
CRITICAL - 2022-06-06 10:39:42 --> Allowed fields must be specified for model: App\Models\Tecnicos
#0 C:\Users\Administrador\Documents\Projeto_PAP\system\BaseModel.php(1138): CodeIgniter\Database\Exceptions\DataException::forInvalidAllowedFields('App\\Models\\Tecn...')
#1 C:\Users\Administrador\Documents\Projeto_PAP\system\BaseModel.php(841): CodeIgniter\BaseModel->doProtectFields(Array)
#2 C:\Users\Administrador\Documents\Projeto_PAP\system\Model.php(651): CodeIgniter\BaseModel->update(NULL, Array)
#3 C:\Users\Administrador\Documents\Projeto_PAP\app\Controllers\Admin.php(261): CodeIgniter\Model->update(NULL, Array)
#4 C:\Users\Administrador\Documents\Projeto_PAP\system\CodeIgniter.php(832): App\Controllers\Admin->atualizar_dados_tecnicos()
#5 C:\Users\Administrador\Documents\Projeto_PAP\system\CodeIgniter.php(419): CodeIgniter\CodeIgniter->runController(Object(App\Controllers\Admin))
#6 C:\Users\Administrador\Documents\Projeto_PAP\system\CodeIgniter.php(326): CodeIgniter\CodeIgniter->handleRequest(NULL, Object(Config\Cache), false)
#7 C:\Users\Administrador\Documents\Projeto_PAP\public\index.php(37): CodeIgniter\CodeIgniter->run()
#8 C:\Users\Administrador\Documents\Projeto_PAP\system\Commands\Server\rewrite.php(43): require_once('C:\\Users\\Admini...')
#9 {main}
CRITICAL - 2022-06-06 10:43:00 --> Undefined variable $id_column
#0 C:\Users\Administrador\Documents\Projeto_PAP\app\Views\Admin\atualizar_tecnico.php(15): CodeIgniter\Debug\Exceptions->errorHandler(2, 'Undefined varia...', 'C:\\Users\\Admini...', 15)
#1 C:\Users\Administrador\Documents\Projeto_PAP\system\View\View.php(210): include('C:\\Users\\Admini...')
#2 C:\Users\Administrador\Documents\Projeto_PAP\system\View\View.php(213): CodeIgniter\View\View->CodeIgniter\View\{closure}()
#3 C:\Users\Administrador\Documents\Projeto_PAP\system\Common.php(1089): CodeIgniter\View\View->render('admin/atualizar...', Array, true)
#4 C:\Users\Administrador\Documents\Projeto_PAP\app\Controllers\Admin.php(232): view('admin/atualizar...', Array)
#5 C:\Users\Administrador\Documents\Projeto_PAP\system\CodeIgniter.php(832): App\Controllers\Admin->pagina_atualizar_tecnico('22')
#6 C:\Users\Administrador\Documents\Projeto_PAP\system\CodeIgniter.php(419): CodeIgniter\CodeIgniter->runController(Object(App\Controllers\Admin))
#7 C:\Users\Administrador\Documents\Projeto_PAP\system\CodeIgniter.php(326): CodeIgniter\CodeIgniter->handleRequest(NULL, Object(Config\Cache), false)
#8 C:\Users\Administrador\Documents\Projeto_PAP\public\index.php(37): CodeIgniter\CodeIgniter->run()
#9 C:\Users\Administrador\Documents\Projeto_PAP\system\Commands\Server\rewrite.php(43): require_once('C:\\Users\\Admini...')
#10 {main}
CRITICAL - 2022-06-06 10:44:56 --> Too few arguments to function App\Controllers\Admin::atualizar_dados_tecnicos(), 0 passed in C:\Users\Administrador\Documents\Projeto_PAP\system\CodeIgniter.php on line 832 and exactly 1 expected
#0 C:\Users\Administrador\Documents\Projeto_PAP\system\CodeIgniter.php(832): App\Controllers\Admin->atualizar_dados_tecnicos()
#1 C:\Users\Administrador\Documents\Projeto_PAP\system\CodeIgniter.php(419): CodeIgniter\CodeIgniter->runController(Object(App\Controllers\Admin))
#2 C:\Users\Administrador\Documents\Projeto_PAP\system\CodeIgniter.php(326): CodeIgniter\CodeIgniter->handleRequest(NULL, Object(Config\Cache), false)
#3 C:\Users\Administrador\Documents\Projeto_PAP\public\index.php(37): CodeIgniter\CodeIgniter->run()
#4 C:\Users\Administrador\Documents\Projeto_PAP\system\Commands\Server\rewrite.php(43): require_once('C:\\Users\\Admini...')
#5 {main}
